2025-06-20 11:01:30,020 [INFO] Activator:176 - 


2025-06-20 11:01:30,026 [INFO] Activator:177 - !SESSION log4j initialized
2025-06-20 11:01:36,134 [INFO] LogOutputStream:77 - [STDOUT_REDIRECT] 
2025-06-20 11:01:37,922 [INFO] ApplicationProperties:184 - Using Application install path: D:\software\STM32CubeIDE_1.18.1\STM32CubeIDE\plugins\com.st.stm32cube.common.mx_6.14.1.202504091515
2025-06-20 11:01:37,938 [INFO] DbMcusXml:78 - Set database path to: D:\software\STM32CubeIDE_1.18.1\STM32CubeIDE\plugins\com.st.stm32cube.common.mx_6.14.1.202504091515\\db\/mcu/
2025-06-20 11:01:37,939 [INFO] ApiDb:274 - Set plugin database path to: D:\software\STM32CubeIDE_1.18.1\STM32CubeIDE\plugins\com.st.stm32cube.common.mx_6.14.1.202504091515\\db\/plugins/boardmanager/
2025-06-20 11:01:37,939 [WARN] ApiDb:259 - Overriding images path with different value:  => D:\software\STM32CubeIDE_1.18.1\STM32CubeIDE\plugins\com.st.stm32cube.common.mx_6.14.1.202504091515\\db\/plugins/mcufinder/images/
2025-06-20 11:01:37,945 [INFO] ApiDb:250 - Set database path to: C:\Users\luoyipeng\.stmcufinder\plugins\mcufinder//mcu/
2025-06-20 11:01:37,946 [INFO] DbMcusAds:125 - Set database path to: C:\Users\luoyipeng\.stmcufinder\plugins\mcufinder//mcu/
2025-06-20 11:01:37,947 [INFO] CrossReferenceDbSqlite:203 - Set database path to: C:\Users\luoyipeng\.stmcufinder\plugins\mcufinder//mcu/cs/
2025-06-20 11:01:38,047 [INFO] RulesReader:64 - Compatibility file has been processed (302 Rules)
2025-06-20 11:01:38,124 [INFO] DbMcusXml:78 - Set database path to: D:\software\STM32CubeIDE_1.18.1\STM32CubeIDE\plugins\com.st.stm32cube.common.mx_6.14.1.202504091515\\db\/mcu/
2025-06-20 11:01:38,124 [INFO] ApiDb:274 - Set plugin database path to: D:\software\STM32CubeIDE_1.18.1\STM32CubeIDE\plugins\com.st.stm32cube.common.mx_6.14.1.202504091515\\db\/plugins/boardmanager/
2025-06-20 11:01:38,124 [INFO] ApiDb:261 - Set plugin images path to: D:\software\STM32CubeIDE_1.18.1\STM32CubeIDE\plugins\com.st.stm32cube.common.mx_6.14.1.202504091515\\db\/plugins/mcufinder/images/
2025-06-20 11:01:38,124 [WARN] DbFile:41 - Overriding database path with different value: C:\Users\luoyipeng\.stmcufinder\plugins\mcufinder/ => C:\Users\luoyipeng\.stmcufinder\plugins\mcufinder
2025-06-20 11:01:38,124 [INFO] ApiDb:250 - Set database path to: C:\Users\luoyipeng\.stmcufinder\plugins\mcufinder//mcu/
2025-06-20 11:01:38,124 [WARN] DbFile:41 - Overriding database path with different value: C:\Users\luoyipeng\.stmcufinder\plugins\mcufinder/ => C:\Users\luoyipeng\.stmcufinder\plugins\mcufinder
2025-06-20 11:01:38,124 [INFO] DbMcusAds:125 - Set database path to: C:\Users\luoyipeng\.stmcufinder\plugins\mcufinder//mcu/
2025-06-20 11:01:38,124 [WARN] DbFile:41 - Overriding database path with different value: C:\Users\luoyipeng\.stmcufinder\plugins\mcufinder/ => C:\Users\luoyipeng\.stmcufinder\plugins\mcufinder
2025-06-20 11:01:38,124 [WARN] DbFile:41 - Overriding database path with different value: C:\Users\luoyipeng\.stmcufinder\plugins\mcufinder/ => C:\Users\luoyipeng\.stmcufinder\plugins\mcufinder
2025-06-20 11:01:38,124 [INFO] CrossReferenceDbSqlite:203 - Set database path to: C:\Users\luoyipeng\.stmcufinder\plugins\mcufinder//mcu/cs/
2025-06-20 11:01:38,199 [INFO] MainPanel:272 - HeapMemory: 268435456
2025-06-20 11:01:38,300 [INFO] DbMcusXml:78 - Set database path to: D:\software\STM32CubeIDE_1.18.1\STM32CubeIDE\plugins\com.st.stm32cube.common.mx_6.14.1.202504091515\\db\/mcu/
2025-06-20 11:01:38,300 [INFO] ApiDb:274 - Set plugin database path to: D:\software\STM32CubeIDE_1.18.1\STM32CubeIDE\plugins\com.st.stm32cube.common.mx_6.14.1.202504091515\\db\/plugins/boardmanager/
2025-06-20 11:01:38,300 [INFO] ApiDb:261 - Set plugin images path to: D:\software\STM32CubeIDE_1.18.1\STM32CubeIDE\plugins\com.st.stm32cube.common.mx_6.14.1.202504091515\\db\/plugins/mcufinder/images/
2025-06-20 11:01:38,300 [WARN] DbFile:41 - Overriding database path with different value: C:\Users\luoyipeng\.stmcufinder\plugins\mcufinder/ => C:\Users\luoyipeng\.stmcufinder\plugins\mcufinder
2025-06-20 11:01:38,300 [INFO] ApiDb:250 - Set database path to: C:\Users\luoyipeng\.stmcufinder\plugins\mcufinder//mcu/
2025-06-20 11:01:38,301 [WARN] DbFile:41 - Overriding database path with different value: C:\Users\luoyipeng\.stmcufinder\plugins\mcufinder/ => C:\Users\luoyipeng\.stmcufinder\plugins\mcufinder
2025-06-20 11:01:38,301 [INFO] DbMcusAds:125 - Set database path to: C:\Users\luoyipeng\.stmcufinder\plugins\mcufinder//mcu/
2025-06-20 11:01:38,301 [WARN] DbFile:41 - Overriding database path with different value: C:\Users\luoyipeng\.stmcufinder\plugins\mcufinder/ => C:\Users\luoyipeng\.stmcufinder\plugins\mcufinder
2025-06-20 11:01:38,301 [WARN] DbFile:41 - Overriding database path with different value: C:\Users\luoyipeng\.stmcufinder\plugins\mcufinder/ => C:\Users\luoyipeng\.stmcufinder\plugins\mcufinder
2025-06-20 11:01:38,301 [INFO] CrossReferenceDbSqlite:203 - Set database path to: C:\Users\luoyipeng\.stmcufinder\plugins\mcufinder//mcu/cs/
2025-06-20 11:01:38,317 [INFO] ApplicationProperties:184 - Using Application install path: D:\software\STM32CubeIDE_1.18.1\STM32CubeIDE\plugins\com.st.stm32cube.common.mx_6.14.1.202504091515
2025-06-20 11:01:38,320 [INFO] PluginManage:196 - Search for loadable plugins [exclusion list=, ]
2025-06-20 11:01:38,321 [INFO] PluginManage:310 - Check plugin analytics
2025-06-20 11:01:38,488 [INFO] AnalyticsPlugin:253 - Accepted Software Licenses: STM32CubeMX.6.14.1
2025-06-20 11:01:38,489 [INFO] AnalyticsPlugin:255 - Accepted CMSIS Pack Licenses: 
2025-06-20 11:01:38,489 [INFO] AnalyticsPlugin:257 - Accepted Firmware Licenses: 
2025-06-20 11:01:38,492 [INFO] PluginManage:359 - Loaded plugin analytics (category:tool,tabindex:-1)
2025-06-20 11:01:38,492 [INFO] PluginManage:310 - Check plugin cadmodel
2025-06-20 11:01:38,497 [INFO] CADModel:105 - Init CAD model plugin
2025-06-20 11:01:38,497 [INFO] PluginManage:359 - Loaded plugin cadmodel (category:power,tabindex:5)
2025-06-20 11:01:38,497 [INFO] PluginManage:310 - Check plugin clock
2025-06-20 11:01:38,507 [INFO] PluginManage:359 - Loaded plugin clock (category:base,tabindex:2)
2025-06-20 11:01:38,507 [INFO] PluginManage:310 - Check plugin ddr
2025-06-20 11:01:38,511 [INFO] PluginManage:359 - Loaded plugin ddr (category:tool,tabindex:6)
2025-06-20 11:01:38,511 [INFO] PluginManage:310 - Check plugin filemanager
2025-06-20 11:01:38,665 [INFO] PluginManage:359 - Loaded plugin filemanager (category:base,tabindex:10)
2025-06-20 11:01:38,665 [INFO] PluginManage:310 - Check plugin ipmanager
2025-06-20 11:01:38,671 [INFO] PluginManage:359 - Loaded plugin ipmanager (category:base,tabindex:5)
2025-06-20 11:01:38,671 [INFO] PluginManage:310 - Check plugin lpbam
2025-06-20 11:01:38,680 [INFO] PluginManage:359 - Loaded plugin lpbam (category:base,tabindex:0)
2025-06-20 11:01:38,680 [INFO] PluginManage:310 - Check plugin memorymap
2025-06-20 11:01:38,693 [INFO] PluginManage:359 - Loaded plugin memorymap (category:base,tabindex:4)
2025-06-20 11:01:38,693 [INFO] PluginManage:310 - Check plugin pinoutandconfiguration
2025-06-20 11:01:38,699 [INFO] PluginManage:359 - Loaded plugin pinoutandconfiguration (category:base,tabindex:1)
2025-06-20 11:01:38,699 [INFO] PluginManage:310 - Check plugin pinoutconfig
2025-06-20 11:01:38,795 [WARN] SupportedApi:132 - Cannot load RTOS API schema: s4s-elt-must-match.1: The content of 'definitions' must match (annotation?, (simpleType | complexType)?, (unique | key | keyref)*)). A problem was found starting at: attribute.
2025-06-20 11:01:38,921 [INFO] PluginManage:359 - Loaded plugin pinoutconfig (category:base,tabindex:0)
2025-06-20 11:01:38,923 [INFO] PluginManage:310 - Check plugin power
2025-06-20 11:01:38,930 [INFO] PluginManage:359 - Loaded plugin power (category:power,tabindex:4)
2025-06-20 11:01:38,930 [INFO] PluginManage:310 - Check plugin projectmanager
2025-06-20 11:01:38,949 [INFO] PluginManage:359 - Loaded plugin projectmanager (category:projectmanager,tabindex:4)
2025-06-20 11:01:38,949 [INFO] PluginManage:310 - Check plugin rif
2025-06-20 11:01:38,959 [INFO] PluginManage:359 - Loaded plugin rif (category:base,tabindex:3)
2025-06-20 11:01:38,960 [INFO] PluginManage:310 - Check plugin thirdparty
2025-06-20 11:01:39,081 [INFO] PluginManage:359 - Loaded plugin thirdparty (category:base,tabindex:-1)
2025-06-20 11:01:39,081 [WARN] IntegrityCheckThread:84 - waiting for thirdparty lock release [integrity check]
2025-06-20 11:01:39,081 [INFO] PluginManage:310 - Check plugin tools
2025-06-20 11:01:39,081 [INFO] IntegrityCheckThread:86 - entering critical section [integrity check]
2025-06-20 11:01:39,081 [INFO] ThirdPartyUpdaterWithRetryManager:70 - Updater plugin not ready yet. [1/15]
2025-06-20 11:01:39,083 [INFO] PluginManage:359 - Loaded plugin tools (category:base,tabindex:7)
2025-06-20 11:01:39,083 [INFO] PluginManage:310 - Check plugin tutovideos
2025-06-20 11:01:39,250 [INFO] PluginManage:359 - Loaded plugin tutovideos (category:base,tabindex:-1)
2025-06-20 11:01:39,251 [INFO] PluginManage:310 - Check plugin updater
2025-06-20 11:01:39,289 [INFO] PluginManage:359 - Loaded plugin updater (category:base,tabindex:12)
2025-06-20 11:01:39,289 [INFO] PluginManage:310 - Check plugin userauth
2025-06-20 11:01:39,294 [INFO] UserAuth:118 - Init User Auth plugin
2025-06-20 11:01:39,295 [INFO] PluginManage:359 - Loaded plugin userauth (category:base,tabindex:14)
2025-06-20 11:01:39,295 [INFO] PluginManage:283 - PluginManage : Loaded plugins [18]
2025-06-20 11:01:39,521 [INFO] PinOutPanel:1589 - setPackage(No Configuration,No Configuration)
2025-06-20 11:01:39,606 [INFO] CADModel:165 - CPN selected for project level
2025-06-20 11:01:39,606 [INFO] CADModel:114 - Register for checkConnection events
2025-06-20 11:01:39,627 [INFO] IPUIPlugin:80 - create IPUIPlugin
2025-06-20 11:01:39,627 [INFO] PluginManager:220 - loadIPPluginJar : add adc
2025-06-20 11:01:39,630 [INFO] IPUIPlugin:80 - create IPUIPlugin
2025-06-20 11:01:39,631 [INFO] PluginManager:220 - loadIPPluginJar : add aes
2025-06-20 11:01:39,634 [INFO] IPUIPlugin:80 - create IPUIPlugin
2025-06-20 11:01:39,634 [INFO] PluginManager:220 - loadIPPluginJar : add can
2025-06-20 11:01:39,635 [INFO] IPUIPlugin:80 - create IPUIPlugin
2025-06-20 11:01:39,635 [INFO] PluginManager:220 - loadIPPluginJar : add comp
2025-06-20 11:01:39,637 [INFO] IPUIPlugin:80 - create IPUIPlugin
2025-06-20 11:01:39,637 [INFO] PluginManager:220 - loadIPPluginJar : add cryp
2025-06-20 11:01:39,639 [INFO] IPUIPlugin:80 - create IPUIPlugin
2025-06-20 11:01:39,639 [INFO] PluginManager:220 - loadIPPluginJar : add ddr_ctrl_phy
2025-06-20 11:01:39,642 [INFO] IPUIPlugin:80 - create IPUIPlugin
2025-06-20 11:01:39,642 [INFO] PluginManager:220 - loadIPPluginJar : add dfsdm
2025-06-20 11:01:39,648 [INFO] IPUIPlugin:80 - create IPUIPlugin
2025-06-20 11:01:39,648 [INFO] PluginManager:220 - loadIPPluginJar : add dma
2025-06-20 11:01:39,650 [INFO] IPUIPlugin:80 - create IPUIPlugin
2025-06-20 11:01:39,650 [INFO] PluginManager:220 - loadIPPluginJar : add dma3
2025-06-20 11:01:39,652 [INFO] IPUIPlugin:80 - create IPUIPlugin
2025-06-20 11:01:39,653 [INFO] PluginManager:220 - loadIPPluginJar : add extmemmanager
2025-06-20 11:01:39,654 [INFO] IPUIPlugin:80 - create IPUIPlugin
2025-06-20 11:01:39,654 [INFO] PluginManager:220 - loadIPPluginJar : add fatfs
2025-06-20 11:01:39,658 [INFO] IPUIPlugin:80 - create IPUIPlugin
2025-06-20 11:01:39,658 [INFO] PluginManager:220 - loadIPPluginJar : add fmc
2025-06-20 11:01:39,662 [INFO] IPUIPlugin:80 - create IPUIPlugin
2025-06-20 11:01:39,663 [INFO] PluginManager:220 - loadIPPluginJar : add freertos
2025-06-20 11:01:39,666 [INFO] IPUIPlugin:80 - create IPUIPlugin
2025-06-20 11:01:39,666 [INFO] PluginManager:220 - loadIPPluginJar : add genericplugin
2025-06-20 11:01:39,667 [INFO] IPUIPlugin:80 - create IPUIPlugin
2025-06-20 11:01:39,667 [INFO] PluginManager:220 - loadIPPluginJar : add gfxmmu
2025-06-20 11:01:39,671 [INFO] IPUIPlugin:80 - create IPUIPlugin
2025-06-20 11:01:39,671 [INFO] PluginManager:220 - loadIPPluginJar : add gic
2025-06-20 11:01:39,675 [INFO] IPUIPlugin:80 - create IPUIPlugin
2025-06-20 11:01:39,676 [INFO] PluginManager:220 - loadIPPluginJar : add gpio
2025-06-20 11:01:39,678 [INFO] IPUIPlugin:80 - create IPUIPlugin
2025-06-20 11:01:39,678 [INFO] PluginManager:220 - loadIPPluginJar : add gtzc
2025-06-20 11:01:39,680 [INFO] IPUIPlugin:80 - create IPUIPlugin
2025-06-20 11:01:39,680 [INFO] PluginManager:220 - loadIPPluginJar : add hash
2025-06-20 11:01:39,681 [INFO] IPUIPlugin:80 - create IPUIPlugin
2025-06-20 11:01:39,683 [INFO] PluginManager:220 - loadIPPluginJar : add i2c
2025-06-20 11:01:39,684 [INFO] IPUIPlugin:80 - create IPUIPlugin
2025-06-20 11:01:39,685 [INFO] PluginManager:220 - loadIPPluginJar : add i2s
2025-06-20 11:01:39,688 [INFO] IPUIPlugin:80 - create IPUIPlugin
2025-06-20 11:01:39,688 [INFO] PluginManager:220 - loadIPPluginJar : add i3c
2025-06-20 11:01:39,691 [INFO] IPUIPlugin:80 - create IPUIPlugin
2025-06-20 11:01:39,691 [INFO] PluginManager:220 - loadIPPluginJar : add ipddr
2025-06-20 11:01:39,700 [INFO] IPUIPlugin:80 - create IPUIPlugin
2025-06-20 11:01:39,700 [INFO] PluginManager:220 - loadIPPluginJar : add linkedlist
2025-06-20 11:01:39,702 [INFO] IPUIPlugin:80 - create IPUIPlugin
2025-06-20 11:01:39,702 [INFO] PluginManager:220 - loadIPPluginJar : add lorawan
2025-06-20 11:01:39,702 [INFO] IPUIPlugin:80 - create IPUIPlugin
2025-06-20 11:01:39,702 [INFO] PluginManager:220 - loadIPPluginJar : add ltdc
2025-06-20 11:01:39,708 [INFO] IPUIPlugin:80 - create IPUIPlugin
2025-06-20 11:01:39,709 [INFO] PluginManager:220 - loadIPPluginJar : add mdma
2025-06-20 11:01:39,712 [INFO] IPUIPlugin:80 - create IPUIPlugin
2025-06-20 11:01:39,712 [INFO] PluginManager:220 - loadIPPluginJar : add nvic
2025-06-20 11:01:39,714 [INFO] IPUIPlugin:80 - create IPUIPlugin
2025-06-20 11:01:39,714 [INFO] PluginManager:220 - loadIPPluginJar : add opamp
2025-06-20 11:01:39,717 [INFO] IPUIPlugin:80 - create IPUIPlugin
2025-06-20 11:01:39,717 [INFO] PluginManager:220 - loadIPPluginJar : add openamp
2025-06-20 11:01:39,721 [INFO] IPUIPlugin:80 - create IPUIPlugin
2025-06-20 11:01:39,721 [INFO] PluginManager:220 - loadIPPluginJar : add pdm2pcm
2025-06-20 11:01:39,726 [INFO] IPUIPlugin:80 - create IPUIPlugin
2025-06-20 11:01:39,729 [INFO] PluginManager:220 - loadIPPluginJar : add plateformsettings
2025-06-20 11:01:39,730 [INFO] IPUIPlugin:80 - create IPUIPlugin
2025-06-20 11:01:39,730 [INFO] PluginManager:220 - loadIPPluginJar : add quadspi
2025-06-20 11:01:39,732 [INFO] IPUIPlugin:80 - create IPUIPlugin
2025-06-20 11:01:39,734 [INFO] PluginManager:220 - loadIPPluginJar : add radio
2025-06-20 11:01:39,736 [INFO] IPUIPlugin:80 - create IPUIPlugin
2025-06-20 11:01:39,736 [INFO] PluginManager:220 - loadIPPluginJar : add resmgrutility
2025-06-20 11:01:39,738 [INFO] IPUIPlugin:80 - create IPUIPlugin
2025-06-20 11:01:39,738 [INFO] PluginManager:220 - loadIPPluginJar : add sai
2025-06-20 11:01:39,738 [INFO] IPUIPlugin:80 - create IPUIPlugin
2025-06-20 11:01:39,739 [INFO] PluginManager:220 - loadIPPluginJar : add spi
2025-06-20 11:01:39,745 [INFO] IPUIPlugin:80 - create IPUIPlugin
2025-06-20 11:01:39,745 [INFO] PluginManager:220 - loadIPPluginJar : add stm32_wpan
2025-06-20 11:01:39,747 [INFO] IPUIPlugin:80 - create IPUIPlugin
2025-06-20 11:01:39,747 [INFO] PluginManager:220 - loadIPPluginJar : add tim
2025-06-20 11:01:39,749 [INFO] IPUIPlugin:80 - create IPUIPlugin
2025-06-20 11:01:39,749 [INFO] PluginManager:220 - loadIPPluginJar : add touchsensing
2025-06-20 11:01:39,750 [INFO] IPUIPlugin:80 - create IPUIPlugin
2025-06-20 11:01:39,751 [INFO] PluginManager:220 - loadIPPluginJar : add tracer_emb
2025-06-20 11:01:39,753 [INFO] IPUIPlugin:80 - create IPUIPlugin
2025-06-20 11:01:39,753 [INFO] PluginManager:220 - loadIPPluginJar : add ts
2025-06-20 11:01:39,755 [INFO] IPUIPlugin:80 - create IPUIPlugin
2025-06-20 11:01:39,755 [INFO] PluginManager:220 - loadIPPluginJar : add tsc
2025-06-20 11:01:39,756 [INFO] IPUIPlugin:80 - create IPUIPlugin
2025-06-20 11:01:39,757 [INFO] PluginManager:220 - loadIPPluginJar : add ucpd
2025-06-20 11:01:39,758 [INFO] IPUIPlugin:80 - create IPUIPlugin
2025-06-20 11:01:39,758 [INFO] PluginManager:220 - loadIPPluginJar : add usart
2025-06-20 11:01:39,761 [INFO] IPUIPlugin:80 - create IPUIPlugin
2025-06-20 11:01:39,762 [INFO] PluginManager:220 - loadIPPluginJar : add usbx
2025-06-20 11:01:39,882 [FATAL] Updater:351 - Updater called before beeing initialized
2025-06-20 11:01:39,905 [INFO] RulesReader:64 - Compatibility file has been processed (302 Rules)
2025-06-20 11:01:39,915 [INFO] RulesReader:64 - Compatibility file has been processed (302 Rules)
2025-06-20 11:01:39,922 [INFO] CADModel:165 - CPN selected for project level
2025-06-20 11:01:39,922 [INFO] CADModel:114 - Register for checkConnection events
2025-06-20 11:01:39,922 [FATAL] Updater:351 - Updater called before beeing initialized
2025-06-20 11:01:39,922 [ERROR] CADModel:125 - Updater not yet initialized, retry later 
2025-06-20 11:01:40,078 [FATAL] Updater:351 - Updater called before beeing initialized
2025-06-20 11:01:40,081 [INFO] CADModel:165 - CPN selected for project level
2025-06-20 11:01:40,082 [INFO] CADModel:114 - Register for checkConnection events
2025-06-20 11:01:40,082 [FATAL] Updater:351 - Updater called before beeing initialized
2025-06-20 11:01:40,082 [ERROR] CADModel:125 - Updater not yet initialized, retry later 
2025-06-20 11:01:40,087 [FATAL] Updater:351 - Updater called before beeing initialized
2025-06-20 11:01:40,233 [FATAL] Updater:351 - Updater called before beeing initialized
2025-06-20 11:01:40,237 [INFO] DbMcusAds:53 - JSON generation date=Wed May 07 17:07:55 CST 2025 (1746608875638)
2025-06-20 11:01:40,237 [FATAL] Updater:351 - Updater called before beeing initialized
2025-06-20 11:01:40,266 [WARN] DetailPanel:346 - Failed to get advertising image, set to default
2025-06-20 11:01:40,494 [FATAL] Updater:351 - Updater called before beeing initialized
2025-06-20 11:01:40,495 [FATAL] Updater:351 - Updater called before beeing initialized
2025-06-20 11:01:40,495 [FATAL] Updater:351 - Updater called before beeing initialized
2025-06-20 11:01:40,495 [WARN] DetailPanel:346 - Failed to get advertising image, set to default
2025-06-20 11:01:40,497 [FATAL] Updater:351 - Updater called before beeing initialized
2025-06-20 11:01:40,534 [ERROR] Updater:1198 - MainUpdater not yet initialized. External WinMGr cannot be set.
2025-06-20 11:01:40,535 [INFO] Updater:1134 - Updater Version found : 6.14.1
2025-06-20 11:01:40,550 [INFO] ApplicationProperties:184 - Using Application install path: D:\software\STM32CubeIDE_1.18.1\STM32CubeIDE\plugins\com.st.stm32cube.common.mx_6.14.1.202504091515
2025-06-20 11:01:42,082 [INFO] ThirdPartyUpdaterWithRetryManager:70 - Updater plugin not ready yet. [2/15]
2025-06-20 11:01:42,120 [ERROR] LogOutputStream:75 - [STDERR_REDIRECT] Jun 20, 2025 11:01:42 AM java.util.prefs.WindowsPreferences <init>
2025-06-20 11:01:42,121 [ERROR] LogOutputStream:75 - [STDERR_REDIRECT] WARNING: Could not open/create prefs root node Software\JavaSoft\Prefs at root 0xffffffff80000002. Windows RegCreateKeyEx(...) returned error code 5.
2025-06-20 11:01:42,121 [ERROR] LogOutputStream:75 - [STDERR_REDIRECT] 
2025-06-20 11:01:42,897 [INFO] MainUpdater:2872 - connection check result : 10
2025-06-20 11:01:42,898 [INFO] MainUpdater:289 - Updater Check For Update Now.
2025-06-20 11:01:42,898 [INFO] MicroXplorer:498 - Change Database Version : DB.6.0.141
2025-06-20 11:01:42,903 [INFO] McuFinderGlobals:63 - Set McuFinder mode to 2 (CubeIDE integrated)
2025-06-20 11:01:42,903 [INFO] UserAuth:171 - activating auth plugin
2025-06-20 11:01:42,905 [INFO] UserAuth:484 - Internet connection configuration mode: 1
2025-06-20 11:01:42,928 [INFO] JxBrowserEngine:152 - Initiate JxBrowser Engine with user profile folder
2025-06-20 11:01:43,084 [INFO] CheckServerUpdateThread:120 - End of CheckServer Thread
2025-06-20 11:01:44,024 [INFO] WebApp:169 - Instantiating new browser for Auth
2025-06-20 11:01:45,305 [WARN] PackLoader:240 - Cannot read IP mode file for STMicroelectronics.FP-SNS-MOTENVWB1.1.4.0
2025-06-20 11:01:45,328 [WARN] PackLoader:240 - Cannot read IP mode file for STMicroelectronics.X-CUBE-DISPLAY.3.0.0
2025-06-20 11:01:45,358 [WARN] PackLoader:240 - Cannot read IP mode file for STMicroelectronics.X-CUBE-BLEMGR.4.0.0
2025-06-20 11:01:45,374 [WARN] PackLoader:240 - Cannot read IP mode file for STMicroelectronics.FP-SNS-SMARTAG2.1.2.0
2025-06-20 11:01:45,383 [WARN] PackLoader:240 - Cannot read IP mode file for STMicroelectronics.FP-SNS-MOTENV1.5.0.0
2025-06-20 11:01:45,397 [WARN] PackLoader:240 - Cannot read IP mode file for STMicroelectronics.X-CUBE-BLE2.3.3.0
2025-06-20 11:01:45,405 [WARN] PackLoader:240 - Cannot read IP mode file for STMicroelectronics.FP-ATR-SIGFOX1.3.2.0
2025-06-20 11:01:45,416 [WARN] PackLoader:240 - Cannot read IP mode file for STMicroelectronics.X-CUBE-EEPRMA1.5.1.0
2025-06-20 11:01:45,424 [WARN] PackLoader:240 - Cannot read IP mode file for STMicroelectronics.X-CUBE-ISPU.2.1.0
2025-06-20 11:01:45,434 [WARN] PackLoader:240 - Cannot read IP mode file for STMicroelectronics.X-CUBE-GNSS1.7.0.1
2025-06-20 11:01:45,445 [WARN] PackLoader:240 - Cannot read IP mode file for STMicroelectronics.FP-SNS-STBOX1.2.0.0
2025-06-20 11:01:45,468 [WARN] PackLoader:240 - Cannot read IP mode file for STMicroelectronics.X-CUBE-IPS.3.1.0
2025-06-20 11:01:45,484 [WARN] PackLoader:240 - Cannot read IP mode file for STMicroelectronics.X-CUBE-ALS.1.0.2
2025-06-20 11:01:45,486 [INFO] ThirdParty:978 - Integrity check success = true
2025-06-20 11:01:45,487 [INFO] IntegrityCheckThread:100 - exiting critical section [integrity check]
2025-06-20 11:01:45,487 [INFO] IntegrityCheckThread:103 - End integrity checks thread
2025-06-20 11:01:46,144 [INFO] WebApp:463 - Apply proxy settings
2025-06-20 11:01:46,145 [INFO] WebApp:548 - Chromium requires no authentication
2025-06-20 11:01:46,161 [INFO] WebApp:491 - Direct internet connection detected
2025-06-20 11:01:46,197 [INFO] WebApp:894 - Register for checkConnection events
2025-06-20 11:01:46,197 [INFO] WebApp:463 - Apply proxy settings
2025-06-20 11:01:46,198 [INFO] WebApp:548 - Chromium requires no authentication
2025-06-20 11:01:46,198 [INFO] WebApp:491 - Direct internet connection detected
2025-06-20 11:01:46,425 [INFO] WebApp:225 - Starting web application
2025-06-20 11:01:46,427 [INFO] WebApp:593 - Web application path used D:\software\STM32CubeIDE_1.18.1\STM32CubeIDE\plugins\com.st.stm32cube.common.mx_6.14.1.202504091515\db\plugins\mcufinder\reactClient1\index.html
2025-06-20 11:01:46,784 [INFO] WebApp:191 - Connection restablished
2025-06-20 11:38:54,932 [INFO] WebApp:194 - Connection lost
2025-06-20 11:38:55,165 [INFO] WebApp:191 - Connection restablished
2025-06-20 12:29:20,546 [INFO] WebApp:194 - Connection lost
2025-06-20 12:29:20,799 [INFO] WebApp:191 - Connection restablished
2025-06-20 14:03:20,405 [INFO] WebApp:194 - Connection lost
2025-06-20 14:03:20,585 [INFO] WebApp:191 - Connection restablished
2025-06-20 15:13:42,059 [INFO] WebApp:194 - Connection lost
2025-06-20 15:13:42,315 [INFO] WebApp:191 - Connection restablished
2025-06-20 15:52:01,571 [INFO] WebApp:194 - Connection lost
2025-06-20 15:52:37,992 [INFO] WebApp:191 - Connection restablished
2025-06-20 20:08:42,634 [ERROR] LogOutputStream:75 - [STDERR_REDIRECT] 
2025-06-20 20:08:42,636 [ERROR] LogOutputStream:75 - [STDERR_REDIRECT] 
