2025-06-18 15:11:58,167 [INFO] Activator:176 - 


2025-06-18 15:11:58,168 [INFO] Activator:177 - !SESSION log4j initialized
2025-06-18 15:12:01,064 [INFO] LogOutputStream:77 - [STDOUT_REDIRECT] 
2025-06-18 15:12:03,200 [INFO] ApplicationProperties:184 - Using Application install path: D:\software\STM32CubeIDE_1.18.1\STM32CubeIDE\plugins\com.st.stm32cube.common.mx_6.14.1.202504091515
2025-06-18 15:12:03,219 [INFO] DbMcusXml:78 - Set database path to: D:\software\STM32CubeIDE_1.18.1\STM32CubeIDE\plugins\com.st.stm32cube.common.mx_6.14.1.202504091515\\db\/mcu/
2025-06-18 15:12:03,219 [INFO] ApiDb:274 - Set plugin database path to: D:\software\STM32CubeIDE_1.18.1\STM32CubeIDE\plugins\com.st.stm32cube.common.mx_6.14.1.202504091515\\db\/plugins/boardmanager/
2025-06-18 15:12:03,219 [WARN] ApiDb:259 - Overriding images path with different value:  => D:\software\STM32CubeIDE_1.18.1\STM32CubeIDE\plugins\com.st.stm32cube.common.mx_6.14.1.202504091515\\db\/plugins/mcufinder/images/
2025-06-18 15:12:03,225 [INFO] ApiDb:250 - Set database path to: C:\Users\luoyipeng\.stmcufinder\plugins\mcufinder//mcu/
2025-06-18 15:12:03,226 [INFO] DbMcusAds:125 - Set database path to: C:\Users\luoyipeng\.stmcufinder\plugins\mcufinder//mcu/
2025-06-18 15:12:03,228 [INFO] CrossReferenceDbSqlite:203 - Set database path to: C:\Users\luoyipeng\.stmcufinder\plugins\mcufinder//mcu/cs/
2025-06-18 15:12:03,336 [INFO] RulesReader:64 - Compatibility file has been processed (302 Rules)
2025-06-18 15:12:03,400 [INFO] DbMcusXml:78 - Set database path to: D:\software\STM32CubeIDE_1.18.1\STM32CubeIDE\plugins\com.st.stm32cube.common.mx_6.14.1.202504091515\\db\/mcu/
2025-06-18 15:12:03,400 [INFO] ApiDb:274 - Set plugin database path to: D:\software\STM32CubeIDE_1.18.1\STM32CubeIDE\plugins\com.st.stm32cube.common.mx_6.14.1.202504091515\\db\/plugins/boardmanager/
2025-06-18 15:12:03,400 [INFO] ApiDb:261 - Set plugin images path to: D:\software\STM32CubeIDE_1.18.1\STM32CubeIDE\plugins\com.st.stm32cube.common.mx_6.14.1.202504091515\\db\/plugins/mcufinder/images/
2025-06-18 15:12:03,400 [WARN] DbFile:41 - Overriding database path with different value: C:\Users\luoyipeng\.stmcufinder\plugins\mcufinder/ => C:\Users\luoyipeng\.stmcufinder\plugins\mcufinder
2025-06-18 15:12:03,400 [INFO] ApiDb:250 - Set database path to: C:\Users\luoyipeng\.stmcufinder\plugins\mcufinder//mcu/
2025-06-18 15:12:03,400 [WARN] DbFile:41 - Overriding database path with different value: C:\Users\luoyipeng\.stmcufinder\plugins\mcufinder/ => C:\Users\luoyipeng\.stmcufinder\plugins\mcufinder
2025-06-18 15:12:03,400 [INFO] DbMcusAds:125 - Set database path to: C:\Users\luoyipeng\.stmcufinder\plugins\mcufinder//mcu/
2025-06-18 15:12:03,400 [WARN] DbFile:41 - Overriding database path with different value: C:\Users\luoyipeng\.stmcufinder\plugins\mcufinder/ => C:\Users\luoyipeng\.stmcufinder\plugins\mcufinder
2025-06-18 15:12:03,400 [WARN] DbFile:41 - Overriding database path with different value: C:\Users\luoyipeng\.stmcufinder\plugins\mcufinder/ => C:\Users\luoyipeng\.stmcufinder\plugins\mcufinder
2025-06-18 15:12:03,402 [INFO] CrossReferenceDbSqlite:203 - Set database path to: C:\Users\luoyipeng\.stmcufinder\plugins\mcufinder//mcu/cs/
2025-06-18 15:12:03,467 [INFO] MainPanel:272 - HeapMemory: 268435456
2025-06-18 15:12:03,553 [INFO] DbMcusXml:78 - Set database path to: D:\software\STM32CubeIDE_1.18.1\STM32CubeIDE\plugins\com.st.stm32cube.common.mx_6.14.1.202504091515\\db\/mcu/
2025-06-18 15:12:03,554 [INFO] ApiDb:274 - Set plugin database path to: D:\software\STM32CubeIDE_1.18.1\STM32CubeIDE\plugins\com.st.stm32cube.common.mx_6.14.1.202504091515\\db\/plugins/boardmanager/
2025-06-18 15:12:03,554 [INFO] ApiDb:261 - Set plugin images path to: D:\software\STM32CubeIDE_1.18.1\STM32CubeIDE\plugins\com.st.stm32cube.common.mx_6.14.1.202504091515\\db\/plugins/mcufinder/images/
2025-06-18 15:12:03,554 [WARN] DbFile:41 - Overriding database path with different value: C:\Users\luoyipeng\.stmcufinder\plugins\mcufinder/ => C:\Users\luoyipeng\.stmcufinder\plugins\mcufinder
2025-06-18 15:12:03,554 [INFO] ApiDb:250 - Set database path to: C:\Users\luoyipeng\.stmcufinder\plugins\mcufinder//mcu/
2025-06-18 15:12:03,554 [WARN] DbFile:41 - Overriding database path with different value: C:\Users\luoyipeng\.stmcufinder\plugins\mcufinder/ => C:\Users\luoyipeng\.stmcufinder\plugins\mcufinder
2025-06-18 15:12:03,554 [INFO] DbMcusAds:125 - Set database path to: C:\Users\luoyipeng\.stmcufinder\plugins\mcufinder//mcu/
2025-06-18 15:12:03,554 [WARN] DbFile:41 - Overriding database path with different value: C:\Users\luoyipeng\.stmcufinder\plugins\mcufinder/ => C:\Users\luoyipeng\.stmcufinder\plugins\mcufinder
2025-06-18 15:12:03,554 [WARN] DbFile:41 - Overriding database path with different value: C:\Users\luoyipeng\.stmcufinder\plugins\mcufinder/ => C:\Users\luoyipeng\.stmcufinder\plugins\mcufinder
2025-06-18 15:12:03,554 [INFO] CrossReferenceDbSqlite:203 - Set database path to: C:\Users\luoyipeng\.stmcufinder\plugins\mcufinder//mcu/cs/
2025-06-18 15:12:03,569 [INFO] ApplicationProperties:184 - Using Application install path: D:\software\STM32CubeIDE_1.18.1\STM32CubeIDE\plugins\com.st.stm32cube.common.mx_6.14.1.202504091515
2025-06-18 15:12:03,570 [INFO] PluginManage:196 - Search for loadable plugins [exclusion list=, ]
2025-06-18 15:12:03,571 [INFO] PluginManage:310 - Check plugin analytics
2025-06-18 15:12:03,730 [INFO] AnalyticsPlugin:253 - Accepted Software Licenses: STM32CubeMX.6.14.1
2025-06-18 15:12:03,731 [INFO] AnalyticsPlugin:255 - Accepted CMSIS Pack Licenses: 
2025-06-18 15:12:03,731 [INFO] AnalyticsPlugin:257 - Accepted Firmware Licenses: 
2025-06-18 15:12:03,732 [INFO] PluginManage:359 - Loaded plugin analytics (category:tool,tabindex:-1)
2025-06-18 15:12:03,733 [INFO] PluginManage:310 - Check plugin cadmodel
2025-06-18 15:12:03,736 [INFO] CADModel:105 - Init CAD model plugin
2025-06-18 15:12:03,736 [INFO] PluginManage:359 - Loaded plugin cadmodel (category:power,tabindex:5)
2025-06-18 15:12:03,736 [INFO] PluginManage:310 - Check plugin clock
2025-06-18 15:12:03,744 [INFO] PluginManage:359 - Loaded plugin clock (category:base,tabindex:2)
2025-06-18 15:12:03,744 [INFO] PluginManage:310 - Check plugin ddr
2025-06-18 15:12:03,746 [INFO] PluginManage:359 - Loaded plugin ddr (category:tool,tabindex:6)
2025-06-18 15:12:03,746 [INFO] PluginManage:310 - Check plugin filemanager
2025-06-18 15:12:03,905 [INFO] PluginManage:359 - Loaded plugin filemanager (category:base,tabindex:10)
2025-06-18 15:12:03,905 [INFO] PluginManage:310 - Check plugin ipmanager
2025-06-18 15:12:03,912 [INFO] PluginManage:359 - Loaded plugin ipmanager (category:base,tabindex:5)
2025-06-18 15:12:03,913 [INFO] PluginManage:310 - Check plugin lpbam
2025-06-18 15:12:03,920 [INFO] PluginManage:359 - Loaded plugin lpbam (category:base,tabindex:0)
2025-06-18 15:12:03,920 [INFO] PluginManage:310 - Check plugin memorymap
2025-06-18 15:12:03,932 [INFO] PluginManage:359 - Loaded plugin memorymap (category:base,tabindex:4)
2025-06-18 15:12:03,932 [INFO] PluginManage:310 - Check plugin pinoutandconfiguration
2025-06-18 15:12:03,939 [INFO] PluginManage:359 - Loaded plugin pinoutandconfiguration (category:base,tabindex:1)
2025-06-18 15:12:03,939 [INFO] PluginManage:310 - Check plugin pinoutconfig
2025-06-18 15:12:04,016 [WARN] SupportedApi:132 - Cannot load RTOS API schema: s4s-elt-must-match.1: The content of 'definitions' must match (annotation?, (simpleType | complexType)?, (unique | key | keyref)*)). A problem was found starting at: attribute.
2025-06-18 15:12:04,120 [INFO] PluginManage:359 - Loaded plugin pinoutconfig (category:base,tabindex:0)
2025-06-18 15:12:04,120 [INFO] PluginManage:310 - Check plugin power
2025-06-18 15:12:04,127 [INFO] PluginManage:359 - Loaded plugin power (category:power,tabindex:4)
2025-06-18 15:12:04,127 [INFO] PluginManage:310 - Check plugin projectmanager
2025-06-18 15:12:04,140 [INFO] PluginManage:359 - Loaded plugin projectmanager (category:projectmanager,tabindex:4)
2025-06-18 15:12:04,140 [INFO] PluginManage:310 - Check plugin rif
2025-06-18 15:12:04,146 [INFO] PluginManage:359 - Loaded plugin rif (category:base,tabindex:3)
2025-06-18 15:12:04,146 [INFO] PluginManage:310 - Check plugin thirdparty
2025-06-18 15:12:04,250 [INFO] PluginManage:359 - Loaded plugin thirdparty (category:base,tabindex:-1)
2025-06-18 15:12:04,250 [INFO] PluginManage:310 - Check plugin tools
2025-06-18 15:12:04,250 [WARN] IntegrityCheckThread:84 - waiting for thirdparty lock release [integrity check]
2025-06-18 15:12:04,250 [INFO] IntegrityCheckThread:86 - entering critical section [integrity check]
2025-06-18 15:12:04,250 [INFO] ThirdPartyUpdaterWithRetryManager:70 - Updater plugin not ready yet. [1/15]
2025-06-18 15:12:04,252 [INFO] PluginManage:359 - Loaded plugin tools (category:base,tabindex:7)
2025-06-18 15:12:04,252 [INFO] PluginManage:310 - Check plugin tutovideos
2025-06-18 15:12:04,405 [INFO] PluginManage:359 - Loaded plugin tutovideos (category:base,tabindex:-1)
2025-06-18 15:12:04,405 [INFO] PluginManage:310 - Check plugin updater
2025-06-18 15:12:04,428 [INFO] PluginManage:359 - Loaded plugin updater (category:base,tabindex:12)
2025-06-18 15:12:04,428 [INFO] PluginManage:310 - Check plugin userauth
2025-06-18 15:12:04,431 [INFO] UserAuth:118 - Init User Auth plugin
2025-06-18 15:12:04,432 [INFO] PluginManage:359 - Loaded plugin userauth (category:base,tabindex:14)
2025-06-18 15:12:04,432 [INFO] PluginManage:283 - PluginManage : Loaded plugins [18]
2025-06-18 15:12:04,626 [INFO] PinOutPanel:1589 - setPackage(No Configuration,No Configuration)
2025-06-18 15:12:04,718 [INFO] CADModel:165 - CPN selected for project level
2025-06-18 15:12:04,718 [INFO] CADModel:114 - Register for checkConnection events
2025-06-18 15:12:04,732 [INFO] IPUIPlugin:80 - create IPUIPlugin
2025-06-18 15:12:04,732 [INFO] PluginManager:220 - loadIPPluginJar : add adc
2025-06-18 15:12:04,735 [INFO] IPUIPlugin:80 - create IPUIPlugin
2025-06-18 15:12:04,735 [INFO] PluginManager:220 - loadIPPluginJar : add aes
2025-06-18 15:12:04,736 [INFO] IPUIPlugin:80 - create IPUIPlugin
2025-06-18 15:12:04,736 [INFO] PluginManager:220 - loadIPPluginJar : add can
2025-06-18 15:12:04,737 [INFO] IPUIPlugin:80 - create IPUIPlugin
2025-06-18 15:12:04,737 [INFO] PluginManager:220 - loadIPPluginJar : add comp
2025-06-18 15:12:04,738 [INFO] IPUIPlugin:80 - create IPUIPlugin
2025-06-18 15:12:04,738 [INFO] PluginManager:220 - loadIPPluginJar : add cryp
2025-06-18 15:12:04,740 [INFO] IPUIPlugin:80 - create IPUIPlugin
2025-06-18 15:12:04,741 [INFO] PluginManager:220 - loadIPPluginJar : add ddr_ctrl_phy
2025-06-18 15:12:04,743 [INFO] IPUIPlugin:80 - create IPUIPlugin
2025-06-18 15:12:04,743 [INFO] PluginManager:220 - loadIPPluginJar : add dfsdm
2025-06-18 15:12:04,750 [INFO] IPUIPlugin:80 - create IPUIPlugin
2025-06-18 15:12:04,750 [INFO] PluginManager:220 - loadIPPluginJar : add dma
2025-06-18 15:12:04,752 [INFO] IPUIPlugin:80 - create IPUIPlugin
2025-06-18 15:12:04,753 [INFO] PluginManager:220 - loadIPPluginJar : add dma3
2025-06-18 15:12:04,756 [INFO] IPUIPlugin:80 - create IPUIPlugin
2025-06-18 15:12:04,756 [INFO] PluginManager:220 - loadIPPluginJar : add extmemmanager
2025-06-18 15:12:04,758 [INFO] IPUIPlugin:80 - create IPUIPlugin
2025-06-18 15:12:04,758 [INFO] PluginManager:220 - loadIPPluginJar : add fatfs
2025-06-18 15:12:04,761 [INFO] IPUIPlugin:80 - create IPUIPlugin
2025-06-18 15:12:04,762 [INFO] PluginManager:220 - loadIPPluginJar : add fmc
2025-06-18 15:12:04,767 [INFO] IPUIPlugin:80 - create IPUIPlugin
2025-06-18 15:12:04,767 [INFO] PluginManager:220 - loadIPPluginJar : add freertos
2025-06-18 15:12:04,769 [INFO] IPUIPlugin:80 - create IPUIPlugin
2025-06-18 15:12:04,769 [INFO] PluginManager:220 - loadIPPluginJar : add genericplugin
2025-06-18 15:12:04,771 [INFO] IPUIPlugin:80 - create IPUIPlugin
2025-06-18 15:12:04,771 [INFO] PluginManager:220 - loadIPPluginJar : add gfxmmu
2025-06-18 15:12:04,777 [INFO] IPUIPlugin:80 - create IPUIPlugin
2025-06-18 15:12:04,778 [INFO] PluginManager:220 - loadIPPluginJar : add gic
2025-06-18 15:12:04,785 [INFO] IPUIPlugin:80 - create IPUIPlugin
2025-06-18 15:12:04,785 [INFO] PluginManager:220 - loadIPPluginJar : add gpio
2025-06-18 15:12:04,789 [INFO] IPUIPlugin:80 - create IPUIPlugin
2025-06-18 15:12:04,790 [INFO] PluginManager:220 - loadIPPluginJar : add gtzc
2025-06-18 15:12:04,792 [INFO] IPUIPlugin:80 - create IPUIPlugin
2025-06-18 15:12:04,792 [INFO] PluginManager:220 - loadIPPluginJar : add hash
2025-06-18 15:12:04,794 [INFO] IPUIPlugin:80 - create IPUIPlugin
2025-06-18 15:12:04,794 [INFO] PluginManager:220 - loadIPPluginJar : add i2c
2025-06-18 15:12:04,799 [INFO] IPUIPlugin:80 - create IPUIPlugin
2025-06-18 15:12:04,799 [INFO] PluginManager:220 - loadIPPluginJar : add i2s
2025-06-18 15:12:04,803 [INFO] IPUIPlugin:80 - create IPUIPlugin
2025-06-18 15:12:04,803 [INFO] PluginManager:220 - loadIPPluginJar : add i3c
2025-06-18 15:12:04,806 [INFO] IPUIPlugin:80 - create IPUIPlugin
2025-06-18 15:12:04,806 [INFO] PluginManager:220 - loadIPPluginJar : add ipddr
2025-06-18 15:12:04,814 [INFO] IPUIPlugin:80 - create IPUIPlugin
2025-06-18 15:12:04,815 [INFO] PluginManager:220 - loadIPPluginJar : add linkedlist
2025-06-18 15:12:04,817 [INFO] IPUIPlugin:80 - create IPUIPlugin
2025-06-18 15:12:04,817 [INFO] PluginManager:220 - loadIPPluginJar : add lorawan
2025-06-18 15:12:04,818 [INFO] IPUIPlugin:80 - create IPUIPlugin
2025-06-18 15:12:04,818 [INFO] PluginManager:220 - loadIPPluginJar : add ltdc
2025-06-18 15:12:04,826 [INFO] IPUIPlugin:80 - create IPUIPlugin
2025-06-18 15:12:04,826 [INFO] PluginManager:220 - loadIPPluginJar : add mdma
2025-06-18 15:12:04,829 [INFO] IPUIPlugin:80 - create IPUIPlugin
2025-06-18 15:12:04,829 [INFO] PluginManager:220 - loadIPPluginJar : add nvic
2025-06-18 15:12:04,833 [INFO] IPUIPlugin:80 - create IPUIPlugin
2025-06-18 15:12:04,833 [INFO] PluginManager:220 - loadIPPluginJar : add opamp
2025-06-18 15:12:04,837 [INFO] IPUIPlugin:80 - create IPUIPlugin
2025-06-18 15:12:04,837 [INFO] PluginManager:220 - loadIPPluginJar : add openamp
2025-06-18 15:12:04,838 [INFO] IPUIPlugin:80 - create IPUIPlugin
2025-06-18 15:12:04,838 [INFO] PluginManager:220 - loadIPPluginJar : add pdm2pcm
2025-06-18 15:12:04,846 [INFO] IPUIPlugin:80 - create IPUIPlugin
2025-06-18 15:12:04,849 [INFO] PluginManager:220 - loadIPPluginJar : add plateformsettings
2025-06-18 15:12:04,850 [INFO] IPUIPlugin:80 - create IPUIPlugin
2025-06-18 15:12:04,851 [INFO] PluginManager:220 - loadIPPluginJar : add quadspi
2025-06-18 15:12:04,852 [INFO] IPUIPlugin:80 - create IPUIPlugin
2025-06-18 15:12:04,852 [INFO] PluginManager:220 - loadIPPluginJar : add radio
2025-06-18 15:12:04,857 [INFO] IPUIPlugin:80 - create IPUIPlugin
2025-06-18 15:12:04,857 [INFO] PluginManager:220 - loadIPPluginJar : add resmgrutility
2025-06-18 15:12:04,859 [INFO] IPUIPlugin:80 - create IPUIPlugin
2025-06-18 15:12:04,859 [INFO] PluginManager:220 - loadIPPluginJar : add sai
2025-06-18 15:12:04,861 [INFO] IPUIPlugin:80 - create IPUIPlugin
2025-06-18 15:12:04,861 [INFO] PluginManager:220 - loadIPPluginJar : add spi
2025-06-18 15:12:04,866 [INFO] IPUIPlugin:80 - create IPUIPlugin
2025-06-18 15:12:04,866 [INFO] PluginManager:220 - loadIPPluginJar : add stm32_wpan
2025-06-18 15:12:04,868 [INFO] IPUIPlugin:80 - create IPUIPlugin
2025-06-18 15:12:04,868 [INFO] PluginManager:220 - loadIPPluginJar : add tim
2025-06-18 15:12:04,870 [INFO] IPUIPlugin:80 - create IPUIPlugin
2025-06-18 15:12:04,870 [INFO] PluginManager:220 - loadIPPluginJar : add touchsensing
2025-06-18 15:12:04,871 [INFO] IPUIPlugin:80 - create IPUIPlugin
2025-06-18 15:12:04,872 [INFO] PluginManager:220 - loadIPPluginJar : add tracer_emb
2025-06-18 15:12:04,872 [INFO] IPUIPlugin:80 - create IPUIPlugin
2025-06-18 15:12:04,872 [INFO] PluginManager:220 - loadIPPluginJar : add ts
2025-06-18 15:12:04,874 [INFO] IPUIPlugin:80 - create IPUIPlugin
2025-06-18 15:12:04,874 [INFO] PluginManager:220 - loadIPPluginJar : add tsc
2025-06-18 15:12:04,876 [INFO] IPUIPlugin:80 - create IPUIPlugin
2025-06-18 15:12:04,876 [INFO] PluginManager:220 - loadIPPluginJar : add ucpd
2025-06-18 15:12:04,880 [INFO] IPUIPlugin:80 - create IPUIPlugin
2025-06-18 15:12:04,880 [INFO] PluginManager:220 - loadIPPluginJar : add usart
2025-06-18 15:12:04,883 [INFO] IPUIPlugin:80 - create IPUIPlugin
2025-06-18 15:12:04,883 [INFO] PluginManager:220 - loadIPPluginJar : add usbx
2025-06-18 15:12:05,003 [FATAL] Updater:351 - Updater called before beeing initialized
2025-06-18 15:12:05,025 [INFO] RulesReader:64 - Compatibility file has been processed (302 Rules)
2025-06-18 15:12:05,036 [INFO] RulesReader:64 - Compatibility file has been processed (302 Rules)
2025-06-18 15:12:05,044 [INFO] CADModel:165 - CPN selected for project level
2025-06-18 15:12:05,044 [INFO] CADModel:114 - Register for checkConnection events
2025-06-18 15:12:05,044 [FATAL] Updater:351 - Updater called before beeing initialized
2025-06-18 15:12:05,044 [ERROR] CADModel:125 - Updater not yet initialized, retry later 
2025-06-18 15:12:05,182 [FATAL] Updater:351 - Updater called before beeing initialized
2025-06-18 15:12:05,183 [INFO] CADModel:165 - CPN selected for project level
2025-06-18 15:12:05,184 [INFO] CADModel:114 - Register for checkConnection events
2025-06-18 15:12:05,184 [FATAL] Updater:351 - Updater called before beeing initialized
2025-06-18 15:12:05,184 [ERROR] CADModel:125 - Updater not yet initialized, retry later 
2025-06-18 15:12:05,187 [FATAL] Updater:351 - Updater called before beeing initialized
2025-06-18 15:12:05,270 [FATAL] Updater:351 - Updater called before beeing initialized
2025-06-18 15:12:05,273 [INFO] DbMcusAds:53 - JSON generation date=Wed May 07 17:07:55 CST 2025 (1746608875484)
2025-06-18 15:12:05,273 [FATAL] Updater:351 - Updater called before beeing initialized
2025-06-18 15:12:05,305 [WARN] DetailPanel:346 - Failed to get advertising image, set to default
2025-06-18 15:12:05,526 [FATAL] Updater:351 - Updater called before beeing initialized
2025-06-18 15:12:05,527 [FATAL] Updater:351 - Updater called before beeing initialized
2025-06-18 15:12:05,527 [FATAL] Updater:351 - Updater called before beeing initialized
2025-06-18 15:12:05,527 [WARN] DetailPanel:346 - Failed to get advertising image, set to default
2025-06-18 15:12:05,529 [FATAL] Updater:351 - Updater called before beeing initialized
2025-06-18 15:12:05,572 [ERROR] Updater:1198 - MainUpdater not yet initialized. External WinMGr cannot be set.
2025-06-18 15:12:05,573 [INFO] Updater:1134 - Updater Version found : 6.14.1
2025-06-18 15:12:05,592 [INFO] ApplicationProperties:184 - Using Application install path: D:\software\STM32CubeIDE_1.18.1\STM32CubeIDE\plugins\com.st.stm32cube.common.mx_6.14.1.202504091515
2025-06-18 15:12:07,161 [ERROR] LogOutputStream:75 - [STDERR_REDIRECT] Jun 18, 2025 3:12:07 PM java.util.prefs.WindowsPreferences <init>
2025-06-18 15:12:07,162 [ERROR] LogOutputStream:75 - [STDERR_REDIRECT] WARNING: Could not open/create prefs root node Software\JavaSoft\Prefs at root 0xffffffff80000002. Windows RegCreateKeyEx(...) returned error code 5.
2025-06-18 15:12:07,162 [ERROR] LogOutputStream:75 - [STDERR_REDIRECT] 
2025-06-18 15:12:07,252 [INFO] ThirdPartyUpdaterWithRetryManager:70 - Updater plugin not ready yet. [2/15]
2025-06-18 15:12:07,850 [INFO] MainUpdater:2872 - connection check result : 10
2025-06-18 15:12:07,850 [INFO] MainUpdater:289 - Updater Check For Update Now.
2025-06-18 15:12:07,850 [INFO] MicroXplorer:498 - Change Database Version : DB.6.0.141
2025-06-18 15:12:07,855 [INFO] McuFinderGlobals:63 - Set McuFinder mode to 2 (CubeIDE integrated)
2025-06-18 15:12:07,855 [INFO] UserAuth:171 - activating auth plugin
2025-06-18 15:12:07,857 [INFO] UserAuth:484 - Internet connection configuration mode: 1
2025-06-18 15:12:07,877 [INFO] JxBrowserEngine:152 - Initiate JxBrowser Engine with user profile folder
2025-06-18 15:12:08,018 [INFO] CheckServerUpdateThread:120 - End of CheckServer Thread
2025-06-18 15:12:09,007 [INFO] WebApp:169 - Instantiating new browser for Auth
2025-06-18 15:12:10,495 [WARN] PackLoader:240 - Cannot read IP mode file for STMicroelectronics.FP-SNS-MOTENVWB1.1.4.0
2025-06-18 15:12:10,521 [WARN] PackLoader:240 - Cannot read IP mode file for STMicroelectronics.X-CUBE-DISPLAY.3.0.0
2025-06-18 15:12:10,564 [WARN] PackLoader:240 - Cannot read IP mode file for STMicroelectronics.X-CUBE-BLEMGR.4.0.0
2025-06-18 15:12:10,588 [WARN] PackLoader:240 - Cannot read IP mode file for STMicroelectronics.FP-SNS-SMARTAG2.1.2.0
2025-06-18 15:12:10,599 [WARN] PackLoader:240 - Cannot read IP mode file for STMicroelectronics.FP-SNS-MOTENV1.5.0.0
2025-06-18 15:12:10,620 [WARN] PackLoader:240 - Cannot read IP mode file for STMicroelectronics.X-CUBE-BLE2.3.3.0
2025-06-18 15:12:10,620 [INFO] WebApp:463 - Apply proxy settings
2025-06-18 15:12:10,621 [INFO] WebApp:548 - Chromium requires no authentication
2025-06-18 15:12:10,634 [WARN] PackLoader:240 - Cannot read IP mode file for STMicroelectronics.FP-ATR-SIGFOX1.3.2.0
2025-06-18 15:12:10,639 [INFO] WebApp:491 - Direct internet connection detected
2025-06-18 15:12:10,653 [WARN] PackLoader:240 - Cannot read IP mode file for STMicroelectronics.X-CUBE-EEPRMA1.5.1.0
2025-06-18 15:12:10,670 [WARN] PackLoader:240 - Cannot read IP mode file for STMicroelectronics.X-CUBE-ISPU.2.1.0
2025-06-18 15:12:10,685 [WARN] PackLoader:240 - Cannot read IP mode file for STMicroelectronics.X-CUBE-GNSS1.7.0.1
2025-06-18 15:12:10,690 [INFO] WebApp:894 - Register for checkConnection events
2025-06-18 15:12:10,691 [INFO] WebApp:463 - Apply proxy settings
2025-06-18 15:12:10,691 [INFO] WebApp:548 - Chromium requires no authentication
2025-06-18 15:12:10,691 [INFO] WebApp:491 - Direct internet connection detected
2025-06-18 15:12:10,702 [WARN] PackLoader:240 - Cannot read IP mode file for STMicroelectronics.FP-SNS-STBOX1.2.0.0
2025-06-18 15:12:10,738 [WARN] PackLoader:240 - Cannot read IP mode file for STMicroelectronics.X-CUBE-IPS.3.1.0
2025-06-18 15:12:10,762 [WARN] PackLoader:240 - Cannot read IP mode file for STMicroelectronics.X-CUBE-ALS.1.0.2
2025-06-18 15:12:10,764 [INFO] ThirdParty:978 - Integrity check success = true
2025-06-18 15:12:10,764 [INFO] IntegrityCheckThread:100 - exiting critical section [integrity check]
2025-06-18 15:12:10,764 [INFO] IntegrityCheckThread:103 - End integrity checks thread
2025-06-18 15:12:11,055 [INFO] WebApp:225 - Starting web application
2025-06-18 15:12:11,055 [INFO] WebApp:593 - Web application path used D:\software\STM32CubeIDE_1.18.1\STM32CubeIDE\plugins\com.st.stm32cube.common.mx_6.14.1.202504091515\db\plugins\mcufinder\reactClient1\index.html
2025-06-18 15:12:12,003 [INFO] WebApp:191 - Connection restablished
2025-06-18 16:27:44,778 [ERROR] LogOutputStream:75 - [STDERR_REDIRECT] 
2025-06-18 17:19:27,678 [INFO] Activator:176 - 


2025-06-18 17:19:27,680 [INFO] Activator:177 - !SESSION log4j initialized
2025-06-18 17:19:32,553 [INFO] LogOutputStream:77 - [STDOUT_REDIRECT] 
2025-06-18 17:19:34,023 [INFO] ApplicationProperties:184 - Using Application install path: D:\software\STM32CubeIDE_1.18.1\STM32CubeIDE\plugins\com.st.stm32cube.common.mx_6.14.1.202504091515
2025-06-18 17:19:34,038 [INFO] DbMcusXml:78 - Set database path to: D:\software\STM32CubeIDE_1.18.1\STM32CubeIDE\plugins\com.st.stm32cube.common.mx_6.14.1.202504091515\\db\/mcu/
2025-06-18 17:19:34,038 [INFO] ApiDb:274 - Set plugin database path to: D:\software\STM32CubeIDE_1.18.1\STM32CubeIDE\plugins\com.st.stm32cube.common.mx_6.14.1.202504091515\\db\/plugins/boardmanager/
2025-06-18 17:19:34,038 [WARN] ApiDb:259 - Overriding images path with different value:  => D:\software\STM32CubeIDE_1.18.1\STM32CubeIDE\plugins\com.st.stm32cube.common.mx_6.14.1.202504091515\\db\/plugins/mcufinder/images/
2025-06-18 17:19:34,044 [INFO] ApiDb:250 - Set database path to: C:\Users\luoyipeng\.stmcufinder\plugins\mcufinder//mcu/
2025-06-18 17:19:34,044 [INFO] DbMcusAds:125 - Set database path to: C:\Users\luoyipeng\.stmcufinder\plugins\mcufinder//mcu/
2025-06-18 17:19:34,046 [INFO] CrossReferenceDbSqlite:203 - Set database path to: C:\Users\luoyipeng\.stmcufinder\plugins\mcufinder//mcu/cs/
2025-06-18 17:19:34,141 [INFO] RulesReader:64 - Compatibility file has been processed (302 Rules)
2025-06-18 17:19:34,202 [INFO] DbMcusXml:78 - Set database path to: D:\software\STM32CubeIDE_1.18.1\STM32CubeIDE\plugins\com.st.stm32cube.common.mx_6.14.1.202504091515\\db\/mcu/
2025-06-18 17:19:34,203 [INFO] ApiDb:274 - Set plugin database path to: D:\software\STM32CubeIDE_1.18.1\STM32CubeIDE\plugins\com.st.stm32cube.common.mx_6.14.1.202504091515\\db\/plugins/boardmanager/
2025-06-18 17:19:34,203 [INFO] ApiDb:261 - Set plugin images path to: D:\software\STM32CubeIDE_1.18.1\STM32CubeIDE\plugins\com.st.stm32cube.common.mx_6.14.1.202504091515\\db\/plugins/mcufinder/images/
2025-06-18 17:19:34,203 [WARN] DbFile:41 - Overriding database path with different value: C:\Users\luoyipeng\.stmcufinder\plugins\mcufinder/ => C:\Users\luoyipeng\.stmcufinder\plugins\mcufinder
2025-06-18 17:19:34,203 [INFO] ApiDb:250 - Set database path to: C:\Users\luoyipeng\.stmcufinder\plugins\mcufinder//mcu/
2025-06-18 17:19:34,203 [WARN] DbFile:41 - Overriding database path with different value: C:\Users\luoyipeng\.stmcufinder\plugins\mcufinder/ => C:\Users\luoyipeng\.stmcufinder\plugins\mcufinder
2025-06-18 17:19:34,203 [INFO] DbMcusAds:125 - Set database path to: C:\Users\luoyipeng\.stmcufinder\plugins\mcufinder//mcu/
2025-06-18 17:19:34,203 [WARN] DbFile:41 - Overriding database path with different value: C:\Users\luoyipeng\.stmcufinder\plugins\mcufinder/ => C:\Users\luoyipeng\.stmcufinder\plugins\mcufinder
2025-06-18 17:19:34,203 [WARN] DbFile:41 - Overriding database path with different value: C:\Users\luoyipeng\.stmcufinder\plugins\mcufinder/ => C:\Users\luoyipeng\.stmcufinder\plugins\mcufinder
2025-06-18 17:19:34,203 [INFO] CrossReferenceDbSqlite:203 - Set database path to: C:\Users\luoyipeng\.stmcufinder\plugins\mcufinder//mcu/cs/
2025-06-18 17:19:34,275 [INFO] MainPanel:272 - HeapMemory: 268435456
2025-06-18 17:19:34,361 [INFO] DbMcusXml:78 - Set database path to: D:\software\STM32CubeIDE_1.18.1\STM32CubeIDE\plugins\com.st.stm32cube.common.mx_6.14.1.202504091515\\db\/mcu/
2025-06-18 17:19:34,361 [INFO] ApiDb:274 - Set plugin database path to: D:\software\STM32CubeIDE_1.18.1\STM32CubeIDE\plugins\com.st.stm32cube.common.mx_6.14.1.202504091515\\db\/plugins/boardmanager/
2025-06-18 17:19:34,361 [INFO] ApiDb:261 - Set plugin images path to: D:\software\STM32CubeIDE_1.18.1\STM32CubeIDE\plugins\com.st.stm32cube.common.mx_6.14.1.202504091515\\db\/plugins/mcufinder/images/
2025-06-18 17:19:34,361 [WARN] DbFile:41 - Overriding database path with different value: C:\Users\luoyipeng\.stmcufinder\plugins\mcufinder/ => C:\Users\luoyipeng\.stmcufinder\plugins\mcufinder
2025-06-18 17:19:34,361 [INFO] ApiDb:250 - Set database path to: C:\Users\luoyipeng\.stmcufinder\plugins\mcufinder//mcu/
2025-06-18 17:19:34,361 [WARN] DbFile:41 - Overriding database path with different value: C:\Users\luoyipeng\.stmcufinder\plugins\mcufinder/ => C:\Users\luoyipeng\.stmcufinder\plugins\mcufinder
2025-06-18 17:19:34,361 [INFO] DbMcusAds:125 - Set database path to: C:\Users\luoyipeng\.stmcufinder\plugins\mcufinder//mcu/
2025-06-18 17:19:34,361 [WARN] DbFile:41 - Overriding database path with different value: C:\Users\luoyipeng\.stmcufinder\plugins\mcufinder/ => C:\Users\luoyipeng\.stmcufinder\plugins\mcufinder
2025-06-18 17:19:34,363 [WARN] DbFile:41 - Overriding database path with different value: C:\Users\luoyipeng\.stmcufinder\plugins\mcufinder/ => C:\Users\luoyipeng\.stmcufinder\plugins\mcufinder
2025-06-18 17:19:34,363 [INFO] CrossReferenceDbSqlite:203 - Set database path to: C:\Users\luoyipeng\.stmcufinder\plugins\mcufinder//mcu/cs/
2025-06-18 17:19:34,378 [INFO] ApplicationProperties:184 - Using Application install path: D:\software\STM32CubeIDE_1.18.1\STM32CubeIDE\plugins\com.st.stm32cube.common.mx_6.14.1.202504091515
2025-06-18 17:19:34,379 [INFO] PluginManage:196 - Search for loadable plugins [exclusion list=, ]
2025-06-18 17:19:34,380 [INFO] PluginManage:310 - Check plugin analytics
2025-06-18 17:19:34,519 [INFO] AnalyticsPlugin:253 - Accepted Software Licenses: STM32CubeMX.6.14.1
2025-06-18 17:19:34,519 [INFO] AnalyticsPlugin:255 - Accepted CMSIS Pack Licenses: 
2025-06-18 17:19:34,520 [INFO] AnalyticsPlugin:257 - Accepted Firmware Licenses: 
2025-06-18 17:19:34,522 [INFO] PluginManage:359 - Loaded plugin analytics (category:tool,tabindex:-1)
2025-06-18 17:19:34,522 [INFO] PluginManage:310 - Check plugin cadmodel
2025-06-18 17:19:34,526 [INFO] CADModel:105 - Init CAD model plugin
2025-06-18 17:19:34,526 [INFO] PluginManage:359 - Loaded plugin cadmodel (category:power,tabindex:5)
2025-06-18 17:19:34,526 [INFO] PluginManage:310 - Check plugin clock
2025-06-18 17:19:34,534 [INFO] PluginManage:359 - Loaded plugin clock (category:base,tabindex:2)
2025-06-18 17:19:34,534 [INFO] PluginManage:310 - Check plugin ddr
2025-06-18 17:19:34,536 [INFO] PluginManage:359 - Loaded plugin ddr (category:tool,tabindex:6)
2025-06-18 17:19:34,536 [INFO] PluginManage:310 - Check plugin filemanager
2025-06-18 17:19:34,653 [INFO] PluginManage:359 - Loaded plugin filemanager (category:base,tabindex:10)
2025-06-18 17:19:34,653 [INFO] PluginManage:310 - Check plugin ipmanager
2025-06-18 17:19:34,658 [INFO] PluginManage:359 - Loaded plugin ipmanager (category:base,tabindex:5)
2025-06-18 17:19:34,658 [INFO] PluginManage:310 - Check plugin lpbam
2025-06-18 17:19:34,664 [INFO] PluginManage:359 - Loaded plugin lpbam (category:base,tabindex:0)
2025-06-18 17:19:34,664 [INFO] PluginManage:310 - Check plugin memorymap
2025-06-18 17:19:34,674 [INFO] PluginManage:359 - Loaded plugin memorymap (category:base,tabindex:4)
2025-06-18 17:19:34,674 [INFO] PluginManage:310 - Check plugin pinoutandconfiguration
2025-06-18 17:19:34,681 [INFO] PluginManage:359 - Loaded plugin pinoutandconfiguration (category:base,tabindex:1)
2025-06-18 17:19:34,681 [INFO] PluginManage:310 - Check plugin pinoutconfig
2025-06-18 17:19:34,775 [WARN] SupportedApi:132 - Cannot load RTOS API schema: s4s-elt-must-match.1: The content of 'definitions' must match (annotation?, (simpleType | complexType)?, (unique | key | keyref)*)). A problem was found starting at: attribute.
2025-06-18 17:19:34,932 [INFO] PluginManage:359 - Loaded plugin pinoutconfig (category:base,tabindex:0)
2025-06-18 17:19:34,932 [INFO] PluginManage:310 - Check plugin power
2025-06-18 17:19:34,940 [INFO] PluginManage:359 - Loaded plugin power (category:power,tabindex:4)
2025-06-18 17:19:34,941 [INFO] PluginManage:310 - Check plugin projectmanager
2025-06-18 17:19:34,957 [INFO] PluginManage:359 - Loaded plugin projectmanager (category:projectmanager,tabindex:4)
2025-06-18 17:19:34,957 [INFO] PluginManage:310 - Check plugin rif
2025-06-18 17:19:34,963 [INFO] PluginManage:359 - Loaded plugin rif (category:base,tabindex:3)
2025-06-18 17:19:34,965 [INFO] PluginManage:310 - Check plugin thirdparty
2025-06-18 17:19:35,099 [WARN] IntegrityCheckThread:84 - waiting for thirdparty lock release [integrity check]
2025-06-18 17:19:35,099 [INFO] PluginManage:359 - Loaded plugin thirdparty (category:base,tabindex:-1)
2025-06-18 17:19:35,099 [INFO] IntegrityCheckThread:86 - entering critical section [integrity check]
2025-06-18 17:19:35,099 [INFO] PluginManage:310 - Check plugin tools
2025-06-18 17:19:35,100 [INFO] ThirdPartyUpdaterWithRetryManager:70 - Updater plugin not ready yet. [1/15]
2025-06-18 17:19:35,102 [INFO] PluginManage:359 - Loaded plugin tools (category:base,tabindex:7)
2025-06-18 17:19:35,102 [INFO] PluginManage:310 - Check plugin tutovideos
2025-06-18 17:19:35,244 [INFO] PluginManage:359 - Loaded plugin tutovideos (category:base,tabindex:-1)
2025-06-18 17:19:35,244 [INFO] PluginManage:310 - Check plugin updater
2025-06-18 17:19:35,262 [INFO] PluginManage:359 - Loaded plugin updater (category:base,tabindex:12)
2025-06-18 17:19:35,262 [INFO] PluginManage:310 - Check plugin userauth
2025-06-18 17:19:35,266 [INFO] UserAuth:118 - Init User Auth plugin
2025-06-18 17:19:35,266 [INFO] PluginManage:359 - Loaded plugin userauth (category:base,tabindex:14)
2025-06-18 17:19:35,267 [INFO] PluginManage:283 - PluginManage : Loaded plugins [18]
2025-06-18 17:19:35,452 [INFO] PinOutPanel:1589 - setPackage(No Configuration,No Configuration)
2025-06-18 17:19:35,524 [INFO] CADModel:165 - CPN selected for project level
2025-06-18 17:19:35,524 [INFO] CADModel:114 - Register for checkConnection events
2025-06-18 17:19:35,538 [INFO] IPUIPlugin:80 - create IPUIPlugin
2025-06-18 17:19:35,538 [INFO] PluginManager:220 - loadIPPluginJar : add adc
2025-06-18 17:19:35,541 [INFO] IPUIPlugin:80 - create IPUIPlugin
2025-06-18 17:19:35,541 [INFO] PluginManager:220 - loadIPPluginJar : add aes
2025-06-18 17:19:35,542 [INFO] IPUIPlugin:80 - create IPUIPlugin
2025-06-18 17:19:35,543 [INFO] PluginManager:220 - loadIPPluginJar : add can
2025-06-18 17:19:35,543 [INFO] IPUIPlugin:80 - create IPUIPlugin
2025-06-18 17:19:35,544 [INFO] PluginManager:220 - loadIPPluginJar : add comp
2025-06-18 17:19:35,547 [INFO] IPUIPlugin:80 - create IPUIPlugin
2025-06-18 17:19:35,547 [INFO] PluginManager:220 - loadIPPluginJar : add cryp
2025-06-18 17:19:35,549 [INFO] IPUIPlugin:80 - create IPUIPlugin
2025-06-18 17:19:35,549 [INFO] PluginManager:220 - loadIPPluginJar : add ddr_ctrl_phy
2025-06-18 17:19:35,550 [INFO] IPUIPlugin:80 - create IPUIPlugin
2025-06-18 17:19:35,550 [INFO] PluginManager:220 - loadIPPluginJar : add dfsdm
2025-06-18 17:19:35,554 [INFO] IPUIPlugin:80 - create IPUIPlugin
2025-06-18 17:19:35,555 [INFO] PluginManager:220 - loadIPPluginJar : add dma
2025-06-18 17:19:35,558 [INFO] IPUIPlugin:80 - create IPUIPlugin
2025-06-18 17:19:35,558 [INFO] PluginManager:220 - loadIPPluginJar : add dma3
2025-06-18 17:19:35,560 [INFO] IPUIPlugin:80 - create IPUIPlugin
2025-06-18 17:19:35,560 [INFO] PluginManager:220 - loadIPPluginJar : add extmemmanager
2025-06-18 17:19:35,561 [INFO] IPUIPlugin:80 - create IPUIPlugin
2025-06-18 17:19:35,561 [INFO] PluginManager:220 - loadIPPluginJar : add fatfs
2025-06-18 17:19:35,563 [INFO] IPUIPlugin:80 - create IPUIPlugin
2025-06-18 17:19:35,563 [INFO] PluginManager:220 - loadIPPluginJar : add fmc
2025-06-18 17:19:35,568 [INFO] IPUIPlugin:80 - create IPUIPlugin
2025-06-18 17:19:35,568 [INFO] PluginManager:220 - loadIPPluginJar : add freertos
2025-06-18 17:19:35,569 [INFO] IPUIPlugin:80 - create IPUIPlugin
2025-06-18 17:19:35,569 [INFO] PluginManager:220 - loadIPPluginJar : add genericplugin
2025-06-18 17:19:35,570 [INFO] IPUIPlugin:80 - create IPUIPlugin
2025-06-18 17:19:35,570 [INFO] PluginManager:220 - loadIPPluginJar : add gfxmmu
2025-06-18 17:19:35,573 [INFO] IPUIPlugin:80 - create IPUIPlugin
2025-06-18 17:19:35,573 [INFO] PluginManager:220 - loadIPPluginJar : add gic
2025-06-18 17:19:35,577 [INFO] IPUIPlugin:80 - create IPUIPlugin
2025-06-18 17:19:35,577 [INFO] PluginManager:220 - loadIPPluginJar : add gpio
2025-06-18 17:19:35,580 [INFO] IPUIPlugin:80 - create IPUIPlugin
2025-06-18 17:19:35,580 [INFO] PluginManager:220 - loadIPPluginJar : add gtzc
2025-06-18 17:19:35,581 [INFO] IPUIPlugin:80 - create IPUIPlugin
2025-06-18 17:19:35,581 [INFO] PluginManager:220 - loadIPPluginJar : add hash
2025-06-18 17:19:35,583 [INFO] IPUIPlugin:80 - create IPUIPlugin
2025-06-18 17:19:35,584 [INFO] PluginManager:220 - loadIPPluginJar : add i2c
2025-06-18 17:19:35,586 [INFO] IPUIPlugin:80 - create IPUIPlugin
2025-06-18 17:19:35,587 [INFO] PluginManager:220 - loadIPPluginJar : add i2s
2025-06-18 17:19:35,591 [INFO] IPUIPlugin:80 - create IPUIPlugin
2025-06-18 17:19:35,591 [INFO] PluginManager:220 - loadIPPluginJar : add i3c
2025-06-18 17:19:35,593 [INFO] IPUIPlugin:80 - create IPUIPlugin
2025-06-18 17:19:35,594 [INFO] PluginManager:220 - loadIPPluginJar : add ipddr
2025-06-18 17:19:35,599 [INFO] IPUIPlugin:80 - create IPUIPlugin
2025-06-18 17:19:35,599 [INFO] PluginManager:220 - loadIPPluginJar : add linkedlist
2025-06-18 17:19:35,601 [INFO] IPUIPlugin:80 - create IPUIPlugin
2025-06-18 17:19:35,602 [INFO] PluginManager:220 - loadIPPluginJar : add lorawan
2025-06-18 17:19:35,602 [INFO] IPUIPlugin:80 - create IPUIPlugin
2025-06-18 17:19:35,602 [INFO] PluginManager:220 - loadIPPluginJar : add ltdc
2025-06-18 17:19:35,606 [INFO] IPUIPlugin:80 - create IPUIPlugin
2025-06-18 17:19:35,607 [INFO] PluginManager:220 - loadIPPluginJar : add mdma
2025-06-18 17:19:35,609 [INFO] IPUIPlugin:80 - create IPUIPlugin
2025-06-18 17:19:35,610 [INFO] PluginManager:220 - loadIPPluginJar : add nvic
2025-06-18 17:19:35,612 [INFO] IPUIPlugin:80 - create IPUIPlugin
2025-06-18 17:19:35,613 [INFO] PluginManager:220 - loadIPPluginJar : add opamp
2025-06-18 17:19:35,614 [INFO] IPUIPlugin:80 - create IPUIPlugin
2025-06-18 17:19:35,615 [INFO] PluginManager:220 - loadIPPluginJar : add openamp
2025-06-18 17:19:35,618 [INFO] IPUIPlugin:80 - create IPUIPlugin
2025-06-18 17:19:35,618 [INFO] PluginManager:220 - loadIPPluginJar : add pdm2pcm
2025-06-18 17:19:35,623 [INFO] IPUIPlugin:80 - create IPUIPlugin
2025-06-18 17:19:35,625 [INFO] PluginManager:220 - loadIPPluginJar : add plateformsettings
2025-06-18 17:19:35,627 [INFO] IPUIPlugin:80 - create IPUIPlugin
2025-06-18 17:19:35,627 [INFO] PluginManager:220 - loadIPPluginJar : add quadspi
2025-06-18 17:19:35,628 [INFO] IPUIPlugin:80 - create IPUIPlugin
2025-06-18 17:19:35,629 [INFO] PluginManager:220 - loadIPPluginJar : add radio
2025-06-18 17:19:35,631 [INFO] IPUIPlugin:80 - create IPUIPlugin
2025-06-18 17:19:35,631 [INFO] PluginManager:220 - loadIPPluginJar : add resmgrutility
2025-06-18 17:19:35,633 [INFO] IPUIPlugin:80 - create IPUIPlugin
2025-06-18 17:19:35,633 [INFO] PluginManager:220 - loadIPPluginJar : add sai
2025-06-18 17:19:35,635 [INFO] IPUIPlugin:80 - create IPUIPlugin
2025-06-18 17:19:35,635 [INFO] PluginManager:220 - loadIPPluginJar : add spi
2025-06-18 17:19:35,640 [INFO] IPUIPlugin:80 - create IPUIPlugin
2025-06-18 17:19:35,640 [INFO] PluginManager:220 - loadIPPluginJar : add stm32_wpan
2025-06-18 17:19:35,641 [INFO] IPUIPlugin:80 - create IPUIPlugin
2025-06-18 17:19:35,641 [INFO] PluginManager:220 - loadIPPluginJar : add tim
2025-06-18 17:19:35,644 [INFO] IPUIPlugin:80 - create IPUIPlugin
2025-06-18 17:19:35,645 [INFO] PluginManager:220 - loadIPPluginJar : add touchsensing
2025-06-18 17:19:35,646 [INFO] IPUIPlugin:80 - create IPUIPlugin
2025-06-18 17:19:35,646 [INFO] PluginManager:220 - loadIPPluginJar : add tracer_emb
2025-06-18 17:19:35,648 [INFO] IPUIPlugin:80 - create IPUIPlugin
2025-06-18 17:19:35,648 [INFO] PluginManager:220 - loadIPPluginJar : add ts
2025-06-18 17:19:35,649 [INFO] IPUIPlugin:80 - create IPUIPlugin
2025-06-18 17:19:35,649 [INFO] PluginManager:220 - loadIPPluginJar : add tsc
2025-06-18 17:19:35,651 [INFO] IPUIPlugin:80 - create IPUIPlugin
2025-06-18 17:19:35,651 [INFO] PluginManager:220 - loadIPPluginJar : add ucpd
2025-06-18 17:19:35,653 [INFO] IPUIPlugin:80 - create IPUIPlugin
2025-06-18 17:19:35,653 [INFO] PluginManager:220 - loadIPPluginJar : add usart
2025-06-18 17:19:35,656 [INFO] IPUIPlugin:80 - create IPUIPlugin
2025-06-18 17:19:35,656 [INFO] PluginManager:220 - loadIPPluginJar : add usbx
2025-06-18 17:19:35,775 [FATAL] Updater:351 - Updater called before beeing initialized
2025-06-18 17:19:35,793 [INFO] RulesReader:64 - Compatibility file has been processed (302 Rules)
2025-06-18 17:19:35,800 [INFO] RulesReader:64 - Compatibility file has been processed (302 Rules)
2025-06-18 17:19:35,806 [INFO] CADModel:165 - CPN selected for project level
2025-06-18 17:19:35,807 [INFO] CADModel:114 - Register for checkConnection events
2025-06-18 17:19:35,807 [FATAL] Updater:351 - Updater called before beeing initialized
2025-06-18 17:19:35,807 [ERROR] CADModel:125 - Updater not yet initialized, retry later 
2025-06-18 17:19:35,930 [FATAL] Updater:351 - Updater called before beeing initialized
2025-06-18 17:19:35,932 [INFO] CADModel:165 - CPN selected for project level
2025-06-18 17:19:35,932 [INFO] CADModel:114 - Register for checkConnection events
2025-06-18 17:19:35,932 [FATAL] Updater:351 - Updater called before beeing initialized
2025-06-18 17:19:35,932 [ERROR] CADModel:125 - Updater not yet initialized, retry later 
2025-06-18 17:19:35,935 [FATAL] Updater:351 - Updater called before beeing initialized
2025-06-18 17:19:36,009 [FATAL] Updater:351 - Updater called before beeing initialized
2025-06-18 17:19:36,012 [INFO] DbMcusAds:53 - JSON generation date=Wed May 07 17:07:55 CST 2025 (1746608875484)
2025-06-18 17:19:36,012 [FATAL] Updater:351 - Updater called before beeing initialized
2025-06-18 17:19:36,043 [WARN] DetailPanel:346 - Failed to get advertising image, set to default
2025-06-18 17:19:36,252 [FATAL] Updater:351 - Updater called before beeing initialized
2025-06-18 17:19:36,255 [FATAL] Updater:351 - Updater called before beeing initialized
2025-06-18 17:19:36,255 [FATAL] Updater:351 - Updater called before beeing initialized
2025-06-18 17:19:36,255 [WARN] DetailPanel:346 - Failed to get advertising image, set to default
2025-06-18 17:19:36,255 [FATAL] Updater:351 - Updater called before beeing initialized
2025-06-18 17:19:36,291 [ERROR] Updater:1198 - MainUpdater not yet initialized. External WinMGr cannot be set.
2025-06-18 17:19:36,293 [INFO] Updater:1134 - Updater Version found : 6.14.1
2025-06-18 17:19:36,309 [INFO] ApplicationProperties:184 - Using Application install path: D:\software\STM32CubeIDE_1.18.1\STM32CubeIDE\plugins\com.st.stm32cube.common.mx_6.14.1.202504091515
2025-06-18 17:19:37,877 [ERROR] LogOutputStream:75 - [STDERR_REDIRECT] Jun 18, 2025 5:19:37 PM java.util.prefs.WindowsPreferences <init>
2025-06-18 17:19:37,878 [ERROR] LogOutputStream:75 - [STDERR_REDIRECT] WARNING: Could not open/create prefs root node Software\JavaSoft\Prefs at root 0xffffffff80000002. Windows RegCreateKeyEx(...) returned error code 5.
2025-06-18 17:19:37,878 [ERROR] LogOutputStream:75 - [STDERR_REDIRECT] 
2025-06-18 17:19:38,101 [INFO] ThirdPartyUpdaterWithRetryManager:70 - Updater plugin not ready yet. [2/15]
2025-06-18 17:19:40,190 [INFO] MainUpdater:2872 - connection check result : 10
2025-06-18 17:19:40,190 [INFO] MainUpdater:289 - Updater Check For Update Now.
2025-06-18 17:19:40,190 [INFO] MicroXplorer:498 - Change Database Version : DB.6.0.141
2025-06-18 17:19:40,197 [INFO] McuFinderGlobals:63 - Set McuFinder mode to 2 (CubeIDE integrated)
2025-06-18 17:19:40,197 [INFO] UserAuth:171 - activating auth plugin
2025-06-18 17:19:40,200 [INFO] UserAuth:484 - Internet connection configuration mode: 1
2025-06-18 17:19:40,223 [INFO] JxBrowserEngine:152 - Initiate JxBrowser Engine with user profile folder
2025-06-18 17:19:40,358 [INFO] CheckServerUpdateThread:120 - End of CheckServer Thread
2025-06-18 17:19:41,146 [INFO] WebApp:169 - Instantiating new browser for Auth
2025-06-18 17:19:41,284 [WARN] PackLoader:240 - Cannot read IP mode file for STMicroelectronics.FP-SNS-MOTENVWB1.1.4.0
2025-06-18 17:19:41,311 [WARN] PackLoader:240 - Cannot read IP mode file for STMicroelectronics.X-CUBE-DISPLAY.3.0.0
2025-06-18 17:19:41,336 [WARN] PackLoader:240 - Cannot read IP mode file for STMicroelectronics.X-CUBE-BLEMGR.4.0.0
2025-06-18 17:19:41,350 [WARN] PackLoader:240 - Cannot read IP mode file for STMicroelectronics.FP-SNS-SMARTAG2.1.2.0
2025-06-18 17:19:41,359 [WARN] PackLoader:240 - Cannot read IP mode file for STMicroelectronics.FP-SNS-MOTENV1.5.0.0
2025-06-18 17:19:41,375 [WARN] PackLoader:240 - Cannot read IP mode file for STMicroelectronics.X-CUBE-BLE2.3.3.0
2025-06-18 17:19:41,384 [WARN] PackLoader:240 - Cannot read IP mode file for STMicroelectronics.FP-ATR-SIGFOX1.3.2.0
2025-06-18 17:19:41,395 [WARN] PackLoader:240 - Cannot read IP mode file for STMicroelectronics.X-CUBE-EEPRMA1.5.1.0
2025-06-18 17:19:41,406 [WARN] PackLoader:240 - Cannot read IP mode file for STMicroelectronics.X-CUBE-ISPU.2.1.0
2025-06-18 17:19:41,420 [WARN] PackLoader:240 - Cannot read IP mode file for STMicroelectronics.X-CUBE-GNSS1.7.0.1
2025-06-18 17:19:41,486 [WARN] PackLoader:240 - Cannot read IP mode file for STMicroelectronics.FP-SNS-STBOX1.2.0.0
2025-06-18 17:19:41,511 [WARN] PackLoader:240 - Cannot read IP mode file for STMicroelectronics.X-CUBE-IPS.3.1.0
2025-06-18 17:19:41,560 [WARN] PackLoader:240 - Cannot read IP mode file for STMicroelectronics.X-CUBE-ALS.1.0.2
2025-06-18 17:19:41,564 [INFO] ThirdParty:978 - Integrity check success = true
2025-06-18 17:19:41,564 [INFO] IntegrityCheckThread:100 - exiting critical section [integrity check]
2025-06-18 17:19:41,565 [INFO] IntegrityCheckThread:103 - End integrity checks thread
2025-06-18 17:19:42,488 [INFO] WebApp:463 - Apply proxy settings
2025-06-18 17:19:42,488 [INFO] WebApp:548 - Chromium requires no authentication
2025-06-18 17:19:42,497 [INFO] WebApp:491 - Direct internet connection detected
2025-06-18 17:19:42,519 [INFO] WebApp:894 - Register for checkConnection events
2025-06-18 17:19:42,520 [INFO] WebApp:463 - Apply proxy settings
2025-06-18 17:19:42,520 [INFO] WebApp:548 - Chromium requires no authentication
2025-06-18 17:19:42,520 [INFO] WebApp:491 - Direct internet connection detected
2025-06-18 17:19:42,703 [INFO] WebApp:225 - Starting web application
2025-06-18 17:19:42,703 [INFO] WebApp:593 - Web application path used D:\software\STM32CubeIDE_1.18.1\STM32CubeIDE\plugins\com.st.stm32cube.common.mx_6.14.1.202504091515\db\plugins\mcufinder\reactClient1\index.html
2025-06-18 17:19:43,198 [INFO] WebApp:191 - Connection restablished
2025-06-18 19:16:05,082 [INFO] WebApp:194 - Connection lost
2025-06-18 19:16:05,261 [INFO] WebApp:191 - Connection restablished
2025-06-18 19:16:07,438 [INFO] WebApp:194 - Connection lost
2025-06-18 19:16:07,591 [INFO] WebApp:191 - Connection restablished
2025-06-18 19:16:14,507 [INFO] WebApp:194 - Connection lost
2025-06-18 19:16:14,661 [INFO] WebApp:191 - Connection restablished
2025-06-18 19:16:25,955 [INFO] WebApp:194 - Connection lost
2025-06-18 19:16:26,113 [INFO] WebApp:191 - Connection restablished
2025-06-18 20:13:14,819 [ERROR] ConfigurationRetriever:142 - IOException on connection: Read timed out
2025-06-18 20:22:42,727 [ERROR] LogOutputStream:75 - [STDERR_REDIRECT] 
2025-06-18 20:22:42,728 [ERROR] LogOutputStream:75 - [STDERR_REDIRECT] 
