2025-06-10 11:12:33,671 [INFO] Activator:176 - 


2025-06-10 11:12:33,673 [INFO] Activator:177 - !SESSION log4j initialized
2025-06-10 11:12:37,340 [INFO] LogOutputStream:77 - [STDOUT_REDIRECT] 
2025-06-10 11:12:39,600 [INFO] ApplicationProperties:184 - Using Application install path: D:\software\STM32CubeIDE_1.18.1\STM32CubeIDE\plugins\com.st.stm32cube.common.mx_6.14.1.202504091515
2025-06-10 11:12:39,613 [INFO] DbMcusXml:78 - Set database path to: D:\software\STM32CubeIDE_1.18.1\STM32CubeIDE\plugins\com.st.stm32cube.common.mx_6.14.1.202504091515\\db\/mcu/
2025-06-10 11:12:39,614 [INFO] ApiDb:274 - Set plugin database path to: D:\software\STM32CubeIDE_1.18.1\STM32CubeIDE\plugins\com.st.stm32cube.common.mx_6.14.1.202504091515\\db\/plugins/boardmanager/
2025-06-10 11:12:39,614 [WARN] ApiDb:259 - Overriding images path with different value:  => D:\software\STM32CubeIDE_1.18.1\STM32CubeIDE\plugins\com.st.stm32cube.common.mx_6.14.1.202504091515\\db\/plugins/mcufinder/images/
2025-06-10 11:12:39,619 [INFO] ApiDb:250 - Set database path to: C:\Users\luoyipeng\.stmcufinder\plugins\mcufinder//mcu/
2025-06-10 11:12:39,619 [INFO] DbMcusAds:125 - Set database path to: C:\Users\luoyipeng\.stmcufinder\plugins\mcufinder//mcu/
2025-06-10 11:12:39,622 [INFO] CrossReferenceDbSqlite:203 - Set database path to: C:\Users\luoyipeng\.stmcufinder\plugins\mcufinder//mcu/cs/
2025-06-10 11:12:39,741 [INFO] RulesReader:64 - Compatibility file has been processed (302 Rules)
2025-06-10 11:12:39,833 [INFO] DbMcusXml:78 - Set database path to: D:\software\STM32CubeIDE_1.18.1\STM32CubeIDE\plugins\com.st.stm32cube.common.mx_6.14.1.202504091515\\db\/mcu/
2025-06-10 11:12:39,833 [INFO] ApiDb:274 - Set plugin database path to: D:\software\STM32CubeIDE_1.18.1\STM32CubeIDE\plugins\com.st.stm32cube.common.mx_6.14.1.202504091515\\db\/plugins/boardmanager/
2025-06-10 11:12:39,833 [INFO] ApiDb:261 - Set plugin images path to: D:\software\STM32CubeIDE_1.18.1\STM32CubeIDE\plugins\com.st.stm32cube.common.mx_6.14.1.202504091515\\db\/plugins/mcufinder/images/
2025-06-10 11:12:39,833 [WARN] DbFile:41 - Overriding database path with different value: C:\Users\luoyipeng\.stmcufinder\plugins\mcufinder/ => C:\Users\luoyipeng\.stmcufinder\plugins\mcufinder
2025-06-10 11:12:39,833 [INFO] ApiDb:250 - Set database path to: C:\Users\luoyipeng\.stmcufinder\plugins\mcufinder//mcu/
2025-06-10 11:12:39,833 [WARN] DbFile:41 - Overriding database path with different value: C:\Users\luoyipeng\.stmcufinder\plugins\mcufinder/ => C:\Users\luoyipeng\.stmcufinder\plugins\mcufinder
2025-06-10 11:12:39,834 [INFO] DbMcusAds:125 - Set database path to: C:\Users\luoyipeng\.stmcufinder\plugins\mcufinder//mcu/
2025-06-10 11:12:39,834 [WARN] DbFile:41 - Overriding database path with different value: C:\Users\luoyipeng\.stmcufinder\plugins\mcufinder/ => C:\Users\luoyipeng\.stmcufinder\plugins\mcufinder
2025-06-10 11:12:39,834 [WARN] DbFile:41 - Overriding database path with different value: C:\Users\luoyipeng\.stmcufinder\plugins\mcufinder/ => C:\Users\luoyipeng\.stmcufinder\plugins\mcufinder
2025-06-10 11:12:39,834 [INFO] CrossReferenceDbSqlite:203 - Set database path to: C:\Users\luoyipeng\.stmcufinder\plugins\mcufinder//mcu/cs/
2025-06-10 11:12:39,906 [INFO] MainPanel:272 - HeapMemory: 268435456
2025-06-10 11:12:39,975 [INFO] DbMcusXml:78 - Set database path to: D:\software\STM32CubeIDE_1.18.1\STM32CubeIDE\plugins\com.st.stm32cube.common.mx_6.14.1.202504091515\\db\/mcu/
2025-06-10 11:12:39,975 [INFO] ApiDb:274 - Set plugin database path to: D:\software\STM32CubeIDE_1.18.1\STM32CubeIDE\plugins\com.st.stm32cube.common.mx_6.14.1.202504091515\\db\/plugins/boardmanager/
2025-06-10 11:12:39,976 [INFO] ApiDb:261 - Set plugin images path to: D:\software\STM32CubeIDE_1.18.1\STM32CubeIDE\plugins\com.st.stm32cube.common.mx_6.14.1.202504091515\\db\/plugins/mcufinder/images/
2025-06-10 11:12:39,976 [WARN] DbFile:41 - Overriding database path with different value: C:\Users\luoyipeng\.stmcufinder\plugins\mcufinder/ => C:\Users\luoyipeng\.stmcufinder\plugins\mcufinder
2025-06-10 11:12:39,976 [INFO] ApiDb:250 - Set database path to: C:\Users\luoyipeng\.stmcufinder\plugins\mcufinder//mcu/
2025-06-10 11:12:39,976 [WARN] DbFile:41 - Overriding database path with different value: C:\Users\luoyipeng\.stmcufinder\plugins\mcufinder/ => C:\Users\luoyipeng\.stmcufinder\plugins\mcufinder
2025-06-10 11:12:39,976 [INFO] DbMcusAds:125 - Set database path to: C:\Users\luoyipeng\.stmcufinder\plugins\mcufinder//mcu/
2025-06-10 11:12:39,976 [WARN] DbFile:41 - Overriding database path with different value: C:\Users\luoyipeng\.stmcufinder\plugins\mcufinder/ => C:\Users\luoyipeng\.stmcufinder\plugins\mcufinder
2025-06-10 11:12:39,976 [WARN] DbFile:41 - Overriding database path with different value: C:\Users\luoyipeng\.stmcufinder\plugins\mcufinder/ => C:\Users\luoyipeng\.stmcufinder\plugins\mcufinder
2025-06-10 11:12:39,976 [INFO] CrossReferenceDbSqlite:203 - Set database path to: C:\Users\luoyipeng\.stmcufinder\plugins\mcufinder//mcu/cs/
2025-06-10 11:12:39,992 [INFO] ApplicationProperties:184 - Using Application install path: D:\software\STM32CubeIDE_1.18.1\STM32CubeIDE\plugins\com.st.stm32cube.common.mx_6.14.1.202504091515
2025-06-10 11:12:39,993 [INFO] PluginManage:196 - Search for loadable plugins [exclusion list=, ]
2025-06-10 11:12:39,994 [INFO] PluginManage:310 - Check plugin analytics
2025-06-10 11:12:40,198 [INFO] AnalyticsPlugin:253 - Accepted Software Licenses: STM32CubeMX.6.14.1
2025-06-10 11:12:40,198 [INFO] AnalyticsPlugin:255 - Accepted CMSIS Pack Licenses: 
2025-06-10 11:12:40,198 [INFO] AnalyticsPlugin:257 - Accepted Firmware Licenses: 
2025-06-10 11:12:40,202 [INFO] PluginManage:359 - Loaded plugin analytics (category:tool,tabindex:-1)
2025-06-10 11:12:40,202 [INFO] PluginManage:310 - Check plugin cadmodel
2025-06-10 11:12:40,206 [INFO] CADModel:105 - Init CAD model plugin
2025-06-10 11:12:40,207 [INFO] PluginManage:359 - Loaded plugin cadmodel (category:power,tabindex:5)
2025-06-10 11:12:40,207 [INFO] PluginManage:310 - Check plugin clock
2025-06-10 11:12:40,217 [INFO] PluginManage:359 - Loaded plugin clock (category:base,tabindex:2)
2025-06-10 11:12:40,218 [INFO] PluginManage:310 - Check plugin ddr
2025-06-10 11:12:40,221 [INFO] PluginManage:359 - Loaded plugin ddr (category:tool,tabindex:6)
2025-06-10 11:12:40,221 [INFO] PluginManage:310 - Check plugin filemanager
2025-06-10 11:12:40,436 [INFO] PluginManage:359 - Loaded plugin filemanager (category:base,tabindex:10)
2025-06-10 11:12:40,436 [INFO] PluginManage:310 - Check plugin ipmanager
2025-06-10 11:12:40,443 [INFO] PluginManage:359 - Loaded plugin ipmanager (category:base,tabindex:5)
2025-06-10 11:12:40,443 [INFO] PluginManage:310 - Check plugin lpbam
2025-06-10 11:12:40,452 [INFO] PluginManage:359 - Loaded plugin lpbam (category:base,tabindex:0)
2025-06-10 11:12:40,452 [INFO] PluginManage:310 - Check plugin memorymap
2025-06-10 11:12:40,465 [INFO] PluginManage:359 - Loaded plugin memorymap (category:base,tabindex:4)
2025-06-10 11:12:40,467 [INFO] PluginManage:310 - Check plugin pinoutandconfiguration
2025-06-10 11:12:40,473 [INFO] PluginManage:359 - Loaded plugin pinoutandconfiguration (category:base,tabindex:1)
2025-06-10 11:12:40,474 [INFO] PluginManage:310 - Check plugin pinoutconfig
2025-06-10 11:12:40,561 [WARN] SupportedApi:132 - Cannot load RTOS API schema: s4s-elt-must-match.1: The content of 'definitions' must match (annotation?, (simpleType | complexType)?, (unique | key | keyref)*)). A problem was found starting at: attribute.
2025-06-10 11:12:40,675 [INFO] PluginManage:359 - Loaded plugin pinoutconfig (category:base,tabindex:0)
2025-06-10 11:12:40,675 [INFO] PluginManage:310 - Check plugin power
2025-06-10 11:12:40,686 [INFO] PluginManage:359 - Loaded plugin power (category:power,tabindex:4)
2025-06-10 11:12:40,686 [INFO] PluginManage:310 - Check plugin projectmanager
2025-06-10 11:12:40,703 [INFO] PluginManage:359 - Loaded plugin projectmanager (category:projectmanager,tabindex:4)
2025-06-10 11:12:40,704 [INFO] PluginManage:310 - Check plugin rif
2025-06-10 11:12:40,710 [INFO] PluginManage:359 - Loaded plugin rif (category:base,tabindex:3)
2025-06-10 11:12:40,711 [INFO] PluginManage:310 - Check plugin thirdparty
2025-06-10 11:12:40,847 [INFO] PluginManage:359 - Loaded plugin thirdparty (category:base,tabindex:-1)
2025-06-10 11:12:40,847 [INFO] PluginManage:310 - Check plugin tools
2025-06-10 11:12:40,847 [WARN] IntegrityCheckThread:84 - waiting for thirdparty lock release [integrity check]
2025-06-10 11:12:40,848 [INFO] IntegrityCheckThread:86 - entering critical section [integrity check]
2025-06-10 11:12:40,849 [INFO] ThirdPartyUpdaterWithRetryManager:70 - Updater plugin not ready yet. [1/15]
2025-06-10 11:12:40,852 [INFO] PluginManage:359 - Loaded plugin tools (category:base,tabindex:7)
2025-06-10 11:12:40,852 [INFO] PluginManage:310 - Check plugin tutovideos
2025-06-10 11:12:41,030 [INFO] PluginManage:359 - Loaded plugin tutovideos (category:base,tabindex:-1)
2025-06-10 11:12:41,030 [INFO] PluginManage:310 - Check plugin updater
2025-06-10 11:12:41,052 [INFO] PluginManage:359 - Loaded plugin updater (category:base,tabindex:12)
2025-06-10 11:12:41,052 [INFO] PluginManage:310 - Check plugin userauth
2025-06-10 11:12:41,056 [INFO] UserAuth:118 - Init User Auth plugin
2025-06-10 11:12:41,057 [INFO] PluginManage:359 - Loaded plugin userauth (category:base,tabindex:14)
2025-06-10 11:12:41,057 [INFO] PluginManage:283 - PluginManage : Loaded plugins [18]
2025-06-10 11:12:41,309 [INFO] PinOutPanel:1589 - setPackage(No Configuration,No Configuration)
2025-06-10 11:12:41,394 [INFO] CADModel:165 - CPN selected for project level
2025-06-10 11:12:41,394 [INFO] CADModel:114 - Register for checkConnection events
2025-06-10 11:12:41,411 [INFO] IPUIPlugin:80 - create IPUIPlugin
2025-06-10 11:12:41,411 [INFO] PluginManager:220 - loadIPPluginJar : add adc
2025-06-10 11:12:41,413 [INFO] IPUIPlugin:80 - create IPUIPlugin
2025-06-10 11:12:41,413 [INFO] PluginManager:220 - loadIPPluginJar : add aes
2025-06-10 11:12:41,417 [INFO] IPUIPlugin:80 - create IPUIPlugin
2025-06-10 11:12:41,418 [INFO] PluginManager:220 - loadIPPluginJar : add can
2025-06-10 11:12:41,421 [INFO] IPUIPlugin:80 - create IPUIPlugin
2025-06-10 11:12:41,422 [INFO] PluginManager:220 - loadIPPluginJar : add comp
2025-06-10 11:12:41,425 [INFO] IPUIPlugin:80 - create IPUIPlugin
2025-06-10 11:12:41,425 [INFO] PluginManager:220 - loadIPPluginJar : add cryp
2025-06-10 11:12:41,429 [INFO] IPUIPlugin:80 - create IPUIPlugin
2025-06-10 11:12:41,429 [INFO] PluginManager:220 - loadIPPluginJar : add ddr_ctrl_phy
2025-06-10 11:12:41,432 [INFO] IPUIPlugin:80 - create IPUIPlugin
2025-06-10 11:12:41,432 [INFO] PluginManager:220 - loadIPPluginJar : add dfsdm
2025-06-10 11:12:41,439 [INFO] IPUIPlugin:80 - create IPUIPlugin
2025-06-10 11:12:41,441 [INFO] PluginManager:220 - loadIPPluginJar : add dma
2025-06-10 11:12:41,443 [INFO] IPUIPlugin:80 - create IPUIPlugin
2025-06-10 11:12:41,443 [INFO] PluginManager:220 - loadIPPluginJar : add dma3
2025-06-10 11:12:41,445 [INFO] IPUIPlugin:80 - create IPUIPlugin
2025-06-10 11:12:41,445 [INFO] PluginManager:220 - loadIPPluginJar : add extmemmanager
2025-06-10 11:12:41,446 [INFO] IPUIPlugin:80 - create IPUIPlugin
2025-06-10 11:12:41,446 [INFO] PluginManager:220 - loadIPPluginJar : add fatfs
2025-06-10 11:12:41,451 [INFO] IPUIPlugin:80 - create IPUIPlugin
2025-06-10 11:12:41,451 [INFO] PluginManager:220 - loadIPPluginJar : add fmc
2025-06-10 11:12:41,456 [INFO] IPUIPlugin:80 - create IPUIPlugin
2025-06-10 11:12:41,456 [INFO] PluginManager:220 - loadIPPluginJar : add freertos
2025-06-10 11:12:41,458 [INFO] IPUIPlugin:80 - create IPUIPlugin
2025-06-10 11:12:41,458 [INFO] PluginManager:220 - loadIPPluginJar : add genericplugin
2025-06-10 11:12:41,460 [INFO] IPUIPlugin:80 - create IPUIPlugin
2025-06-10 11:12:41,460 [INFO] PluginManager:220 - loadIPPluginJar : add gfxmmu
2025-06-10 11:12:41,465 [INFO] IPUIPlugin:80 - create IPUIPlugin
2025-06-10 11:12:41,465 [INFO] PluginManager:220 - loadIPPluginJar : add gic
2025-06-10 11:12:41,470 [INFO] IPUIPlugin:80 - create IPUIPlugin
2025-06-10 11:12:41,471 [INFO] PluginManager:220 - loadIPPluginJar : add gpio
2025-06-10 11:12:41,479 [INFO] IPUIPlugin:80 - create IPUIPlugin
2025-06-10 11:12:41,480 [INFO] PluginManager:220 - loadIPPluginJar : add gtzc
2025-06-10 11:12:41,486 [INFO] IPUIPlugin:80 - create IPUIPlugin
2025-06-10 11:12:41,486 [INFO] PluginManager:220 - loadIPPluginJar : add hash
2025-06-10 11:12:41,488 [INFO] IPUIPlugin:80 - create IPUIPlugin
2025-06-10 11:12:41,490 [INFO] PluginManager:220 - loadIPPluginJar : add i2c
2025-06-10 11:12:41,492 [INFO] IPUIPlugin:80 - create IPUIPlugin
2025-06-10 11:12:41,492 [INFO] PluginManager:220 - loadIPPluginJar : add i2s
2025-06-10 11:12:41,495 [INFO] IPUIPlugin:80 - create IPUIPlugin
2025-06-10 11:12:41,495 [INFO] PluginManager:220 - loadIPPluginJar : add i3c
2025-06-10 11:12:41,500 [INFO] IPUIPlugin:80 - create IPUIPlugin
2025-06-10 11:12:41,501 [INFO] PluginManager:220 - loadIPPluginJar : add ipddr
2025-06-10 11:12:41,507 [INFO] IPUIPlugin:80 - create IPUIPlugin
2025-06-10 11:12:41,508 [INFO] PluginManager:220 - loadIPPluginJar : add linkedlist
2025-06-10 11:12:41,510 [INFO] IPUIPlugin:80 - create IPUIPlugin
2025-06-10 11:12:41,511 [INFO] PluginManager:220 - loadIPPluginJar : add lorawan
2025-06-10 11:12:41,513 [INFO] IPUIPlugin:80 - create IPUIPlugin
2025-06-10 11:12:41,514 [INFO] PluginManager:220 - loadIPPluginJar : add ltdc
2025-06-10 11:12:41,519 [INFO] IPUIPlugin:80 - create IPUIPlugin
2025-06-10 11:12:41,519 [INFO] PluginManager:220 - loadIPPluginJar : add mdma
2025-06-10 11:12:41,522 [INFO] IPUIPlugin:80 - create IPUIPlugin
2025-06-10 11:12:41,522 [INFO] PluginManager:220 - loadIPPluginJar : add nvic
2025-06-10 11:12:41,525 [INFO] IPUIPlugin:80 - create IPUIPlugin
2025-06-10 11:12:41,525 [INFO] PluginManager:220 - loadIPPluginJar : add opamp
2025-06-10 11:12:41,528 [INFO] IPUIPlugin:80 - create IPUIPlugin
2025-06-10 11:12:41,529 [INFO] PluginManager:220 - loadIPPluginJar : add openamp
2025-06-10 11:12:41,532 [INFO] IPUIPlugin:80 - create IPUIPlugin
2025-06-10 11:12:41,533 [INFO] PluginManager:220 - loadIPPluginJar : add pdm2pcm
2025-06-10 11:12:41,539 [INFO] IPUIPlugin:80 - create IPUIPlugin
2025-06-10 11:12:41,542 [INFO] PluginManager:220 - loadIPPluginJar : add plateformsettings
2025-06-10 11:12:41,545 [INFO] IPUIPlugin:80 - create IPUIPlugin
2025-06-10 11:12:41,545 [INFO] PluginManager:220 - loadIPPluginJar : add quadspi
2025-06-10 11:12:41,547 [INFO] IPUIPlugin:80 - create IPUIPlugin
2025-06-10 11:12:41,547 [INFO] PluginManager:220 - loadIPPluginJar : add radio
2025-06-10 11:12:41,550 [INFO] IPUIPlugin:80 - create IPUIPlugin
2025-06-10 11:12:41,550 [INFO] PluginManager:220 - loadIPPluginJar : add resmgrutility
2025-06-10 11:12:41,554 [INFO] IPUIPlugin:80 - create IPUIPlugin
2025-06-10 11:12:41,554 [INFO] PluginManager:220 - loadIPPluginJar : add sai
2025-06-10 11:12:41,556 [INFO] IPUIPlugin:80 - create IPUIPlugin
2025-06-10 11:12:41,556 [INFO] PluginManager:220 - loadIPPluginJar : add spi
2025-06-10 11:12:41,564 [INFO] IPUIPlugin:80 - create IPUIPlugin
2025-06-10 11:12:41,565 [INFO] PluginManager:220 - loadIPPluginJar : add stm32_wpan
2025-06-10 11:12:41,566 [INFO] IPUIPlugin:80 - create IPUIPlugin
2025-06-10 11:12:41,566 [INFO] PluginManager:220 - loadIPPluginJar : add tim
2025-06-10 11:12:41,569 [INFO] IPUIPlugin:80 - create IPUIPlugin
2025-06-10 11:12:41,569 [INFO] PluginManager:220 - loadIPPluginJar : add touchsensing
2025-06-10 11:12:41,571 [INFO] IPUIPlugin:80 - create IPUIPlugin
2025-06-10 11:12:41,571 [INFO] PluginManager:220 - loadIPPluginJar : add tracer_emb
2025-06-10 11:12:41,574 [INFO] IPUIPlugin:80 - create IPUIPlugin
2025-06-10 11:12:41,574 [INFO] PluginManager:220 - loadIPPluginJar : add ts
2025-06-10 11:12:41,575 [INFO] IPUIPlugin:80 - create IPUIPlugin
2025-06-10 11:12:41,576 [INFO] PluginManager:220 - loadIPPluginJar : add tsc
2025-06-10 11:12:41,577 [INFO] IPUIPlugin:80 - create IPUIPlugin
2025-06-10 11:12:41,578 [INFO] PluginManager:220 - loadIPPluginJar : add ucpd
2025-06-10 11:12:41,580 [INFO] IPUIPlugin:80 - create IPUIPlugin
2025-06-10 11:12:41,580 [INFO] PluginManager:220 - loadIPPluginJar : add usart
2025-06-10 11:12:41,585 [INFO] IPUIPlugin:80 - create IPUIPlugin
2025-06-10 11:12:41,585 [INFO] PluginManager:220 - loadIPPluginJar : add usbx
2025-06-10 11:12:41,723 [FATAL] Updater:351 - Updater called before beeing initialized
2025-06-10 11:12:41,750 [INFO] RulesReader:64 - Compatibility file has been processed (302 Rules)
2025-06-10 11:12:41,759 [INFO] RulesReader:64 - Compatibility file has been processed (302 Rules)
2025-06-10 11:12:41,768 [INFO] CADModel:165 - CPN selected for project level
2025-06-10 11:12:41,768 [INFO] CADModel:114 - Register for checkConnection events
2025-06-10 11:12:41,768 [FATAL] Updater:351 - Updater called before beeing initialized
2025-06-10 11:12:41,768 [ERROR] CADModel:125 - Updater not yet initialized, retry later 
2025-06-10 11:12:41,945 [FATAL] Updater:351 - Updater called before beeing initialized
2025-06-10 11:12:41,947 [INFO] CADModel:165 - CPN selected for project level
2025-06-10 11:12:41,947 [INFO] CADModel:114 - Register for checkConnection events
2025-06-10 11:12:41,947 [FATAL] Updater:351 - Updater called before beeing initialized
2025-06-10 11:12:41,948 [ERROR] CADModel:125 - Updater not yet initialized, retry later 
2025-06-10 11:12:41,951 [FATAL] Updater:351 - Updater called before beeing initialized
2025-06-10 11:12:42,062 [FATAL] Updater:351 - Updater called before beeing initialized
2025-06-10 11:12:42,066 [INFO] DbMcusAds:53 - JSON generation date=Wed May 07 17:07:55 CST 2025 (1746608875484)
2025-06-10 11:12:42,066 [FATAL] Updater:351 - Updater called before beeing initialized
2025-06-10 11:12:42,096 [WARN] DetailPanel:346 - Failed to get advertising image, set to default
2025-06-10 11:12:42,308 [FATAL] Updater:351 - Updater called before beeing initialized
2025-06-10 11:12:42,309 [FATAL] Updater:351 - Updater called before beeing initialized
2025-06-10 11:12:42,309 [FATAL] Updater:351 - Updater called before beeing initialized
2025-06-10 11:12:42,309 [WARN] DetailPanel:346 - Failed to get advertising image, set to default
2025-06-10 11:12:42,310 [FATAL] Updater:351 - Updater called before beeing initialized
2025-06-10 11:12:42,344 [ERROR] Updater:1198 - MainUpdater not yet initialized. External WinMGr cannot be set.
2025-06-10 11:12:42,347 [INFO] Updater:1134 - Updater Version found : 6.14.1
2025-06-10 11:12:42,360 [INFO] ApplicationProperties:184 - Using Application install path: D:\software\STM32CubeIDE_1.18.1\STM32CubeIDE\plugins\com.st.stm32cube.common.mx_6.14.1.202504091515
2025-06-10 11:12:43,850 [INFO] ThirdPartyUpdaterWithRetryManager:70 - Updater plugin not ready yet. [2/15]
2025-06-10 11:12:43,929 [ERROR] LogOutputStream:75 - [STDERR_REDIRECT] Jun 10, 2025 11:12:43 AM java.util.prefs.WindowsPreferences <init>
2025-06-10 11:12:43,930 [ERROR] LogOutputStream:75 - [STDERR_REDIRECT] WARNING: Could not open/create prefs root node Software\JavaSoft\Prefs at root 0xffffffff80000002. Windows RegCreateKeyEx(...) returned error code 5.
2025-06-10 11:12:43,930 [ERROR] LogOutputStream:75 - [STDERR_REDIRECT] 
2025-06-10 11:12:45,288 [INFO] MainUpdater:2872 - connection check result : 10
2025-06-10 11:12:45,289 [INFO] MainUpdater:289 - Updater Check For Update Now.
2025-06-10 11:12:45,289 [INFO] MicroXplorer:498 - Change Database Version : DB.6.0.141
2025-06-10 11:12:45,293 [INFO] McuFinderGlobals:63 - Set McuFinder mode to 2 (CubeIDE integrated)
2025-06-10 11:12:45,293 [INFO] UserAuth:171 - activating auth plugin
2025-06-10 11:12:45,296 [INFO] UserAuth:484 - Internet connection configuration mode: 1
2025-06-10 11:12:45,311 [INFO] JxBrowserEngine:152 - Initiate JxBrowser Engine with user profile folder
2025-06-10 11:12:45,466 [INFO] CheckServerUpdateThread:120 - End of CheckServer Thread
2025-06-10 11:12:46,158 [INFO] WebApp:169 - Instantiating new browser for Auth
2025-06-10 11:12:46,988 [INFO] WebApp:463 - Apply proxy settings
2025-06-10 11:12:46,988 [INFO] WebApp:548 - Chromium requires no authentication
2025-06-10 11:12:46,998 [INFO] WebApp:491 - Direct internet connection detected
2025-06-10 11:12:47,021 [WARN] PackLoader:240 - Cannot read IP mode file for STMicroelectronics.FP-SNS-MOTENVWB1.1.4.0
2025-06-10 11:12:47,036 [INFO] WebApp:894 - Register for checkConnection events
2025-06-10 11:12:47,036 [INFO] WebApp:463 - Apply proxy settings
2025-06-10 11:12:47,037 [INFO] WebApp:548 - Chromium requires no authentication
2025-06-10 11:12:47,038 [INFO] WebApp:491 - Direct internet connection detected
2025-06-10 11:12:47,047 [WARN] PackLoader:240 - Cannot read IP mode file for STMicroelectronics.X-CUBE-DISPLAY.3.0.0
2025-06-10 11:12:47,079 [WARN] PackLoader:240 - Cannot read IP mode file for STMicroelectronics.X-CUBE-BLEMGR.4.0.0
2025-06-10 11:12:47,098 [WARN] PackLoader:240 - Cannot read IP mode file for STMicroelectronics.FP-SNS-SMARTAG2.1.2.0
2025-06-10 11:12:47,107 [WARN] PackLoader:240 - Cannot read IP mode file for STMicroelectronics.FP-SNS-MOTENV1.5.0.0
2025-06-10 11:12:47,118 [WARN] PackLoader:240 - Cannot read IP mode file for STMicroelectronics.X-CUBE-BLE2.3.3.0
2025-06-10 11:12:47,125 [WARN] PackLoader:240 - Cannot read IP mode file for STMicroelectronics.FP-ATR-SIGFOX1.3.2.0
2025-06-10 11:12:47,136 [WARN] PackLoader:240 - Cannot read IP mode file for STMicroelectronics.X-CUBE-EEPRMA1.5.1.0
2025-06-10 11:12:47,145 [WARN] PackLoader:240 - Cannot read IP mode file for STMicroelectronics.X-CUBE-ISPU.2.1.0
2025-06-10 11:12:47,156 [WARN] PackLoader:240 - Cannot read IP mode file for STMicroelectronics.X-CUBE-GNSS1.7.0.1
2025-06-10 11:12:47,168 [WARN] PackLoader:240 - Cannot read IP mode file for STMicroelectronics.FP-SNS-STBOX1.2.0.0
2025-06-10 11:12:47,192 [WARN] PackLoader:240 - Cannot read IP mode file for STMicroelectronics.X-CUBE-IPS.3.1.0
2025-06-10 11:12:47,210 [WARN] PackLoader:240 - Cannot read IP mode file for STMicroelectronics.X-CUBE-ALS.1.0.2
2025-06-10 11:12:47,212 [INFO] ThirdParty:978 - Integrity check success = true
2025-06-10 11:12:47,212 [INFO] IntegrityCheckThread:100 - exiting critical section [integrity check]
2025-06-10 11:12:47,212 [INFO] IntegrityCheckThread:103 - End integrity checks thread
2025-06-10 11:12:47,310 [INFO] WebApp:225 - Starting web application
2025-06-10 11:12:47,310 [INFO] WebApp:593 - Web application path used D:\software\STM32CubeIDE_1.18.1\STM32CubeIDE\plugins\com.st.stm32cube.common.mx_6.14.1.202504091515\db\plugins\mcufinder\reactClient1\index.html
2025-06-10 11:12:48,003 [INFO] WebApp:191 - Connection restablished
2025-06-10 11:13:42,596 [ERROR] LogOutputStream:75 - [STDERR_REDIRECT] 
2025-06-10 11:13:42,596 [ERROR] LogOutputStream:75 - [STDERR_REDIRECT] 
2025-06-10 11:15:37,421 [INFO] Activator:176 - 


2025-06-10 11:15:37,423 [INFO] Activator:177 - !SESSION log4j initialized
2025-06-10 11:15:40,758 [INFO] LogOutputStream:77 - [STDOUT_REDIRECT] 
2025-06-10 11:15:53,157 [INFO] ApplicationProperties:184 - Using Application install path: D:\software\STM32CubeIDE_1.18.1\STM32CubeIDE\plugins\com.st.stm32cube.common.mx_6.14.1.202504091515
2025-06-10 11:15:53,171 [INFO] DbMcusXml:78 - Set database path to: D:\software\STM32CubeIDE_1.18.1\STM32CubeIDE\plugins\com.st.stm32cube.common.mx_6.14.1.202504091515\\db\/mcu/
2025-06-10 11:15:53,171 [INFO] ApiDb:274 - Set plugin database path to: D:\software\STM32CubeIDE_1.18.1\STM32CubeIDE\plugins\com.st.stm32cube.common.mx_6.14.1.202504091515\\db\/plugins/boardmanager/
2025-06-10 11:15:53,171 [WARN] ApiDb:259 - Overriding images path with different value:  => D:\software\STM32CubeIDE_1.18.1\STM32CubeIDE\plugins\com.st.stm32cube.common.mx_6.14.1.202504091515\\db\/plugins/mcufinder/images/
2025-06-10 11:15:53,177 [INFO] ApiDb:250 - Set database path to: C:\Users\luoyipeng\.stmcufinder\plugins\mcufinder//mcu/
2025-06-10 11:15:53,178 [INFO] DbMcusAds:125 - Set database path to: C:\Users\luoyipeng\.stmcufinder\plugins\mcufinder//mcu/
2025-06-10 11:15:53,190 [INFO] CrossReferenceDbSqlite:203 - Set database path to: C:\Users\luoyipeng\.stmcufinder\plugins\mcufinder//mcu/cs/
2025-06-10 11:15:53,290 [INFO] RulesReader:64 - Compatibility file has been processed (302 Rules)
2025-06-10 11:15:53,359 [INFO] DbMcusXml:78 - Set database path to: D:\software\STM32CubeIDE_1.18.1\STM32CubeIDE\plugins\com.st.stm32cube.common.mx_6.14.1.202504091515\\db\/mcu/
2025-06-10 11:15:53,359 [INFO] ApiDb:274 - Set plugin database path to: D:\software\STM32CubeIDE_1.18.1\STM32CubeIDE\plugins\com.st.stm32cube.common.mx_6.14.1.202504091515\\db\/plugins/boardmanager/
2025-06-10 11:15:53,359 [INFO] ApiDb:261 - Set plugin images path to: D:\software\STM32CubeIDE_1.18.1\STM32CubeIDE\plugins\com.st.stm32cube.common.mx_6.14.1.202504091515\\db\/plugins/mcufinder/images/
2025-06-10 11:15:53,359 [WARN] DbFile:41 - Overriding database path with different value: C:\Users\luoyipeng\.stmcufinder\plugins\mcufinder/ => C:\Users\luoyipeng\.stmcufinder\plugins\mcufinder
2025-06-10 11:15:53,359 [INFO] ApiDb:250 - Set database path to: C:\Users\luoyipeng\.stmcufinder\plugins\mcufinder//mcu/
2025-06-10 11:15:53,359 [WARN] DbFile:41 - Overriding database path with different value: C:\Users\luoyipeng\.stmcufinder\plugins\mcufinder/ => C:\Users\luoyipeng\.stmcufinder\plugins\mcufinder
2025-06-10 11:15:53,359 [INFO] DbMcusAds:125 - Set database path to: C:\Users\luoyipeng\.stmcufinder\plugins\mcufinder//mcu/
2025-06-10 11:15:53,359 [WARN] DbFile:41 - Overriding database path with different value: C:\Users\luoyipeng\.stmcufinder\plugins\mcufinder/ => C:\Users\luoyipeng\.stmcufinder\plugins\mcufinder
2025-06-10 11:15:53,359 [WARN] DbFile:41 - Overriding database path with different value: C:\Users\luoyipeng\.stmcufinder\plugins\mcufinder/ => C:\Users\luoyipeng\.stmcufinder\plugins\mcufinder
2025-06-10 11:15:53,359 [INFO] CrossReferenceDbSqlite:203 - Set database path to: C:\Users\luoyipeng\.stmcufinder\plugins\mcufinder//mcu/cs/
2025-06-10 11:15:53,412 [INFO] MainPanel:272 - HeapMemory: 268435456
2025-06-10 11:15:53,467 [INFO] DbMcusXml:78 - Set database path to: D:\software\STM32CubeIDE_1.18.1\STM32CubeIDE\plugins\com.st.stm32cube.common.mx_6.14.1.202504091515\\db\/mcu/
2025-06-10 11:15:53,467 [INFO] ApiDb:274 - Set plugin database path to: D:\software\STM32CubeIDE_1.18.1\STM32CubeIDE\plugins\com.st.stm32cube.common.mx_6.14.1.202504091515\\db\/plugins/boardmanager/
2025-06-10 11:15:53,468 [INFO] ApiDb:261 - Set plugin images path to: D:\software\STM32CubeIDE_1.18.1\STM32CubeIDE\plugins\com.st.stm32cube.common.mx_6.14.1.202504091515\\db\/plugins/mcufinder/images/
2025-06-10 11:15:53,468 [WARN] DbFile:41 - Overriding database path with different value: C:\Users\luoyipeng\.stmcufinder\plugins\mcufinder/ => C:\Users\luoyipeng\.stmcufinder\plugins\mcufinder
2025-06-10 11:15:53,468 [INFO] ApiDb:250 - Set database path to: C:\Users\luoyipeng\.stmcufinder\plugins\mcufinder//mcu/
2025-06-10 11:15:53,468 [WARN] DbFile:41 - Overriding database path with different value: C:\Users\luoyipeng\.stmcufinder\plugins\mcufinder/ => C:\Users\luoyipeng\.stmcufinder\plugins\mcufinder
2025-06-10 11:15:53,468 [INFO] DbMcusAds:125 - Set database path to: C:\Users\luoyipeng\.stmcufinder\plugins\mcufinder//mcu/
2025-06-10 11:15:53,468 [WARN] DbFile:41 - Overriding database path with different value: C:\Users\luoyipeng\.stmcufinder\plugins\mcufinder/ => C:\Users\luoyipeng\.stmcufinder\plugins\mcufinder
2025-06-10 11:15:53,468 [WARN] DbFile:41 - Overriding database path with different value: C:\Users\luoyipeng\.stmcufinder\plugins\mcufinder/ => C:\Users\luoyipeng\.stmcufinder\plugins\mcufinder
2025-06-10 11:15:53,468 [INFO] CrossReferenceDbSqlite:203 - Set database path to: C:\Users\luoyipeng\.stmcufinder\plugins\mcufinder//mcu/cs/
2025-06-10 11:15:53,482 [INFO] ApplicationProperties:184 - Using Application install path: D:\software\STM32CubeIDE_1.18.1\STM32CubeIDE\plugins\com.st.stm32cube.common.mx_6.14.1.202504091515
2025-06-10 11:15:53,483 [INFO] PluginManage:196 - Search for loadable plugins [exclusion list=, ]
2025-06-10 11:15:53,484 [INFO] PluginManage:310 - Check plugin analytics
2025-06-10 11:15:53,761 [INFO] AnalyticsPlugin:253 - Accepted Software Licenses: STM32CubeMX.6.14.1
2025-06-10 11:15:53,761 [INFO] AnalyticsPlugin:255 - Accepted CMSIS Pack Licenses: 
2025-06-10 11:15:53,761 [INFO] AnalyticsPlugin:257 - Accepted Firmware Licenses: 
2025-06-10 11:15:53,763 [INFO] PluginManage:359 - Loaded plugin analytics (category:tool,tabindex:-1)
2025-06-10 11:15:53,763 [INFO] PluginManage:310 - Check plugin cadmodel
2025-06-10 11:15:53,766 [INFO] CADModel:105 - Init CAD model plugin
2025-06-10 11:15:53,766 [INFO] PluginManage:359 - Loaded plugin cadmodel (category:power,tabindex:5)
2025-06-10 11:15:53,766 [INFO] PluginManage:310 - Check plugin clock
2025-06-10 11:15:53,772 [INFO] PluginManage:359 - Loaded plugin clock (category:base,tabindex:2)
2025-06-10 11:15:53,772 [INFO] PluginManage:310 - Check plugin ddr
2025-06-10 11:15:53,774 [INFO] PluginManage:359 - Loaded plugin ddr (category:tool,tabindex:6)
2025-06-10 11:15:53,774 [INFO] PluginManage:310 - Check plugin filemanager
2025-06-10 11:15:53,920 [INFO] PluginManage:359 - Loaded plugin filemanager (category:base,tabindex:10)
2025-06-10 11:15:53,920 [INFO] PluginManage:310 - Check plugin ipmanager
2025-06-10 11:15:53,925 [INFO] PluginManage:359 - Loaded plugin ipmanager (category:base,tabindex:5)
2025-06-10 11:15:53,926 [INFO] PluginManage:310 - Check plugin lpbam
2025-06-10 11:15:53,933 [INFO] PluginManage:359 - Loaded plugin lpbam (category:base,tabindex:0)
2025-06-10 11:15:53,933 [INFO] PluginManage:310 - Check plugin memorymap
2025-06-10 11:15:53,942 [INFO] PluginManage:359 - Loaded plugin memorymap (category:base,tabindex:4)
2025-06-10 11:15:53,942 [INFO] PluginManage:310 - Check plugin pinoutandconfiguration
2025-06-10 11:15:53,947 [INFO] PluginManage:359 - Loaded plugin pinoutandconfiguration (category:base,tabindex:1)
2025-06-10 11:15:53,947 [INFO] PluginManage:310 - Check plugin pinoutconfig
2025-06-10 11:15:54,004 [WARN] SupportedApi:132 - Cannot load RTOS API schema: s4s-elt-must-match.1: The content of 'definitions' must match (annotation?, (simpleType | complexType)?, (unique | key | keyref)*)). A problem was found starting at: attribute.
2025-06-10 11:15:54,088 [INFO] PluginManage:359 - Loaded plugin pinoutconfig (category:base,tabindex:0)
2025-06-10 11:15:54,088 [INFO] PluginManage:310 - Check plugin power
2025-06-10 11:15:54,094 [INFO] PluginManage:359 - Loaded plugin power (category:power,tabindex:4)
2025-06-10 11:15:54,095 [INFO] PluginManage:310 - Check plugin projectmanager
2025-06-10 11:15:54,107 [INFO] PluginManage:359 - Loaded plugin projectmanager (category:projectmanager,tabindex:4)
2025-06-10 11:15:54,107 [INFO] PluginManage:310 - Check plugin rif
2025-06-10 11:15:54,111 [INFO] PluginManage:359 - Loaded plugin rif (category:base,tabindex:3)
2025-06-10 11:15:54,112 [INFO] PluginManage:310 - Check plugin thirdparty
2025-06-10 11:15:54,200 [INFO] PluginManage:359 - Loaded plugin thirdparty (category:base,tabindex:-1)
2025-06-10 11:15:54,200 [INFO] PluginManage:310 - Check plugin tools
2025-06-10 11:15:54,200 [WARN] IntegrityCheckThread:84 - waiting for thirdparty lock release [integrity check]
2025-06-10 11:15:54,200 [INFO] IntegrityCheckThread:86 - entering critical section [integrity check]
2025-06-10 11:15:54,201 [INFO] ThirdPartyUpdaterWithRetryManager:70 - Updater plugin not ready yet. [1/15]
2025-06-10 11:15:54,202 [INFO] PluginManage:359 - Loaded plugin tools (category:base,tabindex:7)
2025-06-10 11:15:54,202 [INFO] PluginManage:310 - Check plugin tutovideos
2025-06-10 11:15:54,313 [INFO] PluginManage:359 - Loaded plugin tutovideos (category:base,tabindex:-1)
2025-06-10 11:15:54,313 [INFO] PluginManage:310 - Check plugin updater
2025-06-10 11:15:54,331 [INFO] PluginManage:359 - Loaded plugin updater (category:base,tabindex:12)
2025-06-10 11:15:54,331 [INFO] PluginManage:310 - Check plugin userauth
2025-06-10 11:15:54,333 [INFO] UserAuth:118 - Init User Auth plugin
2025-06-10 11:15:54,334 [INFO] PluginManage:359 - Loaded plugin userauth (category:base,tabindex:14)
2025-06-10 11:15:54,334 [INFO] PluginManage:283 - PluginManage : Loaded plugins [18]
2025-06-10 11:15:54,478 [INFO] PinOutPanel:1589 - setPackage(No Configuration,No Configuration)
2025-06-10 11:15:54,537 [INFO] CADModel:165 - CPN selected for project level
2025-06-10 11:15:54,537 [INFO] CADModel:114 - Register for checkConnection events
2025-06-10 11:15:54,549 [INFO] IPUIPlugin:80 - create IPUIPlugin
2025-06-10 11:15:54,550 [INFO] PluginManager:220 - loadIPPluginJar : add adc
2025-06-10 11:15:54,551 [INFO] IPUIPlugin:80 - create IPUIPlugin
2025-06-10 11:15:54,551 [INFO] PluginManager:220 - loadIPPluginJar : add aes
2025-06-10 11:15:54,553 [INFO] IPUIPlugin:80 - create IPUIPlugin
2025-06-10 11:15:54,553 [INFO] PluginManager:220 - loadIPPluginJar : add can
2025-06-10 11:15:54,554 [INFO] IPUIPlugin:80 - create IPUIPlugin
2025-06-10 11:15:54,554 [INFO] PluginManager:220 - loadIPPluginJar : add comp
2025-06-10 11:15:54,555 [INFO] IPUIPlugin:80 - create IPUIPlugin
2025-06-10 11:15:54,555 [INFO] PluginManager:220 - loadIPPluginJar : add cryp
2025-06-10 11:15:54,557 [INFO] IPUIPlugin:80 - create IPUIPlugin
2025-06-10 11:15:54,557 [INFO] PluginManager:220 - loadIPPluginJar : add ddr_ctrl_phy
2025-06-10 11:15:54,558 [INFO] IPUIPlugin:80 - create IPUIPlugin
2025-06-10 11:15:54,558 [INFO] PluginManager:220 - loadIPPluginJar : add dfsdm
2025-06-10 11:15:54,562 [INFO] IPUIPlugin:80 - create IPUIPlugin
2025-06-10 11:15:54,562 [INFO] PluginManager:220 - loadIPPluginJar : add dma
2025-06-10 11:15:54,565 [INFO] IPUIPlugin:80 - create IPUIPlugin
2025-06-10 11:15:54,565 [INFO] PluginManager:220 - loadIPPluginJar : add dma3
2025-06-10 11:15:54,567 [INFO] IPUIPlugin:80 - create IPUIPlugin
2025-06-10 11:15:54,567 [INFO] PluginManager:220 - loadIPPluginJar : add extmemmanager
2025-06-10 11:15:54,568 [INFO] IPUIPlugin:80 - create IPUIPlugin
2025-06-10 11:15:54,568 [INFO] PluginManager:220 - loadIPPluginJar : add fatfs
2025-06-10 11:15:54,570 [INFO] IPUIPlugin:80 - create IPUIPlugin
2025-06-10 11:15:54,570 [INFO] PluginManager:220 - loadIPPluginJar : add fmc
2025-06-10 11:15:54,573 [INFO] IPUIPlugin:80 - create IPUIPlugin
2025-06-10 11:15:54,573 [INFO] PluginManager:220 - loadIPPluginJar : add freertos
2025-06-10 11:15:54,573 [INFO] IPUIPlugin:80 - create IPUIPlugin
2025-06-10 11:15:54,573 [INFO] PluginManager:220 - loadIPPluginJar : add genericplugin
2025-06-10 11:15:54,575 [INFO] IPUIPlugin:80 - create IPUIPlugin
2025-06-10 11:15:54,575 [INFO] PluginManager:220 - loadIPPluginJar : add gfxmmu
2025-06-10 11:15:54,578 [INFO] IPUIPlugin:80 - create IPUIPlugin
2025-06-10 11:15:54,578 [INFO] PluginManager:220 - loadIPPluginJar : add gic
2025-06-10 11:15:54,581 [INFO] IPUIPlugin:80 - create IPUIPlugin
2025-06-10 11:15:54,581 [INFO] PluginManager:220 - loadIPPluginJar : add gpio
2025-06-10 11:15:54,583 [INFO] IPUIPlugin:80 - create IPUIPlugin
2025-06-10 11:15:54,583 [INFO] PluginManager:220 - loadIPPluginJar : add gtzc
2025-06-10 11:15:54,584 [INFO] IPUIPlugin:80 - create IPUIPlugin
2025-06-10 11:15:54,584 [INFO] PluginManager:220 - loadIPPluginJar : add hash
2025-06-10 11:15:54,586 [INFO] IPUIPlugin:80 - create IPUIPlugin
2025-06-10 11:15:54,586 [INFO] PluginManager:220 - loadIPPluginJar : add i2c
2025-06-10 11:15:54,587 [INFO] IPUIPlugin:80 - create IPUIPlugin
2025-06-10 11:15:54,587 [INFO] PluginManager:220 - loadIPPluginJar : add i2s
2025-06-10 11:15:54,589 [INFO] IPUIPlugin:80 - create IPUIPlugin
2025-06-10 11:15:54,589 [INFO] PluginManager:220 - loadIPPluginJar : add i3c
2025-06-10 11:15:54,590 [INFO] IPUIPlugin:80 - create IPUIPlugin
2025-06-10 11:15:54,590 [INFO] PluginManager:220 - loadIPPluginJar : add ipddr
2025-06-10 11:15:54,595 [INFO] IPUIPlugin:80 - create IPUIPlugin
2025-06-10 11:15:54,595 [INFO] PluginManager:220 - loadIPPluginJar : add linkedlist
2025-06-10 11:15:54,597 [INFO] IPUIPlugin:80 - create IPUIPlugin
2025-06-10 11:15:54,597 [INFO] PluginManager:220 - loadIPPluginJar : add lorawan
2025-06-10 11:15:54,598 [INFO] IPUIPlugin:80 - create IPUIPlugin
2025-06-10 11:15:54,598 [INFO] PluginManager:220 - loadIPPluginJar : add ltdc
2025-06-10 11:15:54,601 [INFO] IPUIPlugin:80 - create IPUIPlugin
2025-06-10 11:15:54,601 [INFO] PluginManager:220 - loadIPPluginJar : add mdma
2025-06-10 11:15:54,603 [INFO] IPUIPlugin:80 - create IPUIPlugin
2025-06-10 11:15:54,603 [INFO] PluginManager:220 - loadIPPluginJar : add nvic
2025-06-10 11:15:54,605 [INFO] IPUIPlugin:80 - create IPUIPlugin
2025-06-10 11:15:54,605 [INFO] PluginManager:220 - loadIPPluginJar : add opamp
2025-06-10 11:15:54,606 [INFO] IPUIPlugin:80 - create IPUIPlugin
2025-06-10 11:15:54,607 [INFO] PluginManager:220 - loadIPPluginJar : add openamp
2025-06-10 11:15:54,609 [INFO] IPUIPlugin:80 - create IPUIPlugin
2025-06-10 11:15:54,609 [INFO] PluginManager:220 - loadIPPluginJar : add pdm2pcm
2025-06-10 11:15:54,614 [INFO] IPUIPlugin:80 - create IPUIPlugin
2025-06-10 11:15:54,616 [INFO] PluginManager:220 - loadIPPluginJar : add plateformsettings
2025-06-10 11:15:54,617 [INFO] IPUIPlugin:80 - create IPUIPlugin
2025-06-10 11:15:54,617 [INFO] PluginManager:220 - loadIPPluginJar : add quadspi
2025-06-10 11:15:54,617 [INFO] IPUIPlugin:80 - create IPUIPlugin
2025-06-10 11:15:54,618 [INFO] PluginManager:220 - loadIPPluginJar : add radio
2025-06-10 11:15:54,619 [INFO] IPUIPlugin:80 - create IPUIPlugin
2025-06-10 11:15:54,620 [INFO] PluginManager:220 - loadIPPluginJar : add resmgrutility
2025-06-10 11:15:54,621 [INFO] IPUIPlugin:80 - create IPUIPlugin
2025-06-10 11:15:54,621 [INFO] PluginManager:220 - loadIPPluginJar : add sai
2025-06-10 11:15:54,622 [INFO] IPUIPlugin:80 - create IPUIPlugin
2025-06-10 11:15:54,622 [INFO] PluginManager:220 - loadIPPluginJar : add spi
2025-06-10 11:15:54,627 [INFO] IPUIPlugin:80 - create IPUIPlugin
2025-06-10 11:15:54,628 [INFO] PluginManager:220 - loadIPPluginJar : add stm32_wpan
2025-06-10 11:15:54,629 [INFO] IPUIPlugin:80 - create IPUIPlugin
2025-06-10 11:15:54,629 [INFO] PluginManager:220 - loadIPPluginJar : add tim
2025-06-10 11:15:54,631 [INFO] IPUIPlugin:80 - create IPUIPlugin
2025-06-10 11:15:54,631 [INFO] PluginManager:220 - loadIPPluginJar : add touchsensing
2025-06-10 11:15:54,632 [INFO] IPUIPlugin:80 - create IPUIPlugin
2025-06-10 11:15:54,632 [INFO] PluginManager:220 - loadIPPluginJar : add tracer_emb
2025-06-10 11:15:54,633 [INFO] IPUIPlugin:80 - create IPUIPlugin
2025-06-10 11:15:54,634 [INFO] PluginManager:220 - loadIPPluginJar : add ts
2025-06-10 11:15:54,634 [INFO] IPUIPlugin:80 - create IPUIPlugin
2025-06-10 11:15:54,634 [INFO] PluginManager:220 - loadIPPluginJar : add tsc
2025-06-10 11:15:54,636 [INFO] IPUIPlugin:80 - create IPUIPlugin
2025-06-10 11:15:54,636 [INFO] PluginManager:220 - loadIPPluginJar : add ucpd
2025-06-10 11:15:54,637 [INFO] IPUIPlugin:80 - create IPUIPlugin
2025-06-10 11:15:54,637 [INFO] PluginManager:220 - loadIPPluginJar : add usart
2025-06-10 11:15:54,639 [INFO] IPUIPlugin:80 - create IPUIPlugin
2025-06-10 11:15:54,639 [INFO] PluginManager:220 - loadIPPluginJar : add usbx
2025-06-10 11:15:54,754 [FATAL] Updater:351 - Updater called before beeing initialized
2025-06-10 11:15:54,771 [INFO] RulesReader:64 - Compatibility file has been processed (302 Rules)
2025-06-10 11:15:54,779 [INFO] RulesReader:64 - Compatibility file has been processed (302 Rules)
2025-06-10 11:15:54,784 [INFO] CADModel:165 - CPN selected for project level
2025-06-10 11:15:54,785 [INFO] CADModel:114 - Register for checkConnection events
2025-06-10 11:15:54,785 [FATAL] Updater:351 - Updater called before beeing initialized
2025-06-10 11:15:54,785 [ERROR] CADModel:125 - Updater not yet initialized, retry later 
2025-06-10 11:15:54,891 [FATAL] Updater:351 - Updater called before beeing initialized
2025-06-10 11:15:54,892 [INFO] CADModel:165 - CPN selected for project level
2025-06-10 11:15:54,892 [INFO] CADModel:114 - Register for checkConnection events
2025-06-10 11:15:54,892 [FATAL] Updater:351 - Updater called before beeing initialized
2025-06-10 11:15:54,892 [ERROR] CADModel:125 - Updater not yet initialized, retry later 
2025-06-10 11:15:54,895 [FATAL] Updater:351 - Updater called before beeing initialized
2025-06-10 11:15:54,964 [FATAL] Updater:351 - Updater called before beeing initialized
2025-06-10 11:15:54,966 [INFO] DbMcusAds:53 - JSON generation date=Wed May 07 17:07:55 CST 2025 (1746608875484)
2025-06-10 11:15:54,966 [FATAL] Updater:351 - Updater called before beeing initialized
2025-06-10 11:15:54,991 [WARN] DetailPanel:346 - Failed to get advertising image, set to default
2025-06-10 11:15:55,184 [FATAL] Updater:351 - Updater called before beeing initialized
2025-06-10 11:15:55,186 [FATAL] Updater:351 - Updater called before beeing initialized
2025-06-10 11:15:55,186 [FATAL] Updater:351 - Updater called before beeing initialized
2025-06-10 11:15:55,186 [WARN] DetailPanel:346 - Failed to get advertising image, set to default
2025-06-10 11:15:55,186 [FATAL] Updater:351 - Updater called before beeing initialized
2025-06-10 11:15:55,221 [ERROR] Updater:1198 - MainUpdater not yet initialized. External WinMGr cannot be set.
2025-06-10 11:15:55,223 [INFO] Updater:1134 - Updater Version found : 6.14.1
2025-06-10 11:15:55,234 [INFO] ApplicationProperties:184 - Using Application install path: D:\software\STM32CubeIDE_1.18.1\STM32CubeIDE\plugins\com.st.stm32cube.common.mx_6.14.1.202504091515
2025-06-10 11:15:56,797 [ERROR] LogOutputStream:75 - [STDERR_REDIRECT] Jun 10, 2025 11:15:56 AM java.util.prefs.WindowsPreferences <init>
2025-06-10 11:15:56,798 [ERROR] LogOutputStream:75 - [STDERR_REDIRECT] WARNING: Could not open/create prefs root node Software\JavaSoft\Prefs at root 0xffffffff80000002. Windows RegCreateKeyEx(...) returned error code 5.
2025-06-10 11:15:56,798 [ERROR] LogOutputStream:75 - [STDERR_REDIRECT] 
2025-06-10 11:15:57,202 [INFO] ThirdPartyUpdaterWithRetryManager:70 - Updater plugin not ready yet. [2/15]
2025-06-10 11:15:57,608 [INFO] MainUpdater:2872 - connection check result : 10
2025-06-10 11:15:57,608 [INFO] MainUpdater:289 - Updater Check For Update Now.
2025-06-10 11:15:57,608 [INFO] MicroXplorer:498 - Change Database Version : DB.6.0.141
2025-06-10 11:15:57,612 [INFO] McuFinderGlobals:63 - Set McuFinder mode to 2 (CubeIDE integrated)
2025-06-10 11:15:57,613 [INFO] UserAuth:171 - activating auth plugin
2025-06-10 11:15:57,615 [INFO] UserAuth:484 - Internet connection configuration mode: 1
2025-06-10 11:15:57,630 [INFO] JxBrowserEngine:152 - Initiate JxBrowser Engine with user profile folder
2025-06-10 11:15:57,769 [INFO] CheckServerUpdateThread:120 - End of CheckServer Thread
2025-06-10 11:15:58,322 [INFO] WebApp:169 - Instantiating new browser for Auth
2025-06-10 11:15:59,051 [INFO] WebApp:463 - Apply proxy settings
2025-06-10 11:15:59,052 [INFO] WebApp:548 - Chromium requires no authentication
2025-06-10 11:15:59,059 [INFO] WebApp:491 - Direct internet connection detected
2025-06-10 11:15:59,084 [INFO] WebApp:894 - Register for checkConnection events
2025-06-10 11:15:59,085 [INFO] WebApp:463 - Apply proxy settings
2025-06-10 11:15:59,085 [INFO] WebApp:548 - Chromium requires no authentication
2025-06-10 11:15:59,085 [INFO] WebApp:491 - Direct internet connection detected
2025-06-10 11:15:59,260 [INFO] WebApp:225 - Starting web application
2025-06-10 11:15:59,260 [INFO] WebApp:593 - Web application path used D:\software\STM32CubeIDE_1.18.1\STM32CubeIDE\plugins\com.st.stm32cube.common.mx_6.14.1.202504091515\db\plugins\mcufinder\reactClient1\index.html
2025-06-10 11:16:00,315 [INFO] WebApp:191 - Connection restablished
2025-06-10 11:16:00,365 [WARN] PackLoader:240 - Cannot read IP mode file for STMicroelectronics.FP-SNS-MOTENVWB1.1.4.0
2025-06-10 11:16:00,416 [WARN] PackLoader:240 - Cannot read IP mode file for STMicroelectronics.X-CUBE-DISPLAY.3.0.0
2025-06-10 11:16:00,463 [WARN] PackLoader:240 - Cannot read IP mode file for STMicroelectronics.X-CUBE-BLEMGR.4.0.0
2025-06-10 11:16:00,493 [WARN] PackLoader:240 - Cannot read IP mode file for STMicroelectronics.FP-SNS-SMARTAG2.1.2.0
2025-06-10 11:16:00,506 [WARN] PackLoader:240 - Cannot read IP mode file for STMicroelectronics.FP-SNS-MOTENV1.5.0.0
2025-06-10 11:16:00,531 [WARN] PackLoader:240 - Cannot read IP mode file for STMicroelectronics.X-CUBE-BLE2.3.3.0
2025-06-10 11:16:00,538 [WARN] PackLoader:240 - Cannot read IP mode file for STMicroelectronics.FP-ATR-SIGFOX1.3.2.0
2025-06-10 11:16:00,552 [WARN] PackLoader:240 - Cannot read IP mode file for STMicroelectronics.X-CUBE-EEPRMA1.5.1.0
2025-06-10 11:16:00,565 [WARN] PackLoader:240 - Cannot read IP mode file for STMicroelectronics.X-CUBE-ISPU.2.1.0
2025-06-10 11:16:00,574 [WARN] PackLoader:240 - Cannot read IP mode file for STMicroelectronics.X-CUBE-GNSS1.7.0.1
2025-06-10 11:16:00,583 [WARN] PackLoader:240 - Cannot read IP mode file for STMicroelectronics.FP-SNS-STBOX1.2.0.0
2025-06-10 11:16:00,606 [WARN] PackLoader:240 - Cannot read IP mode file for STMicroelectronics.X-CUBE-IPS.3.1.0
2025-06-10 11:16:00,622 [WARN] PackLoader:240 - Cannot read IP mode file for STMicroelectronics.X-CUBE-ALS.1.0.2
2025-06-10 11:16:00,623 [INFO] ThirdParty:978 - Integrity check success = true
2025-06-10 11:16:00,624 [INFO] IntegrityCheckThread:100 - exiting critical section [integrity check]
2025-06-10 11:16:00,624 [INFO] IntegrityCheckThread:103 - End integrity checks thread
2025-06-10 11:16:15,364 [ERROR] LogOutputStream:75 - [STDERR_REDIRECT] 
