2025-06-20 09:05:41,344 [INFO] Activator:176 - 


2025-06-20 09:05:41,347 [INFO] Activator:177 - !SESSION log4j initialized
2025-06-20 09:05:46,503 [INFO] LogOutputStream:77 - [STDOUT_REDIRECT] 
2025-06-20 09:05:48,028 [INFO] ApplicationProperties:184 - Using Application install path: D:\software\STM32CubeIDE_1.18.1\STM32CubeIDE\plugins\com.st.stm32cube.common.mx_6.14.1.202504091515
2025-06-20 09:05:48,046 [INFO] DbMcusXml:78 - Set database path to: D:\software\STM32CubeIDE_1.18.1\STM32CubeIDE\plugins\com.st.stm32cube.common.mx_6.14.1.202504091515\\db\/mcu/
2025-06-20 09:05:48,046 [INFO] ApiDb:274 - Set plugin database path to: D:\software\STM32CubeIDE_1.18.1\STM32CubeIDE\plugins\com.st.stm32cube.common.mx_6.14.1.202504091515\\db\/plugins/boardmanager/
2025-06-20 09:05:48,047 [WARN] ApiDb:259 - Overriding images path with different value:  => D:\software\STM32CubeIDE_1.18.1\STM32CubeIDE\plugins\com.st.stm32cube.common.mx_6.14.1.202504091515\\db\/plugins/mcufinder/images/
2025-06-20 09:05:48,052 [INFO] ApiDb:250 - Set database path to: C:\Users\luoyipeng\.stmcufinder\plugins\mcufinder//mcu/
2025-06-20 09:05:48,053 [INFO] DbMcusAds:125 - Set database path to: C:\Users\luoyipeng\.stmcufinder\plugins\mcufinder//mcu/
2025-06-20 09:05:48,056 [INFO] CrossReferenceDbSqlite:203 - Set database path to: C:\Users\luoyipeng\.stmcufinder\plugins\mcufinder//mcu/cs/
2025-06-20 09:05:48,161 [INFO] RulesReader:64 - Compatibility file has been processed (302 Rules)
2025-06-20 09:05:48,220 [INFO] DbMcusXml:78 - Set database path to: D:\software\STM32CubeIDE_1.18.1\STM32CubeIDE\plugins\com.st.stm32cube.common.mx_6.14.1.202504091515\\db\/mcu/
2025-06-20 09:05:48,221 [INFO] ApiDb:274 - Set plugin database path to: D:\software\STM32CubeIDE_1.18.1\STM32CubeIDE\plugins\com.st.stm32cube.common.mx_6.14.1.202504091515\\db\/plugins/boardmanager/
2025-06-20 09:05:48,221 [INFO] ApiDb:261 - Set plugin images path to: D:\software\STM32CubeIDE_1.18.1\STM32CubeIDE\plugins\com.st.stm32cube.common.mx_6.14.1.202504091515\\db\/plugins/mcufinder/images/
2025-06-20 09:05:48,221 [WARN] DbFile:41 - Overriding database path with different value: C:\Users\luoyipeng\.stmcufinder\plugins\mcufinder/ => C:\Users\luoyipeng\.stmcufinder\plugins\mcufinder
2025-06-20 09:05:48,221 [INFO] ApiDb:250 - Set database path to: C:\Users\luoyipeng\.stmcufinder\plugins\mcufinder//mcu/
2025-06-20 09:05:48,221 [WARN] DbFile:41 - Overriding database path with different value: C:\Users\luoyipeng\.stmcufinder\plugins\mcufinder/ => C:\Users\luoyipeng\.stmcufinder\plugins\mcufinder
2025-06-20 09:05:48,221 [INFO] DbMcusAds:125 - Set database path to: C:\Users\luoyipeng\.stmcufinder\plugins\mcufinder//mcu/
2025-06-20 09:05:48,221 [WARN] DbFile:41 - Overriding database path with different value: C:\Users\luoyipeng\.stmcufinder\plugins\mcufinder/ => C:\Users\luoyipeng\.stmcufinder\plugins\mcufinder
2025-06-20 09:05:48,221 [WARN] DbFile:41 - Overriding database path with different value: C:\Users\luoyipeng\.stmcufinder\plugins\mcufinder/ => C:\Users\luoyipeng\.stmcufinder\plugins\mcufinder
2025-06-20 09:05:48,221 [INFO] CrossReferenceDbSqlite:203 - Set database path to: C:\Users\luoyipeng\.stmcufinder\plugins\mcufinder//mcu/cs/
2025-06-20 09:05:48,281 [INFO] MainPanel:272 - HeapMemory: 268435456
2025-06-20 09:05:48,365 [INFO] DbMcusXml:78 - Set database path to: D:\software\STM32CubeIDE_1.18.1\STM32CubeIDE\plugins\com.st.stm32cube.common.mx_6.14.1.202504091515\\db\/mcu/
2025-06-20 09:05:48,365 [INFO] ApiDb:274 - Set plugin database path to: D:\software\STM32CubeIDE_1.18.1\STM32CubeIDE\plugins\com.st.stm32cube.common.mx_6.14.1.202504091515\\db\/plugins/boardmanager/
2025-06-20 09:05:48,365 [INFO] ApiDb:261 - Set plugin images path to: D:\software\STM32CubeIDE_1.18.1\STM32CubeIDE\plugins\com.st.stm32cube.common.mx_6.14.1.202504091515\\db\/plugins/mcufinder/images/
2025-06-20 09:05:48,365 [WARN] DbFile:41 - Overriding database path with different value: C:\Users\luoyipeng\.stmcufinder\plugins\mcufinder/ => C:\Users\luoyipeng\.stmcufinder\plugins\mcufinder
2025-06-20 09:05:48,365 [INFO] ApiDb:250 - Set database path to: C:\Users\luoyipeng\.stmcufinder\plugins\mcufinder//mcu/
2025-06-20 09:05:48,366 [WARN] DbFile:41 - Overriding database path with different value: C:\Users\luoyipeng\.stmcufinder\plugins\mcufinder/ => C:\Users\luoyipeng\.stmcufinder\plugins\mcufinder
2025-06-20 09:05:48,366 [INFO] DbMcusAds:125 - Set database path to: C:\Users\luoyipeng\.stmcufinder\plugins\mcufinder//mcu/
2025-06-20 09:05:48,366 [WARN] DbFile:41 - Overriding database path with different value: C:\Users\luoyipeng\.stmcufinder\plugins\mcufinder/ => C:\Users\luoyipeng\.stmcufinder\plugins\mcufinder
2025-06-20 09:05:48,366 [WARN] DbFile:41 - Overriding database path with different value: C:\Users\luoyipeng\.stmcufinder\plugins\mcufinder/ => C:\Users\luoyipeng\.stmcufinder\plugins\mcufinder
2025-06-20 09:05:48,366 [INFO] CrossReferenceDbSqlite:203 - Set database path to: C:\Users\luoyipeng\.stmcufinder\plugins\mcufinder//mcu/cs/
2025-06-20 09:05:48,379 [INFO] ApplicationProperties:184 - Using Application install path: D:\software\STM32CubeIDE_1.18.1\STM32CubeIDE\plugins\com.st.stm32cube.common.mx_6.14.1.202504091515
2025-06-20 09:05:48,380 [INFO] PluginManage:196 - Search for loadable plugins [exclusion list=, ]
2025-06-20 09:05:48,381 [INFO] PluginManage:310 - Check plugin analytics
2025-06-20 09:05:48,533 [INFO] AnalyticsPlugin:253 - Accepted Software Licenses: STM32CubeMX.6.14.1
2025-06-20 09:05:48,533 [INFO] AnalyticsPlugin:255 - Accepted CMSIS Pack Licenses: 
2025-06-20 09:05:48,533 [INFO] AnalyticsPlugin:257 - Accepted Firmware Licenses: 
2025-06-20 09:05:48,535 [INFO] PluginManage:359 - Loaded plugin analytics (category:tool,tabindex:-1)
2025-06-20 09:05:48,536 [INFO] PluginManage:310 - Check plugin cadmodel
2025-06-20 09:05:48,541 [INFO] CADModel:105 - Init CAD model plugin
2025-06-20 09:05:48,541 [INFO] PluginManage:359 - Loaded plugin cadmodel (category:power,tabindex:5)
2025-06-20 09:05:48,541 [INFO] PluginManage:310 - Check plugin clock
2025-06-20 09:05:48,549 [INFO] PluginManage:359 - Loaded plugin clock (category:base,tabindex:2)
2025-06-20 09:05:48,549 [INFO] PluginManage:310 - Check plugin ddr
2025-06-20 09:05:48,551 [INFO] PluginManage:359 - Loaded plugin ddr (category:tool,tabindex:6)
2025-06-20 09:05:48,551 [INFO] PluginManage:310 - Check plugin filemanager
2025-06-20 09:05:48,661 [INFO] PluginManage:359 - Loaded plugin filemanager (category:base,tabindex:10)
2025-06-20 09:05:48,661 [INFO] PluginManage:310 - Check plugin ipmanager
2025-06-20 09:05:48,667 [INFO] PluginManage:359 - Loaded plugin ipmanager (category:base,tabindex:5)
2025-06-20 09:05:48,667 [INFO] PluginManage:310 - Check plugin lpbam
2025-06-20 09:05:48,673 [INFO] PluginManage:359 - Loaded plugin lpbam (category:base,tabindex:0)
2025-06-20 09:05:48,673 [INFO] PluginManage:310 - Check plugin memorymap
2025-06-20 09:05:48,684 [INFO] PluginManage:359 - Loaded plugin memorymap (category:base,tabindex:4)
2025-06-20 09:05:48,684 [INFO] PluginManage:310 - Check plugin pinoutandconfiguration
2025-06-20 09:05:48,692 [INFO] PluginManage:359 - Loaded plugin pinoutandconfiguration (category:base,tabindex:1)
2025-06-20 09:05:48,692 [INFO] PluginManage:310 - Check plugin pinoutconfig
2025-06-20 09:05:48,766 [WARN] SupportedApi:132 - Cannot load RTOS API schema: s4s-elt-must-match.1: The content of 'definitions' must match (annotation?, (simpleType | complexType)?, (unique | key | keyref)*)). A problem was found starting at: attribute.
2025-06-20 09:05:48,872 [INFO] PluginManage:359 - Loaded plugin pinoutconfig (category:base,tabindex:0)
2025-06-20 09:05:48,872 [INFO] PluginManage:310 - Check plugin power
2025-06-20 09:05:48,882 [INFO] PluginManage:359 - Loaded plugin power (category:power,tabindex:4)
2025-06-20 09:05:48,882 [INFO] PluginManage:310 - Check plugin projectmanager
2025-06-20 09:05:48,894 [INFO] PluginManage:359 - Loaded plugin projectmanager (category:projectmanager,tabindex:4)
2025-06-20 09:05:48,894 [INFO] PluginManage:310 - Check plugin rif
2025-06-20 09:05:48,901 [INFO] PluginManage:359 - Loaded plugin rif (category:base,tabindex:3)
2025-06-20 09:05:48,901 [INFO] PluginManage:310 - Check plugin thirdparty
2025-06-20 09:05:49,014 [INFO] PluginManage:359 - Loaded plugin thirdparty (category:base,tabindex:-1)
2025-06-20 09:05:49,014 [INFO] PluginManage:310 - Check plugin tools
2025-06-20 09:05:49,014 [WARN] IntegrityCheckThread:84 - waiting for thirdparty lock release [integrity check]
2025-06-20 09:05:49,015 [INFO] IntegrityCheckThread:86 - entering critical section [integrity check]
2025-06-20 09:05:49,015 [INFO] ThirdPartyUpdaterWithRetryManager:70 - Updater plugin not ready yet. [1/15]
2025-06-20 09:05:49,016 [INFO] PluginManage:359 - Loaded plugin tools (category:base,tabindex:7)
2025-06-20 09:05:49,016 [INFO] PluginManage:310 - Check plugin tutovideos
2025-06-20 09:05:49,149 [INFO] PluginManage:359 - Loaded plugin tutovideos (category:base,tabindex:-1)
2025-06-20 09:05:49,149 [INFO] PluginManage:310 - Check plugin updater
2025-06-20 09:05:49,167 [INFO] PluginManage:359 - Loaded plugin updater (category:base,tabindex:12)
2025-06-20 09:05:49,167 [INFO] PluginManage:310 - Check plugin userauth
2025-06-20 09:05:49,170 [INFO] UserAuth:118 - Init User Auth plugin
2025-06-20 09:05:49,171 [INFO] PluginManage:359 - Loaded plugin userauth (category:base,tabindex:14)
2025-06-20 09:05:49,171 [INFO] PluginManage:283 - PluginManage : Loaded plugins [18]
2025-06-20 09:05:49,332 [INFO] PinOutPanel:1589 - setPackage(No Configuration,No Configuration)
2025-06-20 09:05:49,399 [INFO] CADModel:165 - CPN selected for project level
2025-06-20 09:05:49,400 [INFO] CADModel:114 - Register for checkConnection events
2025-06-20 09:05:49,415 [INFO] IPUIPlugin:80 - create IPUIPlugin
2025-06-20 09:05:49,416 [INFO] PluginManager:220 - loadIPPluginJar : add adc
2025-06-20 09:05:49,419 [INFO] IPUIPlugin:80 - create IPUIPlugin
2025-06-20 09:05:49,419 [INFO] PluginManager:220 - loadIPPluginJar : add aes
2025-06-20 09:05:49,421 [INFO] IPUIPlugin:80 - create IPUIPlugin
2025-06-20 09:05:49,421 [INFO] PluginManager:220 - loadIPPluginJar : add can
2025-06-20 09:05:49,423 [INFO] IPUIPlugin:80 - create IPUIPlugin
2025-06-20 09:05:49,423 [INFO] PluginManager:220 - loadIPPluginJar : add comp
2025-06-20 09:05:49,425 [INFO] IPUIPlugin:80 - create IPUIPlugin
2025-06-20 09:05:49,425 [INFO] PluginManager:220 - loadIPPluginJar : add cryp
2025-06-20 09:05:49,427 [INFO] IPUIPlugin:80 - create IPUIPlugin
2025-06-20 09:05:49,427 [INFO] PluginManager:220 - loadIPPluginJar : add ddr_ctrl_phy
2025-06-20 09:05:49,429 [INFO] IPUIPlugin:80 - create IPUIPlugin
2025-06-20 09:05:49,429 [INFO] PluginManager:220 - loadIPPluginJar : add dfsdm
2025-06-20 09:05:49,433 [INFO] IPUIPlugin:80 - create IPUIPlugin
2025-06-20 09:05:49,434 [INFO] PluginManager:220 - loadIPPluginJar : add dma
2025-06-20 09:05:49,437 [INFO] IPUIPlugin:80 - create IPUIPlugin
2025-06-20 09:05:49,437 [INFO] PluginManager:220 - loadIPPluginJar : add dma3
2025-06-20 09:05:49,439 [INFO] IPUIPlugin:80 - create IPUIPlugin
2025-06-20 09:05:49,439 [INFO] PluginManager:220 - loadIPPluginJar : add extmemmanager
2025-06-20 09:05:49,441 [INFO] IPUIPlugin:80 - create IPUIPlugin
2025-06-20 09:05:49,441 [INFO] PluginManager:220 - loadIPPluginJar : add fatfs
2025-06-20 09:05:49,444 [INFO] IPUIPlugin:80 - create IPUIPlugin
2025-06-20 09:05:49,444 [INFO] PluginManager:220 - loadIPPluginJar : add fmc
2025-06-20 09:05:49,450 [INFO] IPUIPlugin:80 - create IPUIPlugin
2025-06-20 09:05:49,450 [INFO] PluginManager:220 - loadIPPluginJar : add freertos
2025-06-20 09:05:49,451 [INFO] IPUIPlugin:80 - create IPUIPlugin
2025-06-20 09:05:49,451 [INFO] PluginManager:220 - loadIPPluginJar : add genericplugin
2025-06-20 09:05:49,453 [INFO] IPUIPlugin:80 - create IPUIPlugin
2025-06-20 09:05:49,453 [INFO] PluginManager:220 - loadIPPluginJar : add gfxmmu
2025-06-20 09:05:49,457 [INFO] IPUIPlugin:80 - create IPUIPlugin
2025-06-20 09:05:49,457 [INFO] PluginManager:220 - loadIPPluginJar : add gic
2025-06-20 09:05:49,461 [INFO] IPUIPlugin:80 - create IPUIPlugin
2025-06-20 09:05:49,461 [INFO] PluginManager:220 - loadIPPluginJar : add gpio
2025-06-20 09:05:49,464 [INFO] IPUIPlugin:80 - create IPUIPlugin
2025-06-20 09:05:49,464 [INFO] PluginManager:220 - loadIPPluginJar : add gtzc
2025-06-20 09:05:49,466 [INFO] IPUIPlugin:80 - create IPUIPlugin
2025-06-20 09:05:49,466 [INFO] PluginManager:220 - loadIPPluginJar : add hash
2025-06-20 09:05:49,469 [INFO] IPUIPlugin:80 - create IPUIPlugin
2025-06-20 09:05:49,469 [INFO] PluginManager:220 - loadIPPluginJar : add i2c
2025-06-20 09:05:49,472 [INFO] IPUIPlugin:80 - create IPUIPlugin
2025-06-20 09:05:49,472 [INFO] PluginManager:220 - loadIPPluginJar : add i2s
2025-06-20 09:05:49,474 [INFO] IPUIPlugin:80 - create IPUIPlugin
2025-06-20 09:05:49,474 [INFO] PluginManager:220 - loadIPPluginJar : add i3c
2025-06-20 09:05:49,477 [INFO] IPUIPlugin:80 - create IPUIPlugin
2025-06-20 09:05:49,477 [INFO] PluginManager:220 - loadIPPluginJar : add ipddr
2025-06-20 09:05:49,483 [INFO] IPUIPlugin:80 - create IPUIPlugin
2025-06-20 09:05:49,483 [INFO] PluginManager:220 - loadIPPluginJar : add linkedlist
2025-06-20 09:05:49,485 [INFO] IPUIPlugin:80 - create IPUIPlugin
2025-06-20 09:05:49,485 [INFO] PluginManager:220 - loadIPPluginJar : add lorawan
2025-06-20 09:05:49,487 [INFO] IPUIPlugin:80 - create IPUIPlugin
2025-06-20 09:05:49,487 [INFO] PluginManager:220 - loadIPPluginJar : add ltdc
2025-06-20 09:05:49,492 [INFO] IPUIPlugin:80 - create IPUIPlugin
2025-06-20 09:05:49,492 [INFO] PluginManager:220 - loadIPPluginJar : add mdma
2025-06-20 09:05:49,494 [INFO] IPUIPlugin:80 - create IPUIPlugin
2025-06-20 09:05:49,494 [INFO] PluginManager:220 - loadIPPluginJar : add nvic
2025-06-20 09:05:49,497 [INFO] IPUIPlugin:80 - create IPUIPlugin
2025-06-20 09:05:49,497 [INFO] PluginManager:220 - loadIPPluginJar : add opamp
2025-06-20 09:05:49,500 [INFO] IPUIPlugin:80 - create IPUIPlugin
2025-06-20 09:05:49,501 [INFO] PluginManager:220 - loadIPPluginJar : add openamp
2025-06-20 09:05:49,503 [INFO] IPUIPlugin:80 - create IPUIPlugin
2025-06-20 09:05:49,503 [INFO] PluginManager:220 - loadIPPluginJar : add pdm2pcm
2025-06-20 09:05:49,507 [INFO] IPUIPlugin:80 - create IPUIPlugin
2025-06-20 09:05:49,509 [INFO] PluginManager:220 - loadIPPluginJar : add plateformsettings
2025-06-20 09:05:49,510 [INFO] IPUIPlugin:80 - create IPUIPlugin
2025-06-20 09:05:49,510 [INFO] PluginManager:220 - loadIPPluginJar : add quadspi
2025-06-20 09:05:49,512 [INFO] IPUIPlugin:80 - create IPUIPlugin
2025-06-20 09:05:49,513 [INFO] PluginManager:220 - loadIPPluginJar : add radio
2025-06-20 09:05:49,516 [INFO] IPUIPlugin:80 - create IPUIPlugin
2025-06-20 09:05:49,516 [INFO] PluginManager:220 - loadIPPluginJar : add resmgrutility
2025-06-20 09:05:49,518 [INFO] IPUIPlugin:80 - create IPUIPlugin
2025-06-20 09:05:49,519 [INFO] PluginManager:220 - loadIPPluginJar : add sai
2025-06-20 09:05:49,520 [INFO] IPUIPlugin:80 - create IPUIPlugin
2025-06-20 09:05:49,520 [INFO] PluginManager:220 - loadIPPluginJar : add spi
2025-06-20 09:05:49,525 [INFO] IPUIPlugin:80 - create IPUIPlugin
2025-06-20 09:05:49,526 [INFO] PluginManager:220 - loadIPPluginJar : add stm32_wpan
2025-06-20 09:05:49,527 [INFO] IPUIPlugin:80 - create IPUIPlugin
2025-06-20 09:05:49,527 [INFO] PluginManager:220 - loadIPPluginJar : add tim
2025-06-20 09:05:49,530 [INFO] IPUIPlugin:80 - create IPUIPlugin
2025-06-20 09:05:49,530 [INFO] PluginManager:220 - loadIPPluginJar : add touchsensing
2025-06-20 09:05:49,532 [INFO] IPUIPlugin:80 - create IPUIPlugin
2025-06-20 09:05:49,532 [INFO] PluginManager:220 - loadIPPluginJar : add tracer_emb
2025-06-20 09:05:49,534 [INFO] IPUIPlugin:80 - create IPUIPlugin
2025-06-20 09:05:49,534 [INFO] PluginManager:220 - loadIPPluginJar : add ts
2025-06-20 09:05:49,535 [INFO] IPUIPlugin:80 - create IPUIPlugin
2025-06-20 09:05:49,535 [INFO] PluginManager:220 - loadIPPluginJar : add tsc
2025-06-20 09:05:49,537 [INFO] IPUIPlugin:80 - create IPUIPlugin
2025-06-20 09:05:49,537 [INFO] PluginManager:220 - loadIPPluginJar : add ucpd
2025-06-20 09:05:49,539 [INFO] IPUIPlugin:80 - create IPUIPlugin
2025-06-20 09:05:49,539 [INFO] PluginManager:220 - loadIPPluginJar : add usart
2025-06-20 09:05:49,543 [INFO] IPUIPlugin:80 - create IPUIPlugin
2025-06-20 09:05:49,543 [INFO] PluginManager:220 - loadIPPluginJar : add usbx
2025-06-20 09:05:49,657 [FATAL] Updater:351 - Updater called before beeing initialized
2025-06-20 09:05:49,680 [INFO] RulesReader:64 - Compatibility file has been processed (302 Rules)
2025-06-20 09:05:49,689 [INFO] RulesReader:64 - Compatibility file has been processed (302 Rules)
2025-06-20 09:05:49,695 [INFO] CADModel:165 - CPN selected for project level
2025-06-20 09:05:49,695 [INFO] CADModel:114 - Register for checkConnection events
2025-06-20 09:05:49,695 [FATAL] Updater:351 - Updater called before beeing initialized
2025-06-20 09:05:49,696 [ERROR] CADModel:125 - Updater not yet initialized, retry later 
2025-06-20 09:05:49,824 [FATAL] Updater:351 - Updater called before beeing initialized
2025-06-20 09:05:49,826 [INFO] CADModel:165 - CPN selected for project level
2025-06-20 09:05:49,826 [INFO] CADModel:114 - Register for checkConnection events
2025-06-20 09:05:49,826 [FATAL] Updater:351 - Updater called before beeing initialized
2025-06-20 09:05:49,826 [ERROR] CADModel:125 - Updater not yet initialized, retry later 
2025-06-20 09:05:49,829 [FATAL] Updater:351 - Updater called before beeing initialized
2025-06-20 09:05:49,927 [FATAL] Updater:351 - Updater called before beeing initialized
2025-06-20 09:05:49,931 [INFO] DbMcusAds:53 - JSON generation date=Wed May 07 17:07:55 CST 2025 (1746608875638)
2025-06-20 09:05:49,931 [FATAL] Updater:351 - Updater called before beeing initialized
2025-06-20 09:05:49,962 [WARN] DetailPanel:346 - Failed to get advertising image, set to default
2025-06-20 09:05:50,165 [FATAL] Updater:351 - Updater called before beeing initialized
2025-06-20 09:05:50,167 [FATAL] Updater:351 - Updater called before beeing initialized
2025-06-20 09:05:50,167 [FATAL] Updater:351 - Updater called before beeing initialized
2025-06-20 09:05:50,167 [WARN] DetailPanel:346 - Failed to get advertising image, set to default
2025-06-20 09:05:50,168 [FATAL] Updater:351 - Updater called before beeing initialized
2025-06-20 09:05:50,209 [ERROR] Updater:1198 - MainUpdater not yet initialized. External WinMGr cannot be set.
2025-06-20 09:05:50,211 [INFO] Updater:1134 - Updater Version found : 6.14.1
2025-06-20 09:05:50,228 [INFO] ApplicationProperties:184 - Using Application install path: D:\software\STM32CubeIDE_1.18.1\STM32CubeIDE\plugins\com.st.stm32cube.common.mx_6.14.1.202504091515
2025-06-20 09:05:51,796 [ERROR] LogOutputStream:75 - [STDERR_REDIRECT] Jun 20, 2025 9:05:51 AM java.util.prefs.WindowsPreferences <init>
2025-06-20 09:05:51,797 [ERROR] LogOutputStream:75 - [STDERR_REDIRECT] WARNING: Could not open/create prefs root node Software\JavaSoft\Prefs at root 0xffffffff80000002. Windows RegCreateKeyEx(...) returned error code 5.
2025-06-20 09:05:51,797 [ERROR] LogOutputStream:75 - [STDERR_REDIRECT] 
2025-06-20 09:05:52,016 [INFO] ThirdPartyUpdaterWithRetryManager:70 - Updater plugin not ready yet. [2/15]
2025-06-20 09:05:52,696 [INFO] MainUpdater:2872 - connection check result : 10
2025-06-20 09:05:52,696 [INFO] MainUpdater:289 - Updater Check For Update Now.
2025-06-20 09:05:52,696 [INFO] MicroXplorer:498 - Change Database Version : DB.6.0.141
2025-06-20 09:05:52,702 [INFO] McuFinderGlobals:63 - Set McuFinder mode to 2 (CubeIDE integrated)
2025-06-20 09:05:52,703 [INFO] UserAuth:171 - activating auth plugin
2025-06-20 09:05:52,705 [INFO] UserAuth:484 - Internet connection configuration mode: 1
2025-06-20 09:05:52,727 [INFO] JxBrowserEngine:152 - Initiate JxBrowser Engine with user profile folder
2025-06-20 09:05:52,854 [INFO] CheckServerUpdateThread:120 - End of CheckServer Thread
2025-06-20 09:05:53,784 [INFO] WebApp:169 - Instantiating new browser for Auth
2025-06-20 09:05:54,965 [INFO] WebApp:463 - Apply proxy settings
2025-06-20 09:05:54,966 [INFO] WebApp:548 - Chromium requires no authentication
2025-06-20 09:05:54,974 [INFO] WebApp:491 - Direct internet connection detected
2025-06-20 09:05:54,996 [INFO] WebApp:894 - Register for checkConnection events
2025-06-20 09:05:54,996 [INFO] WebApp:463 - Apply proxy settings
2025-06-20 09:05:54,996 [INFO] WebApp:548 - Chromium requires no authentication
2025-06-20 09:05:54,997 [INFO] WebApp:491 - Direct internet connection detected
2025-06-20 09:05:55,185 [WARN] PackLoader:240 - Cannot read IP mode file for STMicroelectronics.FP-SNS-MOTENVWB1.1.4.0
2025-06-20 09:05:55,208 [WARN] PackLoader:240 - Cannot read IP mode file for STMicroelectronics.X-CUBE-DISPLAY.3.0.0
2025-06-20 09:05:55,229 [WARN] PackLoader:240 - Cannot read IP mode file for STMicroelectronics.X-CUBE-BLEMGR.4.0.0
2025-06-20 09:05:55,241 [WARN] PackLoader:240 - Cannot read IP mode file for STMicroelectronics.FP-SNS-SMARTAG2.1.2.0
2025-06-20 09:05:55,249 [WARN] PackLoader:240 - Cannot read IP mode file for STMicroelectronics.FP-SNS-MOTENV1.5.0.0
2025-06-20 09:05:55,272 [WARN] PackLoader:240 - Cannot read IP mode file for STMicroelectronics.X-CUBE-BLE2.3.3.0
2025-06-20 09:05:55,278 [WARN] PackLoader:240 - Cannot read IP mode file for STMicroelectronics.FP-ATR-SIGFOX1.3.2.0
2025-06-20 09:05:55,289 [WARN] PackLoader:240 - Cannot read IP mode file for STMicroelectronics.X-CUBE-EEPRMA1.5.1.0
2025-06-20 09:05:55,297 [WARN] PackLoader:240 - Cannot read IP mode file for STMicroelectronics.X-CUBE-ISPU.2.1.0
2025-06-20 09:05:55,313 [WARN] PackLoader:240 - Cannot read IP mode file for STMicroelectronics.X-CUBE-GNSS1.7.0.1
2025-06-20 09:05:55,326 [WARN] PackLoader:240 - Cannot read IP mode file for STMicroelectronics.FP-SNS-STBOX1.2.0.0
2025-06-20 09:05:55,348 [WARN] PackLoader:240 - Cannot read IP mode file for STMicroelectronics.X-CUBE-IPS.3.1.0
2025-06-20 09:05:55,365 [INFO] WebApp:225 - Starting web application
2025-06-20 09:05:55,365 [INFO] WebApp:593 - Web application path used D:\software\STM32CubeIDE_1.18.1\STM32CubeIDE\plugins\com.st.stm32cube.common.mx_6.14.1.202504091515\db\plugins\mcufinder\reactClient1\index.html
2025-06-20 09:05:55,368 [WARN] PackLoader:240 - Cannot read IP mode file for STMicroelectronics.X-CUBE-ALS.1.0.2
2025-06-20 09:05:55,369 [INFO] ThirdParty:978 - Integrity check success = true
2025-06-20 09:05:55,369 [INFO] IntegrityCheckThread:100 - exiting critical section [integrity check]
2025-06-20 09:05:55,369 [INFO] IntegrityCheckThread:103 - End integrity checks thread
2025-06-20 09:32:26,143 [INFO] WebApp:191 - Connection restablished
2025-06-20 09:38:13,022 [INFO] WebApp:194 - Connection lost
2025-06-20 09:38:13,260 [INFO] WebApp:191 - Connection restablished
2025-06-20 09:39:20,354 [INFO] WebApp:194 - Connection lost
2025-06-20 09:39:21,169 [INFO] WebApp:191 - Connection restablished
2025-06-20 09:41:34,512 [INFO] WebApp:194 - Connection lost
2025-06-20 09:41:34,672 [INFO] WebApp:191 - Connection restablished
2025-06-20 09:41:53,784 [INFO] WebApp:194 - Connection lost
2025-06-20 09:41:53,940 [INFO] WebApp:191 - Connection restablished
2025-06-20 09:42:33,514 [INFO] WebApp:194 - Connection lost
2025-06-20 09:42:33,670 [INFO] WebApp:191 - Connection restablished
2025-06-20 09:46:00,292 [INFO] WebApp:194 - Connection lost
2025-06-20 09:46:00,489 [INFO] WebApp:191 - Connection restablished
2025-06-20 09:46:14,523 [INFO] WebApp:194 - Connection lost
2025-06-20 09:46:14,678 [INFO] WebApp:191 - Connection restablished
2025-06-20 10:24:49,711 [INFO] WebApp:194 - Connection lost
2025-06-20 10:24:49,874 [INFO] WebApp:191 - Connection restablished
2025-06-20 10:25:23,021 [INFO] WebApp:194 - Connection lost
2025-06-20 10:25:23,187 [INFO] WebApp:191 - Connection restablished
2025-06-20 10:25:42,515 [INFO] WebApp:194 - Connection lost
2025-06-20 10:25:42,680 [INFO] WebApp:191 - Connection restablished
2025-06-20 10:25:45,613 [INFO] WebApp:194 - Connection lost
2025-06-20 10:25:45,737 [INFO] WebApp:191 - Connection restablished
2025-06-20 10:25:49,025 [INFO] WebApp:194 - Connection lost
2025-06-20 10:25:49,150 [INFO] WebApp:191 - Connection restablished
2025-06-20 11:38:53,765 [INFO] WebApp:194 - Connection lost
2025-06-20 11:38:53,938 [INFO] WebApp:191 - Connection restablished
2025-06-20 12:29:20,567 [INFO] WebApp:194 - Connection lost
2025-06-20 12:29:20,808 [INFO] WebApp:191 - Connection restablished
2025-06-20 14:03:20,392 [INFO] WebApp:194 - Connection lost
2025-06-20 14:03:20,645 [INFO] WebApp:191 - Connection restablished
2025-06-20 15:13:42,108 [INFO] WebApp:194 - Connection lost
2025-06-20 15:13:42,295 [INFO] WebApp:191 - Connection restablished
2025-06-20 15:52:01,597 [INFO] WebApp:194 - Connection lost
2025-06-20 15:52:38,017 [INFO] WebApp:191 - Connection restablished
2025-06-20 20:08:22,002 [ERROR] LogOutputStream:75 - [STDERR_REDIRECT] 
