2025-06-27 08:54:19,627 [INFO] Activator:176 - 


2025-06-27 08:54:19,632 [INFO] Activator:177 - !SESSION log4j initialized
2025-06-27 08:54:25,893 [INFO] LogOutputStream:77 - [STDOUT_REDIRECT] 
2025-06-27 08:54:27,412 [INFO] ApplicationProperties:184 - Using Application install path: D:\software\STM32CubeIDE_1.18.1\STM32CubeIDE\plugins\com.st.stm32cube.common.mx_6.14.1.202504091515
2025-06-27 08:54:27,430 [INFO] DbMcusXml:78 - Set database path to: D:\software\STM32CubeIDE_1.18.1\STM32CubeIDE\plugins\com.st.stm32cube.common.mx_6.14.1.202504091515\\db\/mcu/
2025-06-27 08:54:27,430 [INFO] ApiDb:274 - Set plugin database path to: D:\software\STM32CubeIDE_1.18.1\STM32CubeIDE\plugins\com.st.stm32cube.common.mx_6.14.1.202504091515\\db\/plugins/boardmanager/
2025-06-27 08:54:27,430 [WARN] ApiDb:259 - Overriding images path with different value:  => D:\software\STM32CubeIDE_1.18.1\STM32CubeIDE\plugins\com.st.stm32cube.common.mx_6.14.1.202504091515\\db\/plugins/mcufinder/images/
2025-06-27 08:54:27,437 [INFO] ApiDb:250 - Set database path to: C:\Users\luoyipeng\.stmcufinder\plugins\mcufinder//mcu/
2025-06-27 08:54:27,438 [INFO] DbMcusAds:125 - Set database path to: C:\Users\luoyipeng\.stmcufinder\plugins\mcufinder//mcu/
2025-06-27 08:54:27,440 [INFO] CrossReferenceDbSqlite:203 - Set database path to: C:\Users\luoyipeng\.stmcufinder\plugins\mcufinder//mcu/cs/
2025-06-27 08:54:27,550 [INFO] RulesReader:64 - Compatibility file has been processed (302 Rules)
2025-06-27 08:54:27,625 [INFO] DbMcusXml:78 - Set database path to: D:\software\STM32CubeIDE_1.18.1\STM32CubeIDE\plugins\com.st.stm32cube.common.mx_6.14.1.202504091515\\db\/mcu/
2025-06-27 08:54:27,626 [INFO] ApiDb:274 - Set plugin database path to: D:\software\STM32CubeIDE_1.18.1\STM32CubeIDE\plugins\com.st.stm32cube.common.mx_6.14.1.202504091515\\db\/plugins/boardmanager/
2025-06-27 08:54:27,626 [INFO] ApiDb:261 - Set plugin images path to: D:\software\STM32CubeIDE_1.18.1\STM32CubeIDE\plugins\com.st.stm32cube.common.mx_6.14.1.202504091515\\db\/plugins/mcufinder/images/
2025-06-27 08:54:27,626 [WARN] DbFile:41 - Overriding database path with different value: C:\Users\luoyipeng\.stmcufinder\plugins\mcufinder/ => C:\Users\luoyipeng\.stmcufinder\plugins\mcufinder
2025-06-27 08:54:27,626 [INFO] ApiDb:250 - Set database path to: C:\Users\luoyipeng\.stmcufinder\plugins\mcufinder//mcu/
2025-06-27 08:54:27,626 [WARN] DbFile:41 - Overriding database path with different value: C:\Users\luoyipeng\.stmcufinder\plugins\mcufinder/ => C:\Users\luoyipeng\.stmcufinder\plugins\mcufinder
2025-06-27 08:54:27,626 [INFO] DbMcusAds:125 - Set database path to: C:\Users\luoyipeng\.stmcufinder\plugins\mcufinder//mcu/
2025-06-27 08:54:27,626 [WARN] DbFile:41 - Overriding database path with different value: C:\Users\luoyipeng\.stmcufinder\plugins\mcufinder/ => C:\Users\luoyipeng\.stmcufinder\plugins\mcufinder
2025-06-27 08:54:27,626 [WARN] DbFile:41 - Overriding database path with different value: C:\Users\luoyipeng\.stmcufinder\plugins\mcufinder/ => C:\Users\luoyipeng\.stmcufinder\plugins\mcufinder
2025-06-27 08:54:27,626 [INFO] CrossReferenceDbSqlite:203 - Set database path to: C:\Users\luoyipeng\.stmcufinder\plugins\mcufinder//mcu/cs/
2025-06-27 08:54:27,700 [INFO] MainPanel:272 - HeapMemory: 268435456
2025-06-27 08:58:31,872 [INFO] Activator:176 - 


2025-06-27 08:58:31,875 [INFO] Activator:177 - !SESSION log4j initialized
2025-06-27 08:58:37,475 [INFO] LogOutputStream:77 - [STDOUT_REDIRECT] 
2025-06-27 08:58:39,238 [INFO] ApplicationProperties:184 - Using Application install path: D:\software\STM32CubeIDE_1.18.1\STM32CubeIDE\plugins\com.st.stm32cube.common.mx_6.14.1.202504091515
2025-06-27 08:58:39,254 [INFO] DbMcusXml:78 - Set database path to: D:\software\STM32CubeIDE_1.18.1\STM32CubeIDE\plugins\com.st.stm32cube.common.mx_6.14.1.202504091515\\db\/mcu/
2025-06-27 08:58:39,254 [INFO] ApiDb:274 - Set plugin database path to: D:\software\STM32CubeIDE_1.18.1\STM32CubeIDE\plugins\com.st.stm32cube.common.mx_6.14.1.202504091515\\db\/plugins/boardmanager/
2025-06-27 08:58:39,255 [WARN] ApiDb:259 - Overriding images path with different value:  => D:\software\STM32CubeIDE_1.18.1\STM32CubeIDE\plugins\com.st.stm32cube.common.mx_6.14.1.202504091515\\db\/plugins/mcufinder/images/
2025-06-27 08:58:39,258 [INFO] ApiDb:250 - Set database path to: C:\Users\luoyipeng\.stmcufinder\plugins\mcufinder//mcu/
2025-06-27 08:58:39,259 [INFO] DbMcusAds:125 - Set database path to: C:\Users\luoyipeng\.stmcufinder\plugins\mcufinder//mcu/
2025-06-27 08:58:39,260 [INFO] CrossReferenceDbSqlite:203 - Set database path to: C:\Users\luoyipeng\.stmcufinder\plugins\mcufinder//mcu/cs/
2025-06-27 08:58:39,391 [INFO] RulesReader:64 - Compatibility file has been processed (302 Rules)
2025-06-27 08:58:39,498 [INFO] DbMcusXml:78 - Set database path to: D:\software\STM32CubeIDE_1.18.1\STM32CubeIDE\plugins\com.st.stm32cube.common.mx_6.14.1.202504091515\\db\/mcu/
2025-06-27 08:58:39,498 [INFO] ApiDb:274 - Set plugin database path to: D:\software\STM32CubeIDE_1.18.1\STM32CubeIDE\plugins\com.st.stm32cube.common.mx_6.14.1.202504091515\\db\/plugins/boardmanager/
2025-06-27 08:58:39,498 [INFO] ApiDb:261 - Set plugin images path to: D:\software\STM32CubeIDE_1.18.1\STM32CubeIDE\plugins\com.st.stm32cube.common.mx_6.14.1.202504091515\\db\/plugins/mcufinder/images/
2025-06-27 08:58:39,499 [WARN] DbFile:41 - Overriding database path with different value: C:\Users\luoyipeng\.stmcufinder\plugins\mcufinder/ => C:\Users\luoyipeng\.stmcufinder\plugins\mcufinder
2025-06-27 08:58:39,499 [INFO] ApiDb:250 - Set database path to: C:\Users\luoyipeng\.stmcufinder\plugins\mcufinder//mcu/
2025-06-27 08:58:39,499 [WARN] DbFile:41 - Overriding database path with different value: C:\Users\luoyipeng\.stmcufinder\plugins\mcufinder/ => C:\Users\luoyipeng\.stmcufinder\plugins\mcufinder
2025-06-27 08:58:39,499 [INFO] DbMcusAds:125 - Set database path to: C:\Users\luoyipeng\.stmcufinder\plugins\mcufinder//mcu/
2025-06-27 08:58:39,499 [WARN] DbFile:41 - Overriding database path with different value: C:\Users\luoyipeng\.stmcufinder\plugins\mcufinder/ => C:\Users\luoyipeng\.stmcufinder\plugins\mcufinder
2025-06-27 08:58:39,499 [WARN] DbFile:41 - Overriding database path with different value: C:\Users\luoyipeng\.stmcufinder\plugins\mcufinder/ => C:\Users\luoyipeng\.stmcufinder\plugins\mcufinder
2025-06-27 08:58:39,499 [INFO] CrossReferenceDbSqlite:203 - Set database path to: C:\Users\luoyipeng\.stmcufinder\plugins\mcufinder//mcu/cs/
2025-06-27 08:58:39,588 [INFO] MainPanel:272 - HeapMemory: 268435456
2025-06-27 08:58:39,686 [INFO] DbMcusXml:78 - Set database path to: D:\software\STM32CubeIDE_1.18.1\STM32CubeIDE\plugins\com.st.stm32cube.common.mx_6.14.1.202504091515\\db\/mcu/
2025-06-27 08:58:39,686 [INFO] ApiDb:274 - Set plugin database path to: D:\software\STM32CubeIDE_1.18.1\STM32CubeIDE\plugins\com.st.stm32cube.common.mx_6.14.1.202504091515\\db\/plugins/boardmanager/
2025-06-27 08:58:39,687 [INFO] ApiDb:261 - Set plugin images path to: D:\software\STM32CubeIDE_1.18.1\STM32CubeIDE\plugins\com.st.stm32cube.common.mx_6.14.1.202504091515\\db\/plugins/mcufinder/images/
2025-06-27 08:58:39,687 [WARN] DbFile:41 - Overriding database path with different value: C:\Users\luoyipeng\.stmcufinder\plugins\mcufinder/ => C:\Users\luoyipeng\.stmcufinder\plugins\mcufinder
2025-06-27 08:58:39,687 [INFO] ApiDb:250 - Set database path to: C:\Users\luoyipeng\.stmcufinder\plugins\mcufinder//mcu/
2025-06-27 08:58:39,687 [WARN] DbFile:41 - Overriding database path with different value: C:\Users\luoyipeng\.stmcufinder\plugins\mcufinder/ => C:\Users\luoyipeng\.stmcufinder\plugins\mcufinder
2025-06-27 08:58:39,687 [INFO] DbMcusAds:125 - Set database path to: C:\Users\luoyipeng\.stmcufinder\plugins\mcufinder//mcu/
2025-06-27 08:58:39,687 [WARN] DbFile:41 - Overriding database path with different value: C:\Users\luoyipeng\.stmcufinder\plugins\mcufinder/ => C:\Users\luoyipeng\.stmcufinder\plugins\mcufinder
2025-06-27 08:58:39,687 [WARN] DbFile:41 - Overriding database path with different value: C:\Users\luoyipeng\.stmcufinder\plugins\mcufinder/ => C:\Users\luoyipeng\.stmcufinder\plugins\mcufinder
2025-06-27 08:58:39,687 [INFO] CrossReferenceDbSqlite:203 - Set database path to: C:\Users\luoyipeng\.stmcufinder\plugins\mcufinder//mcu/cs/
2025-06-27 08:58:39,706 [INFO] ApplicationProperties:184 - Using Application install path: D:\software\STM32CubeIDE_1.18.1\STM32CubeIDE\plugins\com.st.stm32cube.common.mx_6.14.1.202504091515
2025-06-27 08:58:39,708 [INFO] PluginManage:196 - Search for loadable plugins [exclusion list=, ]
2025-06-27 08:58:39,709 [INFO] PluginManage:310 - Check plugin analytics
2025-06-27 08:58:39,893 [INFO] AnalyticsPlugin:253 - Accepted Software Licenses: STM32CubeMX.6.14.1
2025-06-27 08:58:39,893 [INFO] AnalyticsPlugin:255 - Accepted CMSIS Pack Licenses: 
2025-06-27 08:58:39,893 [INFO] AnalyticsPlugin:257 - Accepted Firmware Licenses: 
2025-06-27 08:58:39,896 [INFO] PluginManage:359 - Loaded plugin analytics (category:tool,tabindex:-1)
2025-06-27 08:58:39,897 [INFO] PluginManage:310 - Check plugin cadmodel
2025-06-27 08:58:39,901 [INFO] CADModel:105 - Init CAD model plugin
2025-06-27 08:58:39,902 [INFO] PluginManage:359 - Loaded plugin cadmodel (category:power,tabindex:5)
2025-06-27 08:58:39,902 [INFO] PluginManage:310 - Check plugin clock
2025-06-27 08:58:39,914 [INFO] PluginManage:359 - Loaded plugin clock (category:base,tabindex:2)
2025-06-27 08:58:39,914 [INFO] PluginManage:310 - Check plugin ddr
2025-06-27 08:58:39,917 [INFO] PluginManage:359 - Loaded plugin ddr (category:tool,tabindex:6)
2025-06-27 08:58:39,917 [INFO] PluginManage:310 - Check plugin filemanager
2025-06-27 08:58:40,049 [INFO] PluginManage:359 - Loaded plugin filemanager (category:base,tabindex:10)
2025-06-27 08:58:40,050 [INFO] PluginManage:310 - Check plugin ipmanager
2025-06-27 08:58:40,056 [INFO] PluginManage:359 - Loaded plugin ipmanager (category:base,tabindex:5)
2025-06-27 08:58:40,056 [INFO] PluginManage:310 - Check plugin lpbam
2025-06-27 08:58:40,064 [INFO] PluginManage:359 - Loaded plugin lpbam (category:base,tabindex:0)
2025-06-27 08:58:40,064 [INFO] PluginManage:310 - Check plugin memorymap
2025-06-27 08:58:40,074 [INFO] PluginManage:359 - Loaded plugin memorymap (category:base,tabindex:4)
2025-06-27 08:58:40,074 [INFO] PluginManage:310 - Check plugin pinoutandconfiguration
2025-06-27 08:58:40,080 [INFO] PluginManage:359 - Loaded plugin pinoutandconfiguration (category:base,tabindex:1)
2025-06-27 08:58:40,080 [INFO] PluginManage:310 - Check plugin pinoutconfig
2025-06-27 08:58:40,169 [WARN] SupportedApi:132 - Cannot load RTOS API schema: s4s-elt-must-match.1: The content of 'definitions' must match (annotation?, (simpleType | complexType)?, (unique | key | keyref)*)). A problem was found starting at: attribute.
2025-06-27 08:58:40,267 [INFO] PluginManage:359 - Loaded plugin pinoutconfig (category:base,tabindex:0)
2025-06-27 08:58:40,267 [INFO] PluginManage:310 - Check plugin power
2025-06-27 08:58:40,276 [INFO] PluginManage:359 - Loaded plugin power (category:power,tabindex:4)
2025-06-27 08:58:40,276 [INFO] PluginManage:310 - Check plugin projectmanager
2025-06-27 08:58:40,288 [INFO] PluginManage:359 - Loaded plugin projectmanager (category:projectmanager,tabindex:4)
2025-06-27 08:58:40,289 [INFO] PluginManage:310 - Check plugin rif
2025-06-27 08:58:40,293 [INFO] PluginManage:359 - Loaded plugin rif (category:base,tabindex:3)
2025-06-27 08:58:40,294 [INFO] PluginManage:310 - Check plugin thirdparty
2025-06-27 08:58:40,398 [INFO] PluginManage:359 - Loaded plugin thirdparty (category:base,tabindex:-1)
2025-06-27 08:58:40,398 [INFO] PluginManage:310 - Check plugin tools
2025-06-27 08:58:40,398 [WARN] IntegrityCheckThread:84 - waiting for thirdparty lock release [integrity check]
2025-06-27 08:58:40,398 [INFO] IntegrityCheckThread:86 - entering critical section [integrity check]
2025-06-27 08:58:40,398 [INFO] ThirdPartyUpdaterWithRetryManager:70 - Updater plugin not ready yet. [1/15]
2025-06-27 08:58:40,399 [INFO] PluginManage:359 - Loaded plugin tools (category:base,tabindex:7)
2025-06-27 08:58:40,400 [INFO] PluginManage:310 - Check plugin tutovideos
2025-06-27 08:58:40,529 [INFO] PluginManage:359 - Loaded plugin tutovideos (category:base,tabindex:-1)
2025-06-27 08:58:40,529 [INFO] PluginManage:310 - Check plugin updater
2025-06-27 08:58:40,548 [INFO] PluginManage:359 - Loaded plugin updater (category:base,tabindex:12)
2025-06-27 08:58:40,548 [INFO] PluginManage:310 - Check plugin userauth
2025-06-27 08:58:40,553 [INFO] UserAuth:118 - Init User Auth plugin
2025-06-27 08:58:40,554 [INFO] PluginManage:359 - Loaded plugin userauth (category:base,tabindex:14)
2025-06-27 08:58:40,555 [INFO] PluginManage:283 - PluginManage : Loaded plugins [18]
2025-06-27 08:58:40,761 [INFO] PinOutPanel:1589 - setPackage(No Configuration,No Configuration)
2025-06-27 08:58:40,843 [INFO] CADModel:165 - CPN selected for project level
2025-06-27 08:58:40,843 [INFO] CADModel:114 - Register for checkConnection events
2025-06-27 08:58:40,858 [INFO] IPUIPlugin:80 - create IPUIPlugin
2025-06-27 08:58:40,858 [INFO] PluginManager:220 - loadIPPluginJar : add adc
2025-06-27 08:58:40,860 [INFO] IPUIPlugin:80 - create IPUIPlugin
2025-06-27 08:58:40,860 [INFO] PluginManager:220 - loadIPPluginJar : add aes
2025-06-27 08:58:40,861 [INFO] IPUIPlugin:80 - create IPUIPlugin
2025-06-27 08:58:40,862 [INFO] PluginManager:220 - loadIPPluginJar : add can
2025-06-27 08:58:40,864 [INFO] IPUIPlugin:80 - create IPUIPlugin
2025-06-27 08:58:40,864 [INFO] PluginManager:220 - loadIPPluginJar : add comp
2025-06-27 08:58:40,866 [INFO] IPUIPlugin:80 - create IPUIPlugin
2025-06-27 08:58:40,866 [INFO] PluginManager:220 - loadIPPluginJar : add cryp
2025-06-27 08:58:40,868 [INFO] IPUIPlugin:80 - create IPUIPlugin
2025-06-27 08:58:40,868 [INFO] PluginManager:220 - loadIPPluginJar : add ddr_ctrl_phy
2025-06-27 08:58:40,870 [INFO] IPUIPlugin:80 - create IPUIPlugin
2025-06-27 08:58:40,870 [INFO] PluginManager:220 - loadIPPluginJar : add dfsdm
2025-06-27 08:58:40,874 [INFO] IPUIPlugin:80 - create IPUIPlugin
2025-06-27 08:58:40,875 [INFO] PluginManager:220 - loadIPPluginJar : add dma
2025-06-27 08:58:40,877 [INFO] IPUIPlugin:80 - create IPUIPlugin
2025-06-27 08:58:40,878 [INFO] PluginManager:220 - loadIPPluginJar : add dma3
2025-06-27 08:58:40,879 [INFO] IPUIPlugin:80 - create IPUIPlugin
2025-06-27 08:58:40,879 [INFO] PluginManager:220 - loadIPPluginJar : add extmemmanager
2025-06-27 08:58:40,881 [INFO] IPUIPlugin:80 - create IPUIPlugin
2025-06-27 08:58:40,881 [INFO] PluginManager:220 - loadIPPluginJar : add fatfs
2025-06-27 08:58:40,883 [INFO] IPUIPlugin:80 - create IPUIPlugin
2025-06-27 08:58:40,883 [INFO] PluginManager:220 - loadIPPluginJar : add fmc
2025-06-27 08:58:40,889 [INFO] IPUIPlugin:80 - create IPUIPlugin
2025-06-27 08:58:40,889 [INFO] PluginManager:220 - loadIPPluginJar : add freertos
2025-06-27 08:58:40,890 [INFO] IPUIPlugin:80 - create IPUIPlugin
2025-06-27 08:58:40,891 [INFO] PluginManager:220 - loadIPPluginJar : add genericplugin
2025-06-27 08:58:40,892 [INFO] IPUIPlugin:80 - create IPUIPlugin
2025-06-27 08:58:40,892 [INFO] PluginManager:220 - loadIPPluginJar : add gfxmmu
2025-06-27 08:58:40,896 [INFO] IPUIPlugin:80 - create IPUIPlugin
2025-06-27 08:58:40,896 [INFO] PluginManager:220 - loadIPPluginJar : add gic
2025-06-27 08:58:40,900 [INFO] IPUIPlugin:80 - create IPUIPlugin
2025-06-27 08:58:40,900 [INFO] PluginManager:220 - loadIPPluginJar : add gpio
2025-06-27 08:58:40,903 [INFO] IPUIPlugin:80 - create IPUIPlugin
2025-06-27 08:58:40,903 [INFO] PluginManager:220 - loadIPPluginJar : add gtzc
2025-06-27 08:58:40,904 [INFO] IPUIPlugin:80 - create IPUIPlugin
2025-06-27 08:58:40,905 [INFO] PluginManager:220 - loadIPPluginJar : add hash
2025-06-27 08:58:40,908 [INFO] IPUIPlugin:80 - create IPUIPlugin
2025-06-27 08:58:40,908 [INFO] PluginManager:220 - loadIPPluginJar : add i2c
2025-06-27 08:58:40,911 [INFO] IPUIPlugin:80 - create IPUIPlugin
2025-06-27 08:58:40,911 [INFO] PluginManager:220 - loadIPPluginJar : add i2s
2025-06-27 08:58:40,914 [INFO] IPUIPlugin:80 - create IPUIPlugin
2025-06-27 08:58:40,914 [INFO] PluginManager:220 - loadIPPluginJar : add i3c
2025-06-27 08:58:40,917 [INFO] IPUIPlugin:80 - create IPUIPlugin
2025-06-27 08:58:40,917 [INFO] PluginManager:220 - loadIPPluginJar : add ipddr
2025-06-27 08:58:40,924 [INFO] IPUIPlugin:80 - create IPUIPlugin
2025-06-27 08:58:40,924 [INFO] PluginManager:220 - loadIPPluginJar : add linkedlist
2025-06-27 08:58:40,927 [INFO] IPUIPlugin:80 - create IPUIPlugin
2025-06-27 08:58:40,928 [INFO] PluginManager:220 - loadIPPluginJar : add lorawan
2025-06-27 08:58:40,930 [INFO] IPUIPlugin:80 - create IPUIPlugin
2025-06-27 08:58:40,930 [INFO] PluginManager:220 - loadIPPluginJar : add ltdc
2025-06-27 08:58:40,936 [INFO] IPUIPlugin:80 - create IPUIPlugin
2025-06-27 08:58:40,936 [INFO] PluginManager:220 - loadIPPluginJar : add mdma
2025-06-27 08:58:40,941 [INFO] IPUIPlugin:80 - create IPUIPlugin
2025-06-27 08:58:40,942 [INFO] PluginManager:220 - loadIPPluginJar : add nvic
2025-06-27 08:58:40,945 [INFO] IPUIPlugin:80 - create IPUIPlugin
2025-06-27 08:58:40,945 [INFO] PluginManager:220 - loadIPPluginJar : add opamp
2025-06-27 08:58:40,948 [INFO] IPUIPlugin:80 - create IPUIPlugin
2025-06-27 08:58:40,948 [INFO] PluginManager:220 - loadIPPluginJar : add openamp
2025-06-27 08:58:40,951 [INFO] IPUIPlugin:80 - create IPUIPlugin
2025-06-27 08:58:40,951 [INFO] PluginManager:220 - loadIPPluginJar : add pdm2pcm
2025-06-27 08:58:40,957 [INFO] IPUIPlugin:80 - create IPUIPlugin
2025-06-27 08:58:40,960 [INFO] PluginManager:220 - loadIPPluginJar : add plateformsettings
2025-06-27 08:58:40,961 [INFO] IPUIPlugin:80 - create IPUIPlugin
2025-06-27 08:58:40,961 [INFO] PluginManager:220 - loadIPPluginJar : add quadspi
2025-06-27 08:58:40,962 [INFO] IPUIPlugin:80 - create IPUIPlugin
2025-06-27 08:58:40,963 [INFO] PluginManager:220 - loadIPPluginJar : add radio
2025-06-27 08:58:40,967 [INFO] IPUIPlugin:80 - create IPUIPlugin
2025-06-27 08:58:40,967 [INFO] PluginManager:220 - loadIPPluginJar : add resmgrutility
2025-06-27 08:58:40,969 [INFO] IPUIPlugin:80 - create IPUIPlugin
2025-06-27 08:58:40,969 [INFO] PluginManager:220 - loadIPPluginJar : add sai
2025-06-27 08:58:40,971 [INFO] IPUIPlugin:80 - create IPUIPlugin
2025-06-27 08:58:40,971 [INFO] PluginManager:220 - loadIPPluginJar : add spi
2025-06-27 08:58:40,977 [INFO] IPUIPlugin:80 - create IPUIPlugin
2025-06-27 08:58:40,977 [INFO] PluginManager:220 - loadIPPluginJar : add stm32_wpan
2025-06-27 08:58:40,978 [INFO] IPUIPlugin:80 - create IPUIPlugin
2025-06-27 08:58:40,978 [INFO] PluginManager:220 - loadIPPluginJar : add tim
2025-06-27 08:58:40,981 [INFO] IPUIPlugin:80 - create IPUIPlugin
2025-06-27 08:58:40,981 [INFO] PluginManager:220 - loadIPPluginJar : add touchsensing
2025-06-27 08:58:40,982 [INFO] IPUIPlugin:80 - create IPUIPlugin
2025-06-27 08:58:40,982 [INFO] PluginManager:220 - loadIPPluginJar : add tracer_emb
2025-06-27 08:58:40,983 [INFO] IPUIPlugin:80 - create IPUIPlugin
2025-06-27 08:58:40,983 [INFO] PluginManager:220 - loadIPPluginJar : add ts
2025-06-27 08:58:40,985 [INFO] IPUIPlugin:80 - create IPUIPlugin
2025-06-27 08:58:40,985 [INFO] PluginManager:220 - loadIPPluginJar : add tsc
2025-06-27 08:58:40,988 [INFO] IPUIPlugin:80 - create IPUIPlugin
2025-06-27 08:58:40,988 [INFO] PluginManager:220 - loadIPPluginJar : add ucpd
2025-06-27 08:58:40,990 [INFO] IPUIPlugin:80 - create IPUIPlugin
2025-06-27 08:58:40,990 [INFO] PluginManager:220 - loadIPPluginJar : add usart
2025-06-27 08:58:40,993 [INFO] IPUIPlugin:80 - create IPUIPlugin
2025-06-27 08:58:40,993 [INFO] PluginManager:220 - loadIPPluginJar : add usbx
2025-06-27 08:58:41,118 [FATAL] Updater:351 - Updater called before beeing initialized
2025-06-27 08:58:41,160 [INFO] RulesReader:64 - Compatibility file has been processed (302 Rules)
2025-06-27 08:58:41,180 [INFO] RulesReader:64 - Compatibility file has been processed (302 Rules)
2025-06-27 08:58:41,194 [INFO] CADModel:165 - CPN selected for project level
2025-06-27 08:58:41,194 [INFO] CADModel:114 - Register for checkConnection events
2025-06-27 08:58:41,194 [FATAL] Updater:351 - Updater called before beeing initialized
2025-06-27 08:58:41,194 [ERROR] CADModel:125 - Updater not yet initialized, retry later 
2025-06-27 08:58:41,331 [FATAL] Updater:351 - Updater called before beeing initialized
2025-06-27 08:58:41,333 [INFO] CADModel:165 - CPN selected for project level
2025-06-27 08:58:41,333 [INFO] CADModel:114 - Register for checkConnection events
2025-06-27 08:58:41,333 [FATAL] Updater:351 - Updater called before beeing initialized
2025-06-27 08:58:41,333 [ERROR] CADModel:125 - Updater not yet initialized, retry later 
2025-06-27 08:58:41,337 [FATAL] Updater:351 - Updater called before beeing initialized
2025-06-27 08:58:41,466 [FATAL] Updater:351 - Updater called before beeing initialized
2025-06-27 08:58:41,469 [INFO] DbMcusAds:53 - JSON generation date=Wed May 07 17:07:55 CST 2025 (1746608875638)
2025-06-27 08:58:41,469 [FATAL] Updater:351 - Updater called before beeing initialized
2025-06-27 08:58:41,498 [WARN] DetailPanel:346 - Failed to get advertising image, set to default
2025-06-27 08:58:41,709 [FATAL] Updater:351 - Updater called before beeing initialized
2025-06-27 08:58:41,711 [FATAL] Updater:351 - Updater called before beeing initialized
2025-06-27 08:58:41,711 [FATAL] Updater:351 - Updater called before beeing initialized
2025-06-27 08:58:41,711 [WARN] DetailPanel:346 - Failed to get advertising image, set to default
2025-06-27 08:58:41,712 [FATAL] Updater:351 - Updater called before beeing initialized
2025-06-27 08:58:41,751 [ERROR] Updater:1198 - MainUpdater not yet initialized. External WinMGr cannot be set.
2025-06-27 08:58:41,753 [INFO] Updater:1134 - Updater Version found : 6.14.1
2025-06-27 08:58:41,767 [INFO] ApplicationProperties:184 - Using Application install path: D:\software\STM32CubeIDE_1.18.1\STM32CubeIDE\plugins\com.st.stm32cube.common.mx_6.14.1.202504091515
2025-06-27 08:58:43,332 [ERROR] LogOutputStream:75 - [STDERR_REDIRECT] Jun 27, 2025 8:58:43 AM java.util.prefs.WindowsPreferences <init>
2025-06-27 08:58:43,333 [ERROR] LogOutputStream:75 - [STDERR_REDIRECT] WARNING: Could not open/create prefs root node Software\JavaSoft\Prefs at root 0xffffffff80000002. Windows RegCreateKeyEx(...) returned error code 5.
2025-06-27 08:58:43,333 [ERROR] LogOutputStream:75 - [STDERR_REDIRECT] 
2025-06-27 08:58:43,399 [INFO] ThirdPartyUpdaterWithRetryManager:70 - Updater plugin not ready yet. [2/15]
2025-06-27 08:58:44,417 [INFO] MainUpdater:2872 - connection check result : 10
2025-06-27 08:58:44,417 [INFO] MainUpdater:289 - Updater Check For Update Now.
2025-06-27 08:58:44,419 [INFO] MicroXplorer:498 - Change Database Version : DB.6.0.141
2025-06-27 08:58:44,422 [INFO] McuFinderGlobals:63 - Set McuFinder mode to 2 (CubeIDE integrated)
2025-06-27 08:58:44,422 [INFO] UserAuth:171 - activating auth plugin
2025-06-27 08:58:44,424 [INFO] UserAuth:484 - Internet connection configuration mode: 1
2025-06-27 08:58:44,439 [INFO] JxBrowserEngine:152 - Initiate JxBrowser Engine with user profile folder
2025-06-27 08:58:44,602 [INFO] CheckServerUpdateThread:120 - End of CheckServer Thread
2025-06-27 08:58:45,427 [INFO] WebApp:169 - Instantiating new browser for Auth
2025-06-27 08:58:46,632 [WARN] PackLoader:240 - Cannot read IP mode file for STMicroelectronics.FP-SNS-MOTENVWB1.1.4.0
2025-06-27 08:58:46,636 [INFO] WebApp:463 - Apply proxy settings
2025-06-27 08:58:46,637 [INFO] WebApp:548 - Chromium requires no authentication
2025-06-27 08:58:46,646 [WARN] PackLoader:240 - Cannot read IP mode file for STMicroelectronics.X-CUBE-SMBUS.2.1.0
2025-06-27 08:58:46,648 [INFO] WebApp:491 - Direct internet connection detected
2025-06-27 08:58:46,653 [WARN] PackLoader:240 - Cannot read IP mode file for STMicroelectronics.X-CUBE-ST60.1.0.0
2025-06-27 08:58:46,680 [INFO] WebApp:894 - Register for checkConnection events
2025-06-27 08:58:46,680 [INFO] WebApp:463 - Apply proxy settings
2025-06-27 08:58:46,681 [INFO] WebApp:548 - Chromium requires no authentication
2025-06-27 08:58:46,682 [INFO] WebApp:491 - Direct internet connection detected
2025-06-27 08:58:46,691 [WARN] PackLoader:240 - Cannot read IP mode file for STMicroelectronics.X-CUBE-AZRTOS-F7.1.1.0
2025-06-27 08:58:46,729 [WARN] PackLoader:240 - Cannot read IP mode file for Infineon.AIROC-Wi-Fi-Bluetooth-STM32.1.7.0
2025-06-27 08:58:46,749 [WARN] PackLoader:240 - Cannot read IP mode file for STMicroelectronics.X-CUBE-DISPLAY.3.0.0
2025-06-27 08:58:46,765 [WARN] PackLoader:240 - Cannot read IP mode file for STMicroelectronics.X-CUBE-NFC10.1.0.0
2025-06-27 08:58:46,787 [WARN] PackLoader:240 - Cannot read IP mode file for STMicroelectronics.X-CUBE-BLEMGR.4.0.0
2025-06-27 08:58:46,796 [WARN] PackLoader:240 - Cannot read IP mode file for emotas.I-CUBE-CANOPEN.1.3.0
2025-06-27 08:58:46,802 [WARN] ConditionMgr:438 - getConditionDescription Invalid condition id : Cortex-A Device cause : null
2025-06-27 08:58:46,814 [WARN] ConditionMgr:1044 - genDependencies : Invalid condition id : Cortex-A Device cause : null
2025-06-27 08:58:46,814 [WARN] ConditionMgr:1044 - genDependencies : Invalid condition id : Cortex-A Device cause : null
2025-06-27 08:58:46,814 [WARN] ConditionMgr:1044 - genDependencies : Invalid condition id : Cortex-A Device cause : null
2025-06-27 08:58:46,820 [WARN] PackLoader:240 - Cannot read IP mode file for STMicroelectronics.FP-SNS-SMARTAG2.1.2.0
2025-06-27 08:58:46,831 [INFO] LogOutputStream:77 - [STDOUT_REDIRECT] 1 : Invalid condition id : UX_CORESTACK_Condition cause : null
2025-06-27 08:58:46,832 [INFO] LogOutputStream:77 - [STDOUT_REDIRECT] 1 : Invalid condition id : UX_CORESTACK_Condition cause : null
2025-06-27 08:58:46,834 [INFO] LogOutputStream:77 - [STDOUT_REDIRECT] 1 : Invalid condition id : UX_CORESTACK_Condition cause : null
2025-06-27 08:58:46,835 [INFO] LogOutputStream:77 - [STDOUT_REDIRECT] 1 : Invalid condition id : UX_CORESTACK_Condition cause : null
2025-06-27 08:58:46,836 [INFO] LogOutputStream:77 - [STDOUT_REDIRECT] 1 : Invalid condition id : UX_CORESTACK_Condition cause : null
2025-06-27 08:58:46,840 [WARN] PackLoader:240 - Cannot read IP mode file for STMicroelectronics.X-CUBE-AZRTOS-WL.2.0.0
2025-06-27 08:58:46,846 [WARN] PackLoader:240 - Cannot read IP mode file for STMicroelectronics.FP-SNS-MOTENV1.5.0.0
2025-06-27 08:58:46,854 [WARN] PackLoader:240 - Cannot read IP mode file for STMicroelectronics.X-CUBE-BLE2.3.3.0
2025-06-27 08:58:46,861 [WARN] PackLoader:240 - Cannot read IP mode file for STMicroelectronics.X-CUBE-NFC9.1.0.0
2025-06-27 08:58:46,868 [WARN] PackLoader:240 - Cannot read IP mode file for wolfSSL.I-CUBE-wolfSSL.5.8.0
2025-06-27 08:58:46,872 [WARN] PackLoader:240 - Cannot read IP mode file for wolfSSL.I-CUBE-wolfMQTT.1.19.2
2025-06-27 08:58:46,891 [WARN] PackLoader:240 - Cannot read IP mode file for STMicroelectronics.X-CUBE-AZRTOS-G0.1.1.0
2025-06-27 08:58:46,900 [WARN] PackLoader:240 - Cannot read IP mode file for STMicroelectronics.X-CUBE-SAFEA1.1.2.2
2025-06-27 08:58:46,906 [WARN] PackLoader:240 - Cannot read IP mode file for STMicroelectronics.X-CUBE-NFC4.3.0.0
2025-06-27 08:58:46,918 [WARN] PackLoader:240 - Cannot read IP mode file for EmbeddedOffice.I-CUBE-FS-RTOS.1.0.1
2025-06-27 08:58:46,924 [WARN] PackLoader:240 - Cannot read IP mode file for STMicroelectronics.X-CUBE-WB05N.2.0.0
2025-06-27 08:58:46,929 [WARN] PackLoader:240 - Cannot read IP mode file for wolfSSL.I-CUBE-wolfTPM.3.8.0
2025-06-27 08:58:46,936 [WARN] PackLoader:240 - Cannot read IP mode file for STMicroelectronics.X-CUBE-TCPP.4.2.0
2025-06-27 08:58:46,937 [INFO] WebApp:225 - Starting web application
2025-06-27 08:58:46,937 [INFO] WebApp:593 - Web application path used D:\software\STM32CubeIDE_1.18.1\STM32CubeIDE\plugins\com.st.stm32cube.common.mx_6.14.1.202504091515\db\plugins\mcufinder\reactClient1\index.html
2025-06-27 08:58:46,942 [WARN] PackLoader:240 - Cannot read IP mode file for RealThread.X-CUBE-RT-Thread_Nano.4.1.1
2025-06-27 08:58:46,949 [WARN] PackLoader:240 - Cannot read IP mode file for STMicroelectronics.FP-ATR-SIGFOX1.3.2.0
2025-06-27 08:58:46,963 [WARN] PackLoader:240 - Cannot read IP mode file for STMicroelectronics.X-CUBE-EEPRMA1.5.1.0
2025-06-27 08:58:46,972 [WARN] PackLoader:240 - Cannot read IP mode file for ITTIA_DB.I-CUBE-ITTIADB.8.9.0
2025-06-27 08:58:46,978 [WARN] PackLoader:240 - Cannot read IP mode file for STMicroelectronics.X-CUBE-ST67W61.1.0.0
2025-06-27 08:58:47,008 [WARN] PackLoader:240 - Cannot read IP mode file for SEGGER.I-CUBE-embOS.1.3.1
2025-06-27 08:58:47,091 [WARN] PackLoader:240 - Cannot read IP mode file for STMicroelectronics.X-CUBE-ALGOBUILD.1.4.0
2025-06-27 08:58:47,100 [WARN] PackLoader:240 - Cannot read IP mode file for STMicroelectronics.X-CUBE-PM33A1.1.0.0
2025-06-27 08:58:47,121 [WARN] PackLoader:240 - Cannot read IP mode file for STMicroelectronics.X-CUBE-AZRTOS-F4.1.1.0
2025-06-27 08:58:47,129 [WARN] PackLoader:240 - Cannot read IP mode file for Avnet-IotConnect.X-CUBE-IoTC-DA16k-PMOD.1.0.0
2025-06-27 08:58:47,136 [WARN] PackLoader:240 - Cannot read IP mode file for STMicroelectronics.X-CUBE-ISPU.2.1.0
2025-06-27 08:58:47,192 [WARN] PackLoader:240 - Cannot read IP mode file for STMicroelectronics.X-CUBE-AZRTOS-L5.2.0.0
2025-06-27 08:58:47,211 [WARN] PackLoader:240 - Cannot read IP mode file for STMicroelectronics.X-CUBE-NFC6.3.1.0
2025-06-27 08:58:47,223 [WARN] PackLoader:240 - Cannot read IP mode file for STMicroelectronics.FP-SNS-STAIOTCFT.1.0.0
2025-06-27 08:58:47,253 [WARN] ConditionMgr:438 - getConditionDescription Invalid condition id : LAN8742 Phy interface Condition cause : null
2025-06-27 08:58:47,254 [WARN] PackLoader:240 - Cannot read IP mode file for STMicroelectronics.X-CUBE-AZRTOS-L4.2.0.0
2025-06-27 08:58:47,255 [WARN] ConditionMgr:1044 - genDependencies : Invalid condition id : LAN8742 Phy interface Condition cause : null
2025-06-27 08:58:47,256 [WARN] ConditionMgr:1044 - genDependencies : Invalid condition id : LAN8742 Phy interface Condition cause : null
2025-06-27 08:58:47,256 [WARN] ConditionMgr:1044 - genDependencies : Invalid condition id : LAN8742 Phy interface Condition cause : null
2025-06-27 08:58:47,270 [WARN] PackLoader:240 - Cannot read IP mode file for STMicroelectronics.X-CUBE-SFXS2LP1.4.0.0
2025-06-27 08:58:47,300 [WARN] PackLoader:240 - Cannot read IP mode file for STMicroelectronics.X-CUBE-AZRTOS-H7.3.3.0
2025-06-27 08:58:47,315 [WARN] ConditionMgr:438 - getConditionDescription Invalid condition id : UX DEVICE CLASS RTOS Condition cause : null
2025-06-27 08:58:47,316 [WARN] ConditionMgr:438 - getConditionDescription Invalid condition id : UX DEVICE CLASS RTOS Condition cause : null
2025-06-27 08:58:47,318 [WARN] PackLoader:240 - Cannot read IP mode file for STMicroelectronics.X-CUBE-AZRTOS-WB.2.0.0
2025-06-27 08:58:47,319 [WARN] ConditionMgr:1044 - genDependencies : Invalid condition id : UX DEVICE CLASS RTOS Condition cause : null
2025-06-27 08:58:47,319 [WARN] ConditionMgr:1044 - genDependencies : Invalid condition id : UX DEVICE CLASS RTOS Condition cause : null
2025-06-27 08:58:47,319 [WARN] ConditionMgr:1044 - genDependencies : Invalid condition id : UX DEVICE CLASS RTOS Condition cause : null
2025-06-27 08:58:47,320 [WARN] ConditionMgr:1044 - genDependencies : Invalid condition id : UX DEVICE CLASS RTOS Condition cause : null
2025-06-27 08:58:47,320 [WARN] ConditionMgr:1044 - genDependencies : Invalid condition id : UX DEVICE CLASS RTOS Condition cause : null
2025-06-27 08:58:47,326 [WARN] PackLoader:240 - Cannot read IP mode file for STMicroelectronics.X-CUBE-GNSS1.7.0.1
2025-06-27 08:58:47,334 [WARN] PackLoader:240 - Cannot read IP mode file for STMicroelectronics.X-CUBE-TOUCHGFX.4.25.0
2025-06-27 08:58:47,341 [WARN] PackLoader:240 - Cannot read IP mode file for STMicroelectronics.FP-SNS-STBOX1.2.0.0
2025-06-27 08:58:47,371 [WARN] PackLoader:240 - Cannot read IP mode file for STMicroelectronics.X-CUBE-SUBG2.5.0.0
2025-06-27 08:58:47,395 [WARN] PackLoader:240 - Cannot read IP mode file for STMicroelectronics.X-CUBE-AZRTOS-H7RS.1.1.0
2025-06-27 08:58:47,402 [WARN] PackLoader:240 - Cannot read IP mode file for Cesanta.I-CUBE-Mongoose.7.13.0
2025-06-27 08:58:47,415 [WARN] PackLoader:240 - Cannot read IP mode file for STMicroelectronics.X-CUBE-AZRTOS-G4.2.0.0
2025-06-27 08:58:47,421 [WARN] PackLoader:240 - Cannot read IP mode file for wolfSSL.I-CUBE-wolfSSH.1.4.20
2025-06-27 08:58:47,425 [WARN] PackLoader:240 - Cannot read IP mode file for STMicroelectronics.X-CUBE-NFC7.2.0.0
2025-06-27 08:58:47,439 [WARN] PackLoader:240 - Cannot read IP mode file for STMicroelectronics.X-CUBE-IPS.3.1.0
2025-06-27 08:58:47,449 [WARN] PackLoader:240 - Cannot read IP mode file for STMicroelectronics.X-CUBE-ALS.1.0.2
2025-06-27 08:58:47,456 [WARN] PackLoader:240 - Cannot read IP mode file for portGmbH.I-Cube-SoM-uGOAL.1.1.0
2025-06-27 08:58:47,467 [WARN] PackLoader:240 - Cannot read IP mode file for STMicroelectronics.X-CUBE-TOF1.3.4.3
2025-06-27 08:58:47,477 [INFO] ThirdParty:978 - Integrity check success = true
2025-06-27 08:58:47,478 [INFO] IntegrityCheckThread:100 - exiting critical section [integrity check]
2025-06-27 08:58:47,478 [INFO] IntegrityCheckThread:103 - End integrity checks thread
2025-06-27 08:58:48,037 [INFO] WebApp:191 - Connection restablished
2025-06-27 09:40:42,633 [ERROR] LogOutputStream:75 - [STDERR_REDIRECT] 
2025-06-27 09:40:42,634 [ERROR] LogOutputStream:75 - [STDERR_REDIRECT] 
