2025-06-24 14:50:46,762 [INFO] Activator:176 - 


2025-06-24 14:50:46,767 [INFO] Activator:177 - !SESSION log4j initialized
2025-06-24 14:50:53,478 [INFO] LogOutputStream:77 - [STDOUT_REDIRECT] 
2025-06-24 14:50:55,088 [INFO] ApplicationProperties:184 - Using Application install path: D:\software\STM32CubeIDE_1.18.1\STM32CubeIDE\plugins\com.st.stm32cube.common.mx_6.14.1.202504091515
2025-06-24 14:50:55,102 [INFO] DbMcusXml:78 - Set database path to: D:\software\STM32CubeIDE_1.18.1\STM32CubeIDE\plugins\com.st.stm32cube.common.mx_6.14.1.202504091515\\db\/mcu/
2025-06-24 14:50:55,102 [INFO] ApiDb:274 - Set plugin database path to: D:\software\STM32CubeIDE_1.18.1\STM32CubeIDE\plugins\com.st.stm32cube.common.mx_6.14.1.202504091515\\db\/plugins/boardmanager/
2025-06-24 14:50:55,103 [WARN] ApiDb:259 - Overriding images path with different value:  => D:\software\STM32CubeIDE_1.18.1\STM32CubeIDE\plugins\com.st.stm32cube.common.mx_6.14.1.202504091515\\db\/plugins/mcufinder/images/
2025-06-24 14:50:55,106 [INFO] ApiDb:250 - Set database path to: C:\Users\luoyipeng\.stmcufinder\plugins\mcufinder//mcu/
2025-06-24 14:50:55,107 [INFO] DbMcusAds:125 - Set database path to: C:\Users\luoyipeng\.stmcufinder\plugins\mcufinder//mcu/
2025-06-24 14:50:55,108 [INFO] CrossReferenceDbSqlite:203 - Set database path to: C:\Users\luoyipeng\.stmcufinder\plugins\mcufinder//mcu/cs/
2025-06-24 14:50:55,200 [INFO] RulesReader:64 - Compatibility file has been processed (302 Rules)
2025-06-24 14:50:55,261 [INFO] DbMcusXml:78 - Set database path to: D:\software\STM32CubeIDE_1.18.1\STM32CubeIDE\plugins\com.st.stm32cube.common.mx_6.14.1.202504091515\\db\/mcu/
2025-06-24 14:50:55,261 [INFO] ApiDb:274 - Set plugin database path to: D:\software\STM32CubeIDE_1.18.1\STM32CubeIDE\plugins\com.st.stm32cube.common.mx_6.14.1.202504091515\\db\/plugins/boardmanager/
2025-06-24 14:50:55,261 [INFO] ApiDb:261 - Set plugin images path to: D:\software\STM32CubeIDE_1.18.1\STM32CubeIDE\plugins\com.st.stm32cube.common.mx_6.14.1.202504091515\\db\/plugins/mcufinder/images/
2025-06-24 14:50:55,261 [WARN] DbFile:41 - Overriding database path with different value: C:\Users\luoyipeng\.stmcufinder\plugins\mcufinder/ => C:\Users\luoyipeng\.stmcufinder\plugins\mcufinder
2025-06-24 14:50:55,261 [INFO] ApiDb:250 - Set database path to: C:\Users\luoyipeng\.stmcufinder\plugins\mcufinder//mcu/
2025-06-24 14:50:55,262 [WARN] DbFile:41 - Overriding database path with different value: C:\Users\luoyipeng\.stmcufinder\plugins\mcufinder/ => C:\Users\luoyipeng\.stmcufinder\plugins\mcufinder
2025-06-24 14:50:55,262 [INFO] DbMcusAds:125 - Set database path to: C:\Users\luoyipeng\.stmcufinder\plugins\mcufinder//mcu/
2025-06-24 14:50:55,262 [WARN] DbFile:41 - Overriding database path with different value: C:\Users\luoyipeng\.stmcufinder\plugins\mcufinder/ => C:\Users\luoyipeng\.stmcufinder\plugins\mcufinder
2025-06-24 14:50:55,262 [WARN] DbFile:41 - Overriding database path with different value: C:\Users\luoyipeng\.stmcufinder\plugins\mcufinder/ => C:\Users\luoyipeng\.stmcufinder\plugins\mcufinder
2025-06-24 14:50:55,262 [INFO] CrossReferenceDbSqlite:203 - Set database path to: C:\Users\luoyipeng\.stmcufinder\plugins\mcufinder//mcu/cs/
2025-06-24 14:50:55,321 [INFO] MainPanel:272 - HeapMemory: 268435456
2025-06-24 14:50:55,387 [INFO] DbMcusXml:78 - Set database path to: D:\software\STM32CubeIDE_1.18.1\STM32CubeIDE\plugins\com.st.stm32cube.common.mx_6.14.1.202504091515\\db\/mcu/
2025-06-24 14:50:55,387 [INFO] ApiDb:274 - Set plugin database path to: D:\software\STM32CubeIDE_1.18.1\STM32CubeIDE\plugins\com.st.stm32cube.common.mx_6.14.1.202504091515\\db\/plugins/boardmanager/
2025-06-24 14:50:55,387 [INFO] ApiDb:261 - Set plugin images path to: D:\software\STM32CubeIDE_1.18.1\STM32CubeIDE\plugins\com.st.stm32cube.common.mx_6.14.1.202504091515\\db\/plugins/mcufinder/images/
2025-06-24 14:50:55,387 [WARN] DbFile:41 - Overriding database path with different value: C:\Users\luoyipeng\.stmcufinder\plugins\mcufinder/ => C:\Users\luoyipeng\.stmcufinder\plugins\mcufinder
2025-06-24 14:50:55,387 [INFO] ApiDb:250 - Set database path to: C:\Users\luoyipeng\.stmcufinder\plugins\mcufinder//mcu/
2025-06-24 14:50:55,387 [WARN] DbFile:41 - Overriding database path with different value: C:\Users\luoyipeng\.stmcufinder\plugins\mcufinder/ => C:\Users\luoyipeng\.stmcufinder\plugins\mcufinder
2025-06-24 14:50:55,387 [INFO] DbMcusAds:125 - Set database path to: C:\Users\luoyipeng\.stmcufinder\plugins\mcufinder//mcu/
2025-06-24 14:50:55,387 [WARN] DbFile:41 - Overriding database path with different value: C:\Users\luoyipeng\.stmcufinder\plugins\mcufinder/ => C:\Users\luoyipeng\.stmcufinder\plugins\mcufinder
2025-06-24 14:50:55,388 [WARN] DbFile:41 - Overriding database path with different value: C:\Users\luoyipeng\.stmcufinder\plugins\mcufinder/ => C:\Users\luoyipeng\.stmcufinder\plugins\mcufinder
2025-06-24 14:50:55,388 [INFO] CrossReferenceDbSqlite:203 - Set database path to: C:\Users\luoyipeng\.stmcufinder\plugins\mcufinder//mcu/cs/
2025-06-24 14:50:55,403 [INFO] ApplicationProperties:184 - Using Application install path: D:\software\STM32CubeIDE_1.18.1\STM32CubeIDE\plugins\com.st.stm32cube.common.mx_6.14.1.202504091515
2025-06-24 14:50:55,404 [INFO] PluginManage:196 - Search for loadable plugins [exclusion list=, ]
2025-06-24 14:50:55,405 [INFO] PluginManage:310 - Check plugin analytics
2025-06-24 14:50:55,587 [INFO] AnalyticsPlugin:253 - Accepted Software Licenses: STM32CubeMX.6.14.1
2025-06-24 14:50:55,587 [INFO] AnalyticsPlugin:255 - Accepted CMSIS Pack Licenses: 
2025-06-24 14:50:55,587 [INFO] AnalyticsPlugin:257 - Accepted Firmware Licenses: 
2025-06-24 14:50:55,590 [INFO] PluginManage:359 - Loaded plugin analytics (category:tool,tabindex:-1)
2025-06-24 14:50:55,591 [INFO] PluginManage:310 - Check plugin cadmodel
2025-06-24 14:50:55,595 [INFO] CADModel:105 - Init CAD model plugin
2025-06-24 14:50:55,596 [INFO] PluginManage:359 - Loaded plugin cadmodel (category:power,tabindex:5)
2025-06-24 14:50:55,596 [INFO] PluginManage:310 - Check plugin clock
2025-06-24 14:50:55,604 [INFO] PluginManage:359 - Loaded plugin clock (category:base,tabindex:2)
2025-06-24 14:50:55,604 [INFO] PluginManage:310 - Check plugin ddr
2025-06-24 14:50:55,605 [INFO] PluginManage:359 - Loaded plugin ddr (category:tool,tabindex:6)
2025-06-24 14:50:55,605 [INFO] PluginManage:310 - Check plugin filemanager
2025-06-24 14:50:55,731 [INFO] PluginManage:359 - Loaded plugin filemanager (category:base,tabindex:10)
2025-06-24 14:50:55,731 [INFO] PluginManage:310 - Check plugin ipmanager
2025-06-24 14:50:55,736 [INFO] PluginManage:359 - Loaded plugin ipmanager (category:base,tabindex:5)
2025-06-24 14:50:55,738 [INFO] PluginManage:310 - Check plugin lpbam
2025-06-24 14:50:55,743 [INFO] PluginManage:359 - Loaded plugin lpbam (category:base,tabindex:0)
2025-06-24 14:50:55,744 [INFO] PluginManage:310 - Check plugin memorymap
2025-06-24 14:50:55,753 [INFO] PluginManage:359 - Loaded plugin memorymap (category:base,tabindex:4)
2025-06-24 14:50:55,753 [INFO] PluginManage:310 - Check plugin pinoutandconfiguration
2025-06-24 14:50:55,761 [INFO] PluginManage:359 - Loaded plugin pinoutandconfiguration (category:base,tabindex:1)
2025-06-24 14:50:55,761 [INFO] PluginManage:310 - Check plugin pinoutconfig
2025-06-24 14:50:55,845 [WARN] SupportedApi:132 - Cannot load RTOS API schema: s4s-elt-must-match.1: The content of 'definitions' must match (annotation?, (simpleType | complexType)?, (unique | key | keyref)*)). A problem was found starting at: attribute.
2025-06-24 14:50:55,963 [INFO] PluginManage:359 - Loaded plugin pinoutconfig (category:base,tabindex:0)
2025-06-24 14:50:55,963 [INFO] PluginManage:310 - Check plugin power
2025-06-24 14:50:55,971 [INFO] PluginManage:359 - Loaded plugin power (category:power,tabindex:4)
2025-06-24 14:50:55,971 [INFO] PluginManage:310 - Check plugin projectmanager
2025-06-24 14:50:55,987 [INFO] PluginManage:359 - Loaded plugin projectmanager (category:projectmanager,tabindex:4)
2025-06-24 14:50:55,987 [INFO] PluginManage:310 - Check plugin rif
2025-06-24 14:50:55,995 [INFO] PluginManage:359 - Loaded plugin rif (category:base,tabindex:3)
2025-06-24 14:50:55,996 [INFO] PluginManage:310 - Check plugin thirdparty
2025-06-24 14:50:56,141 [INFO] PluginManage:359 - Loaded plugin thirdparty (category:base,tabindex:-1)
2025-06-24 14:50:56,141 [INFO] PluginManage:310 - Check plugin tools
2025-06-24 14:50:56,141 [WARN] IntegrityCheckThread:84 - waiting for thirdparty lock release [integrity check]
2025-06-24 14:50:56,141 [INFO] IntegrityCheckThread:86 - entering critical section [integrity check]
2025-06-24 14:50:56,142 [INFO] ThirdPartyUpdaterWithRetryManager:70 - Updater plugin not ready yet. [1/15]
2025-06-24 14:50:56,143 [INFO] PluginManage:359 - Loaded plugin tools (category:base,tabindex:7)
2025-06-24 14:50:56,143 [INFO] PluginManage:310 - Check plugin tutovideos
2025-06-24 14:50:56,279 [INFO] PluginManage:359 - Loaded plugin tutovideos (category:base,tabindex:-1)
2025-06-24 14:50:56,279 [INFO] PluginManage:310 - Check plugin updater
2025-06-24 14:50:56,301 [INFO] PluginManage:359 - Loaded plugin updater (category:base,tabindex:12)
2025-06-24 14:50:56,301 [INFO] PluginManage:310 - Check plugin userauth
2025-06-24 14:50:56,306 [INFO] UserAuth:118 - Init User Auth plugin
2025-06-24 14:50:56,307 [INFO] PluginManage:359 - Loaded plugin userauth (category:base,tabindex:14)
2025-06-24 14:50:56,308 [INFO] PluginManage:283 - PluginManage : Loaded plugins [18]
2025-06-24 14:50:56,495 [INFO] PinOutPanel:1589 - setPackage(No Configuration,No Configuration)
2025-06-24 14:50:56,569 [INFO] CADModel:165 - CPN selected for project level
2025-06-24 14:50:56,570 [INFO] CADModel:114 - Register for checkConnection events
2025-06-24 14:50:56,586 [INFO] IPUIPlugin:80 - create IPUIPlugin
2025-06-24 14:50:56,586 [INFO] PluginManager:220 - loadIPPluginJar : add adc
2025-06-24 14:50:56,589 [INFO] IPUIPlugin:80 - create IPUIPlugin
2025-06-24 14:50:56,589 [INFO] PluginManager:220 - loadIPPluginJar : add aes
2025-06-24 14:50:56,591 [INFO] IPUIPlugin:80 - create IPUIPlugin
2025-06-24 14:50:56,591 [INFO] PluginManager:220 - loadIPPluginJar : add can
2025-06-24 14:50:56,593 [INFO] IPUIPlugin:80 - create IPUIPlugin
2025-06-24 14:50:56,593 [INFO] PluginManager:220 - loadIPPluginJar : add comp
2025-06-24 14:50:56,594 [INFO] IPUIPlugin:80 - create IPUIPlugin
2025-06-24 14:50:56,594 [INFO] PluginManager:220 - loadIPPluginJar : add cryp
2025-06-24 14:50:56,596 [INFO] IPUIPlugin:80 - create IPUIPlugin
2025-06-24 14:50:56,596 [INFO] PluginManager:220 - loadIPPluginJar : add ddr_ctrl_phy
2025-06-24 14:50:56,598 [INFO] IPUIPlugin:80 - create IPUIPlugin
2025-06-24 14:50:56,598 [INFO] PluginManager:220 - loadIPPluginJar : add dfsdm
2025-06-24 14:50:56,603 [INFO] IPUIPlugin:80 - create IPUIPlugin
2025-06-24 14:50:56,603 [INFO] PluginManager:220 - loadIPPluginJar : add dma
2025-06-24 14:50:56,605 [INFO] IPUIPlugin:80 - create IPUIPlugin
2025-06-24 14:50:56,605 [INFO] PluginManager:220 - loadIPPluginJar : add dma3
2025-06-24 14:50:56,608 [INFO] IPUIPlugin:80 - create IPUIPlugin
2025-06-24 14:50:56,608 [INFO] PluginManager:220 - loadIPPluginJar : add extmemmanager
2025-06-24 14:50:56,609 [INFO] IPUIPlugin:80 - create IPUIPlugin
2025-06-24 14:50:56,609 [INFO] PluginManager:220 - loadIPPluginJar : add fatfs
2025-06-24 14:50:56,612 [INFO] IPUIPlugin:80 - create IPUIPlugin
2025-06-24 14:50:56,612 [INFO] PluginManager:220 - loadIPPluginJar : add fmc
2025-06-24 14:50:56,619 [INFO] IPUIPlugin:80 - create IPUIPlugin
2025-06-24 14:50:56,619 [INFO] PluginManager:220 - loadIPPluginJar : add freertos
2025-06-24 14:50:56,620 [INFO] IPUIPlugin:80 - create IPUIPlugin
2025-06-24 14:50:56,620 [INFO] PluginManager:220 - loadIPPluginJar : add genericplugin
2025-06-24 14:50:56,622 [INFO] IPUIPlugin:80 - create IPUIPlugin
2025-06-24 14:50:56,622 [INFO] PluginManager:220 - loadIPPluginJar : add gfxmmu
2025-06-24 14:50:56,626 [INFO] IPUIPlugin:80 - create IPUIPlugin
2025-06-24 14:50:56,626 [INFO] PluginManager:220 - loadIPPluginJar : add gic
2025-06-24 14:50:56,630 [INFO] IPUIPlugin:80 - create IPUIPlugin
2025-06-24 14:50:56,631 [INFO] PluginManager:220 - loadIPPluginJar : add gpio
2025-06-24 14:50:56,633 [INFO] IPUIPlugin:80 - create IPUIPlugin
2025-06-24 14:50:56,633 [INFO] PluginManager:220 - loadIPPluginJar : add gtzc
2025-06-24 14:50:56,634 [INFO] IPUIPlugin:80 - create IPUIPlugin
2025-06-24 14:50:56,635 [INFO] PluginManager:220 - loadIPPluginJar : add hash
2025-06-24 14:50:56,638 [INFO] IPUIPlugin:80 - create IPUIPlugin
2025-06-24 14:50:56,638 [INFO] PluginManager:220 - loadIPPluginJar : add i2c
2025-06-24 14:50:56,640 [INFO] IPUIPlugin:80 - create IPUIPlugin
2025-06-24 14:50:56,640 [INFO] PluginManager:220 - loadIPPluginJar : add i2s
2025-06-24 14:50:56,641 [INFO] IPUIPlugin:80 - create IPUIPlugin
2025-06-24 14:50:56,641 [INFO] PluginManager:220 - loadIPPluginJar : add i3c
2025-06-24 14:50:56,644 [INFO] IPUIPlugin:80 - create IPUIPlugin
2025-06-24 14:50:56,644 [INFO] PluginManager:220 - loadIPPluginJar : add ipddr
2025-06-24 14:50:56,651 [INFO] IPUIPlugin:80 - create IPUIPlugin
2025-06-24 14:50:56,652 [INFO] PluginManager:220 - loadIPPluginJar : add linkedlist
2025-06-24 14:50:56,654 [INFO] IPUIPlugin:80 - create IPUIPlugin
2025-06-24 14:50:56,654 [INFO] PluginManager:220 - loadIPPluginJar : add lorawan
2025-06-24 14:50:56,654 [INFO] IPUIPlugin:80 - create IPUIPlugin
2025-06-24 14:50:56,654 [INFO] PluginManager:220 - loadIPPluginJar : add ltdc
2025-06-24 14:50:56,659 [INFO] IPUIPlugin:80 - create IPUIPlugin
2025-06-24 14:50:56,659 [INFO] PluginManager:220 - loadIPPluginJar : add mdma
2025-06-24 14:50:56,663 [INFO] IPUIPlugin:80 - create IPUIPlugin
2025-06-24 14:50:56,663 [INFO] PluginManager:220 - loadIPPluginJar : add nvic
2025-06-24 14:50:56,665 [INFO] IPUIPlugin:80 - create IPUIPlugin
2025-06-24 14:50:56,665 [INFO] PluginManager:220 - loadIPPluginJar : add opamp
2025-06-24 14:50:56,668 [INFO] IPUIPlugin:80 - create IPUIPlugin
2025-06-24 14:50:56,668 [INFO] PluginManager:220 - loadIPPluginJar : add openamp
2025-06-24 14:50:56,671 [INFO] IPUIPlugin:80 - create IPUIPlugin
2025-06-24 14:50:56,671 [INFO] PluginManager:220 - loadIPPluginJar : add pdm2pcm
2025-06-24 14:50:56,675 [INFO] IPUIPlugin:80 - create IPUIPlugin
2025-06-24 14:50:56,677 [INFO] PluginManager:220 - loadIPPluginJar : add plateformsettings
2025-06-24 14:50:56,679 [INFO] IPUIPlugin:80 - create IPUIPlugin
2025-06-24 14:50:56,679 [INFO] PluginManager:220 - loadIPPluginJar : add quadspi
2025-06-24 14:50:56,682 [INFO] IPUIPlugin:80 - create IPUIPlugin
2025-06-24 14:50:56,682 [INFO] PluginManager:220 - loadIPPluginJar : add radio
2025-06-24 14:50:56,685 [INFO] IPUIPlugin:80 - create IPUIPlugin
2025-06-24 14:50:56,685 [INFO] PluginManager:220 - loadIPPluginJar : add resmgrutility
2025-06-24 14:50:56,687 [INFO] IPUIPlugin:80 - create IPUIPlugin
2025-06-24 14:50:56,687 [INFO] PluginManager:220 - loadIPPluginJar : add sai
2025-06-24 14:50:56,688 [INFO] IPUIPlugin:80 - create IPUIPlugin
2025-06-24 14:50:56,688 [INFO] PluginManager:220 - loadIPPluginJar : add spi
2025-06-24 14:50:56,695 [INFO] IPUIPlugin:80 - create IPUIPlugin
2025-06-24 14:50:56,695 [INFO] PluginManager:220 - loadIPPluginJar : add stm32_wpan
2025-06-24 14:50:56,696 [INFO] IPUIPlugin:80 - create IPUIPlugin
2025-06-24 14:50:56,696 [INFO] PluginManager:220 - loadIPPluginJar : add tim
2025-06-24 14:50:56,698 [INFO] IPUIPlugin:80 - create IPUIPlugin
2025-06-24 14:50:56,699 [INFO] PluginManager:220 - loadIPPluginJar : add touchsensing
2025-06-24 14:50:56,700 [INFO] IPUIPlugin:80 - create IPUIPlugin
2025-06-24 14:50:56,700 [INFO] PluginManager:220 - loadIPPluginJar : add tracer_emb
2025-06-24 14:50:56,704 [INFO] IPUIPlugin:80 - create IPUIPlugin
2025-06-24 14:50:56,704 [INFO] PluginManager:220 - loadIPPluginJar : add ts
2025-06-24 14:50:56,705 [INFO] IPUIPlugin:80 - create IPUIPlugin
2025-06-24 14:50:56,705 [INFO] PluginManager:220 - loadIPPluginJar : add tsc
2025-06-24 14:50:56,706 [INFO] IPUIPlugin:80 - create IPUIPlugin
2025-06-24 14:50:56,706 [INFO] PluginManager:220 - loadIPPluginJar : add ucpd
2025-06-24 14:50:56,708 [INFO] IPUIPlugin:80 - create IPUIPlugin
2025-06-24 14:50:56,709 [INFO] PluginManager:220 - loadIPPluginJar : add usart
2025-06-24 14:50:56,712 [INFO] IPUIPlugin:80 - create IPUIPlugin
2025-06-24 14:50:56,712 [INFO] PluginManager:220 - loadIPPluginJar : add usbx
2025-06-24 14:50:56,836 [FATAL] Updater:351 - Updater called before beeing initialized
2025-06-24 14:50:56,857 [INFO] RulesReader:64 - Compatibility file has been processed (302 Rules)
2025-06-24 14:50:56,867 [INFO] RulesReader:64 - Compatibility file has been processed (302 Rules)
2025-06-24 14:50:56,873 [INFO] CADModel:165 - CPN selected for project level
2025-06-24 14:50:56,873 [INFO] CADModel:114 - Register for checkConnection events
2025-06-24 14:50:56,873 [FATAL] Updater:351 - Updater called before beeing initialized
2025-06-24 14:50:56,874 [ERROR] CADModel:125 - Updater not yet initialized, retry later 
2025-06-24 14:50:57,019 [FATAL] Updater:351 - Updater called before beeing initialized
2025-06-24 14:50:57,021 [INFO] CADModel:165 - CPN selected for project level
2025-06-24 14:50:57,021 [INFO] CADModel:114 - Register for checkConnection events
2025-06-24 14:50:57,021 [FATAL] Updater:351 - Updater called before beeing initialized
2025-06-24 14:50:57,021 [ERROR] CADModel:125 - Updater not yet initialized, retry later 
2025-06-24 14:50:57,024 [FATAL] Updater:351 - Updater called before beeing initialized
2025-06-24 14:50:57,134 [FATAL] Updater:351 - Updater called before beeing initialized
2025-06-24 14:50:57,139 [INFO] DbMcusAds:53 - JSON generation date=Wed May 07 17:07:55 CST 2025 (1746608875638)
2025-06-24 14:50:57,139 [FATAL] Updater:351 - Updater called before beeing initialized
2025-06-24 14:50:57,167 [WARN] DetailPanel:346 - Failed to get advertising image, set to default
2025-06-24 14:50:57,375 [FATAL] Updater:351 - Updater called before beeing initialized
2025-06-24 14:50:57,376 [FATAL] Updater:351 - Updater called before beeing initialized
2025-06-24 14:50:57,376 [FATAL] Updater:351 - Updater called before beeing initialized
2025-06-24 14:50:57,376 [WARN] DetailPanel:346 - Failed to get advertising image, set to default
2025-06-24 14:50:57,377 [FATAL] Updater:351 - Updater called before beeing initialized
2025-06-24 14:50:57,418 [ERROR] Updater:1198 - MainUpdater not yet initialized. External WinMGr cannot be set.
2025-06-24 14:50:57,420 [INFO] Updater:1134 - Updater Version found : 6.14.1
2025-06-24 14:50:57,435 [INFO] ApplicationProperties:184 - Using Application install path: D:\software\STM32CubeIDE_1.18.1\STM32CubeIDE\plugins\com.st.stm32cube.common.mx_6.14.1.202504091515
2025-06-24 14:50:59,004 [ERROR] LogOutputStream:75 - [STDERR_REDIRECT] Jun 24, 2025 2:50:59 PM java.util.prefs.WindowsPreferences <init>
2025-06-24 14:50:59,005 [ERROR] LogOutputStream:75 - [STDERR_REDIRECT] WARNING: Could not open/create prefs root node Software\JavaSoft\Prefs at root 0xffffffff80000002. Windows RegCreateKeyEx(...) returned error code 5.
2025-06-24 14:50:59,005 [ERROR] LogOutputStream:75 - [STDERR_REDIRECT] 
2025-06-24 14:50:59,143 [INFO] ThirdPartyUpdaterWithRetryManager:70 - Updater plugin not ready yet. [2/15]
2025-06-24 14:50:59,808 [INFO] MainUpdater:2872 - connection check result : 10
2025-06-24 14:50:59,809 [INFO] MainUpdater:289 - Updater Check For Update Now.
2025-06-24 14:50:59,809 [INFO] MicroXplorer:498 - Change Database Version : DB.6.0.141
2025-06-24 14:50:59,814 [INFO] McuFinderGlobals:63 - Set McuFinder mode to 2 (CubeIDE integrated)
2025-06-24 14:50:59,814 [INFO] UserAuth:171 - activating auth plugin
2025-06-24 14:50:59,817 [INFO] UserAuth:484 - Internet connection configuration mode: 1
2025-06-24 14:50:59,834 [INFO] JxBrowserEngine:152 - Initiate JxBrowser Engine with user profile folder
2025-06-24 14:50:59,986 [INFO] CheckServerUpdateThread:120 - End of CheckServer Thread
2025-06-24 14:51:00,729 [INFO] WebApp:169 - Instantiating new browser for Auth
2025-06-24 14:51:02,096 [INFO] WebApp:463 - Apply proxy settings
2025-06-24 14:51:02,096 [INFO] WebApp:548 - Chromium requires no authentication
2025-06-24 14:51:02,116 [INFO] WebApp:491 - Direct internet connection detected
2025-06-24 14:51:02,150 [INFO] WebApp:894 - Register for checkConnection events
2025-06-24 14:51:02,151 [INFO] WebApp:463 - Apply proxy settings
2025-06-24 14:51:02,153 [INFO] WebApp:548 - Chromium requires no authentication
2025-06-24 14:51:02,156 [INFO] WebApp:491 - Direct internet connection detected
2025-06-24 14:51:02,451 [WARN] PackLoader:240 - Cannot read IP mode file for STMicroelectronics.FP-SNS-MOTENVWB1.1.4.0
2025-06-24 14:51:02,461 [INFO] WebApp:225 - Starting web application
2025-06-24 14:51:02,461 [INFO] WebApp:593 - Web application path used D:\software\STM32CubeIDE_1.18.1\STM32CubeIDE\plugins\com.st.stm32cube.common.mx_6.14.1.202504091515\db\plugins\mcufinder\reactClient1\index.html
2025-06-24 14:51:02,468 [WARN] PackLoader:240 - Cannot read IP mode file for STMicroelectronics.X-CUBE-SMBUS.2.1.0
2025-06-24 14:51:02,483 [WARN] PackLoader:240 - Cannot read IP mode file for STMicroelectronics.X-CUBE-ST60.1.0.0
2025-06-24 14:51:02,527 [WARN] PackLoader:240 - Cannot read IP mode file for STMicroelectronics.X-CUBE-AZRTOS-F7.1.1.0
2025-06-24 14:51:02,605 [WARN] PackLoader:240 - Cannot read IP mode file for Infineon.AIROC-Wi-Fi-Bluetooth-STM32.1.7.0
2025-06-24 14:51:02,623 [WARN] PackLoader:240 - Cannot read IP mode file for STMicroelectronics.X-CUBE-DISPLAY.3.0.0
2025-06-24 14:51:02,639 [WARN] PackLoader:240 - Cannot read IP mode file for STMicroelectronics.X-CUBE-NFC10.1.0.0
2025-06-24 14:51:02,656 [WARN] PackLoader:240 - Cannot read IP mode file for STMicroelectronics.X-CUBE-BLEMGR.4.0.0
2025-06-24 14:51:02,669 [WARN] PackLoader:240 - Cannot read IP mode file for emotas.I-CUBE-CANOPEN.1.3.0
2025-06-24 14:51:02,675 [WARN] ConditionMgr:438 - getConditionDescription Invalid condition id : Cortex-A Device cause : null
2025-06-24 14:51:02,693 [WARN] ConditionMgr:1044 - genDependencies : Invalid condition id : Cortex-A Device cause : null
2025-06-24 14:51:02,694 [WARN] ConditionMgr:1044 - genDependencies : Invalid condition id : Cortex-A Device cause : null
2025-06-24 14:51:02,694 [WARN] ConditionMgr:1044 - genDependencies : Invalid condition id : Cortex-A Device cause : null
2025-06-24 14:51:02,701 [WARN] PackLoader:240 - Cannot read IP mode file for STMicroelectronics.FP-SNS-SMARTAG2.1.2.0
2025-06-24 14:51:02,721 [INFO] LogOutputStream:77 - [STDOUT_REDIRECT] 1 : Invalid condition id : UX_CORESTACK_Condition cause : null
2025-06-24 14:51:02,721 [INFO] LogOutputStream:77 - [STDOUT_REDIRECT] 1 : Invalid condition id : UX_CORESTACK_Condition cause : null
2025-06-24 14:51:02,725 [INFO] LogOutputStream:77 - [STDOUT_REDIRECT] 1 : Invalid condition id : UX_CORESTACK_Condition cause : null
2025-06-24 14:51:02,728 [INFO] LogOutputStream:77 - [STDOUT_REDIRECT] 1 : Invalid condition id : UX_CORESTACK_Condition cause : null
2025-06-24 14:51:02,729 [INFO] LogOutputStream:77 - [STDOUT_REDIRECT] 1 : Invalid condition id : UX_CORESTACK_Condition cause : null
2025-06-24 14:51:02,733 [WARN] PackLoader:240 - Cannot read IP mode file for STMicroelectronics.X-CUBE-AZRTOS-WL.2.0.0
2025-06-24 14:51:02,745 [WARN] PackLoader:240 - Cannot read IP mode file for STMicroelectronics.FP-SNS-MOTENV1.5.0.0
2025-06-24 14:51:02,756 [WARN] PackLoader:240 - Cannot read IP mode file for STMicroelectronics.X-CUBE-BLE2.3.3.0
2025-06-24 14:51:02,766 [WARN] PackLoader:240 - Cannot read IP mode file for STMicroelectronics.X-CUBE-NFC9.1.0.0
2025-06-24 14:51:02,775 [WARN] PackLoader:240 - Cannot read IP mode file for wolfSSL.I-CUBE-wolfSSL.5.8.0
2025-06-24 14:51:02,783 [WARN] PackLoader:240 - Cannot read IP mode file for wolfSSL.I-CUBE-wolfMQTT.1.19.2
2025-06-24 14:51:02,805 [WARN] PackLoader:240 - Cannot read IP mode file for STMicroelectronics.X-CUBE-AZRTOS-G0.1.1.0
2025-06-24 14:51:02,816 [WARN] PackLoader:240 - Cannot read IP mode file for STMicroelectronics.X-CUBE-SAFEA1.1.2.2
2025-06-24 14:51:02,827 [WARN] PackLoader:240 - Cannot read IP mode file for STMicroelectronics.X-CUBE-NFC4.3.0.0
2025-06-24 14:51:02,840 [WARN] PackLoader:240 - Cannot read IP mode file for EmbeddedOffice.I-CUBE-FS-RTOS.1.0.1
2025-06-24 14:51:02,848 [WARN] PackLoader:240 - Cannot read IP mode file for STMicroelectronics.X-CUBE-WB05N.2.0.0
2025-06-24 14:51:02,854 [WARN] PackLoader:240 - Cannot read IP mode file for wolfSSL.I-CUBE-wolfTPM.3.8.0
2025-06-24 14:51:02,863 [WARN] PackLoader:240 - Cannot read IP mode file for STMicroelectronics.X-CUBE-TCPP.4.2.0
2025-06-24 14:51:02,871 [WARN] PackLoader:240 - Cannot read IP mode file for RealThread.X-CUBE-RT-Thread_Nano.4.1.1
2025-06-24 14:51:02,882 [WARN] PackLoader:240 - Cannot read IP mode file for STMicroelectronics.FP-ATR-SIGFOX1.3.2.0
2025-06-24 14:51:02,890 [WARN] PackLoader:240 - Cannot read IP mode file for STMicroelectronics.X-CUBE-EEPRMA1.5.1.0
2025-06-24 14:51:02,899 [WARN] PackLoader:240 - Cannot read IP mode file for ITTIA_DB.I-CUBE-ITTIADB.8.9.0
2025-06-24 14:51:02,906 [WARN] PackLoader:240 - Cannot read IP mode file for STMicroelectronics.X-CUBE-ST67W61.1.0.0
2025-06-24 14:51:02,958 [WARN] PackLoader:240 - Cannot read IP mode file for SEGGER.I-CUBE-embOS.1.3.1
2025-06-24 14:51:03,087 [WARN] PackLoader:240 - Cannot read IP mode file for STMicroelectronics.X-CUBE-ALGOBUILD.1.4.0
2025-06-24 14:51:03,103 [WARN] PackLoader:240 - Cannot read IP mode file for STMicroelectronics.X-CUBE-PM33A1.1.0.0
2025-06-24 14:51:03,129 [WARN] PackLoader:240 - Cannot read IP mode file for STMicroelectronics.X-CUBE-AZRTOS-F4.1.1.0
2025-06-24 14:51:03,139 [WARN] PackLoader:240 - Cannot read IP mode file for Avnet-IotConnect.X-CUBE-IoTC-DA16k-PMOD.1.0.0
2025-06-24 14:51:03,144 [WARN] PackLoader:240 - Cannot read IP mode file for STMicroelectronics.X-CUBE-ISPU.2.1.0
2025-06-24 14:51:03,172 [WARN] PackLoader:240 - Cannot read IP mode file for STMicroelectronics.X-CUBE-AZRTOS-L5.2.0.0
2025-06-24 14:51:03,188 [WARN] PackLoader:240 - Cannot read IP mode file for STMicroelectronics.X-CUBE-NFC6.3.1.0
2025-06-24 14:51:03,198 [WARN] PackLoader:240 - Cannot read IP mode file for STMicroelectronics.FP-SNS-STAIOTCFT.1.0.0
2025-06-24 14:51:03,221 [WARN] ConditionMgr:438 - getConditionDescription Invalid condition id : LAN8742 Phy interface Condition cause : null
2025-06-24 14:51:03,222 [WARN] PackLoader:240 - Cannot read IP mode file for STMicroelectronics.X-CUBE-AZRTOS-L4.2.0.0
2025-06-24 14:51:03,230 [WARN] ConditionMgr:1044 - genDependencies : Invalid condition id : LAN8742 Phy interface Condition cause : null
2025-06-24 14:51:03,230 [WARN] ConditionMgr:1044 - genDependencies : Invalid condition id : LAN8742 Phy interface Condition cause : null
2025-06-24 14:51:03,231 [WARN] ConditionMgr:1044 - genDependencies : Invalid condition id : LAN8742 Phy interface Condition cause : null
2025-06-24 14:51:03,243 [WARN] PackLoader:240 - Cannot read IP mode file for STMicroelectronics.X-CUBE-SFXS2LP1.4.0.0
2025-06-24 14:51:03,263 [WARN] PackLoader:240 - Cannot read IP mode file for STMicroelectronics.X-CUBE-AZRTOS-H7.3.3.0
2025-06-24 14:51:03,282 [WARN] ConditionMgr:438 - getConditionDescription Invalid condition id : UX DEVICE CLASS RTOS Condition cause : null
2025-06-24 14:51:03,283 [WARN] ConditionMgr:438 - getConditionDescription Invalid condition id : UX DEVICE CLASS RTOS Condition cause : null
2025-06-24 14:51:03,285 [WARN] PackLoader:240 - Cannot read IP mode file for STMicroelectronics.X-CUBE-AZRTOS-WB.2.0.0
2025-06-24 14:51:03,285 [WARN] ConditionMgr:1044 - genDependencies : Invalid condition id : UX DEVICE CLASS RTOS Condition cause : null
2025-06-24 14:51:03,286 [WARN] ConditionMgr:1044 - genDependencies : Invalid condition id : UX DEVICE CLASS RTOS Condition cause : null
2025-06-24 14:51:03,286 [WARN] ConditionMgr:1044 - genDependencies : Invalid condition id : UX DEVICE CLASS RTOS Condition cause : null
2025-06-24 14:51:03,286 [WARN] ConditionMgr:1044 - genDependencies : Invalid condition id : UX DEVICE CLASS RTOS Condition cause : null
2025-06-24 14:51:03,286 [WARN] ConditionMgr:1044 - genDependencies : Invalid condition id : UX DEVICE CLASS RTOS Condition cause : null
2025-06-24 14:51:03,295 [WARN] PackLoader:240 - Cannot read IP mode file for STMicroelectronics.X-CUBE-GNSS1.7.0.1
2025-06-24 14:51:03,301 [WARN] PackLoader:240 - Cannot read IP mode file for STMicroelectronics.X-CUBE-TOUCHGFX.4.25.0
2025-06-24 14:51:03,311 [WARN] PackLoader:240 - Cannot read IP mode file for STMicroelectronics.FP-SNS-STBOX1.2.0.0
2025-06-24 14:51:03,324 [WARN] PackLoader:240 - Cannot read IP mode file for STMicroelectronics.X-CUBE-SUBG2.5.0.0
2025-06-24 14:51:03,352 [WARN] PackLoader:240 - Cannot read IP mode file for STMicroelectronics.X-CUBE-AZRTOS-H7RS.1.1.0
2025-06-24 14:51:03,362 [WARN] PackLoader:240 - Cannot read IP mode file for Cesanta.I-CUBE-Mongoose.7.13.0
2025-06-24 14:51:03,379 [WARN] PackLoader:240 - Cannot read IP mode file for STMicroelectronics.X-CUBE-AZRTOS-G4.2.0.0
2025-06-24 14:51:03,386 [WARN] PackLoader:240 - Cannot read IP mode file for wolfSSL.I-CUBE-wolfSSH.1.4.20
2025-06-24 14:51:03,394 [WARN] PackLoader:240 - Cannot read IP mode file for STMicroelectronics.X-CUBE-NFC7.2.0.0
2025-06-24 14:51:03,414 [WARN] PackLoader:240 - Cannot read IP mode file for STMicroelectronics.X-CUBE-IPS.3.1.0
2025-06-24 14:51:03,424 [WARN] PackLoader:240 - Cannot read IP mode file for STMicroelectronics.X-CUBE-ALS.1.0.2
2025-06-24 14:51:03,433 [WARN] PackLoader:240 - Cannot read IP mode file for portGmbH.I-Cube-SoM-uGOAL.1.1.0
2025-06-24 14:51:03,448 [WARN] PackLoader:240 - Cannot read IP mode file for STMicroelectronics.X-CUBE-TOF1.3.4.3
2025-06-24 14:51:03,458 [INFO] ThirdParty:978 - Integrity check success = true
2025-06-24 14:51:03,458 [INFO] IntegrityCheckThread:100 - exiting critical section [integrity check]
2025-06-24 14:51:03,458 [INFO] IntegrityCheckThread:103 - End integrity checks thread
2025-06-24 14:51:04,441 [INFO] WebApp:191 - Connection restablished
2025-06-24 18:03:25,637 [ERROR] LogOutputStream:75 - [STDERR_REDIRECT] 
2025-06-24 18:03:25,639 [ERROR] LogOutputStream:75 - [STDERR_REDIRECT] 
