2025-06-25 09:04:48,114 [INFO] Activator:176 - 


2025-06-25 09:04:48,119 [INFO] Activator:177 - !SESSION log4j initialized
2025-06-25 09:04:53,774 [INFO] LogOutputStream:77 - [STDOUT_REDIRECT] 
2025-06-25 09:04:55,141 [INFO] ApplicationProperties:184 - Using Application install path: D:\software\STM32CubeIDE_1.18.1\STM32CubeIDE\plugins\com.st.stm32cube.common.mx_6.14.1.202504091515
2025-06-25 09:04:55,158 [INFO] DbMcusXml:78 - Set database path to: D:\software\STM32CubeIDE_1.18.1\STM32CubeIDE\plugins\com.st.stm32cube.common.mx_6.14.1.202504091515\\db\/mcu/
2025-06-25 09:04:55,158 [INFO] ApiDb:274 - Set plugin database path to: D:\software\STM32CubeIDE_1.18.1\STM32CubeIDE\plugins\com.st.stm32cube.common.mx_6.14.1.202504091515\\db\/plugins/boardmanager/
2025-06-25 09:04:55,159 [WARN] ApiDb:259 - Overriding images path with different value:  => D:\software\STM32CubeIDE_1.18.1\STM32CubeIDE\plugins\com.st.stm32cube.common.mx_6.14.1.202504091515\\db\/plugins/mcufinder/images/
2025-06-25 09:04:55,165 [INFO] ApiDb:250 - Set database path to: C:\Users\luoyipeng\.stmcufinder\plugins\mcufinder//mcu/
2025-06-25 09:04:55,166 [INFO] DbMcusAds:125 - Set database path to: C:\Users\luoyipeng\.stmcufinder\plugins\mcufinder//mcu/
2025-06-25 09:04:55,167 [INFO] CrossReferenceDbSqlite:203 - Set database path to: C:\Users\luoyipeng\.stmcufinder\plugins\mcufinder//mcu/cs/
2025-06-25 09:04:55,266 [INFO] RulesReader:64 - Compatibility file has been processed (302 Rules)
2025-06-25 09:04:55,329 [INFO] DbMcusXml:78 - Set database path to: D:\software\STM32CubeIDE_1.18.1\STM32CubeIDE\plugins\com.st.stm32cube.common.mx_6.14.1.202504091515\\db\/mcu/
2025-06-25 09:04:55,330 [INFO] ApiDb:274 - Set plugin database path to: D:\software\STM32CubeIDE_1.18.1\STM32CubeIDE\plugins\com.st.stm32cube.common.mx_6.14.1.202504091515\\db\/plugins/boardmanager/
2025-06-25 09:04:55,330 [INFO] ApiDb:261 - Set plugin images path to: D:\software\STM32CubeIDE_1.18.1\STM32CubeIDE\plugins\com.st.stm32cube.common.mx_6.14.1.202504091515\\db\/plugins/mcufinder/images/
2025-06-25 09:04:55,330 [WARN] DbFile:41 - Overriding database path with different value: C:\Users\luoyipeng\.stmcufinder\plugins\mcufinder/ => C:\Users\luoyipeng\.stmcufinder\plugins\mcufinder
2025-06-25 09:04:55,330 [INFO] ApiDb:250 - Set database path to: C:\Users\luoyipeng\.stmcufinder\plugins\mcufinder//mcu/
2025-06-25 09:04:55,330 [WARN] DbFile:41 - Overriding database path with different value: C:\Users\luoyipeng\.stmcufinder\plugins\mcufinder/ => C:\Users\luoyipeng\.stmcufinder\plugins\mcufinder
2025-06-25 09:04:55,330 [INFO] DbMcusAds:125 - Set database path to: C:\Users\luoyipeng\.stmcufinder\plugins\mcufinder//mcu/
2025-06-25 09:04:55,330 [WARN] DbFile:41 - Overriding database path with different value: C:\Users\luoyipeng\.stmcufinder\plugins\mcufinder/ => C:\Users\luoyipeng\.stmcufinder\plugins\mcufinder
2025-06-25 09:04:55,330 [WARN] DbFile:41 - Overriding database path with different value: C:\Users\luoyipeng\.stmcufinder\plugins\mcufinder/ => C:\Users\luoyipeng\.stmcufinder\plugins\mcufinder
2025-06-25 09:04:55,330 [INFO] CrossReferenceDbSqlite:203 - Set database path to: C:\Users\luoyipeng\.stmcufinder\plugins\mcufinder//mcu/cs/
2025-06-25 09:04:55,391 [INFO] MainPanel:272 - HeapMemory: 268435456
2025-06-25 09:04:55,493 [INFO] DbMcusXml:78 - Set database path to: D:\software\STM32CubeIDE_1.18.1\STM32CubeIDE\plugins\com.st.stm32cube.common.mx_6.14.1.202504091515\\db\/mcu/
2025-06-25 09:04:55,493 [INFO] ApiDb:274 - Set plugin database path to: D:\software\STM32CubeIDE_1.18.1\STM32CubeIDE\plugins\com.st.stm32cube.common.mx_6.14.1.202504091515\\db\/plugins/boardmanager/
2025-06-25 09:04:55,493 [INFO] ApiDb:261 - Set plugin images path to: D:\software\STM32CubeIDE_1.18.1\STM32CubeIDE\plugins\com.st.stm32cube.common.mx_6.14.1.202504091515\\db\/plugins/mcufinder/images/
2025-06-25 09:04:55,495 [WARN] DbFile:41 - Overriding database path with different value: C:\Users\luoyipeng\.stmcufinder\plugins\mcufinder/ => C:\Users\luoyipeng\.stmcufinder\plugins\mcufinder
2025-06-25 09:04:55,495 [INFO] ApiDb:250 - Set database path to: C:\Users\luoyipeng\.stmcufinder\plugins\mcufinder//mcu/
2025-06-25 09:04:55,495 [WARN] DbFile:41 - Overriding database path with different value: C:\Users\luoyipeng\.stmcufinder\plugins\mcufinder/ => C:\Users\luoyipeng\.stmcufinder\plugins\mcufinder
2025-06-25 09:04:55,495 [INFO] DbMcusAds:125 - Set database path to: C:\Users\luoyipeng\.stmcufinder\plugins\mcufinder//mcu/
2025-06-25 09:04:55,495 [WARN] DbFile:41 - Overriding database path with different value: C:\Users\luoyipeng\.stmcufinder\plugins\mcufinder/ => C:\Users\luoyipeng\.stmcufinder\plugins\mcufinder
2025-06-25 09:04:55,495 [WARN] DbFile:41 - Overriding database path with different value: C:\Users\luoyipeng\.stmcufinder\plugins\mcufinder/ => C:\Users\luoyipeng\.stmcufinder\plugins\mcufinder
2025-06-25 09:04:55,495 [INFO] CrossReferenceDbSqlite:203 - Set database path to: C:\Users\luoyipeng\.stmcufinder\plugins\mcufinder//mcu/cs/
2025-06-25 09:04:55,513 [INFO] ApplicationProperties:184 - Using Application install path: D:\software\STM32CubeIDE_1.18.1\STM32CubeIDE\plugins\com.st.stm32cube.common.mx_6.14.1.202504091515
2025-06-25 09:04:55,515 [INFO] PluginManage:196 - Search for loadable plugins [exclusion list=, ]
2025-06-25 09:04:55,516 [INFO] PluginManage:310 - Check plugin analytics
2025-06-25 09:04:55,691 [INFO] AnalyticsPlugin:253 - Accepted Software Licenses: STM32CubeMX.6.14.1
2025-06-25 09:04:55,692 [INFO] AnalyticsPlugin:255 - Accepted CMSIS Pack Licenses: 
2025-06-25 09:04:55,692 [INFO] AnalyticsPlugin:257 - Accepted Firmware Licenses: 
2025-06-25 09:04:55,694 [INFO] PluginManage:359 - Loaded plugin analytics (category:tool,tabindex:-1)
2025-06-25 09:04:55,694 [INFO] PluginManage:310 - Check plugin cadmodel
2025-06-25 09:04:55,700 [INFO] CADModel:105 - Init CAD model plugin
2025-06-25 09:04:55,700 [INFO] PluginManage:359 - Loaded plugin cadmodel (category:power,tabindex:5)
2025-06-25 09:04:55,701 [INFO] PluginManage:310 - Check plugin clock
2025-06-25 09:04:55,713 [INFO] PluginManage:359 - Loaded plugin clock (category:base,tabindex:2)
2025-06-25 09:04:55,713 [INFO] PluginManage:310 - Check plugin ddr
2025-06-25 09:04:55,716 [INFO] PluginManage:359 - Loaded plugin ddr (category:tool,tabindex:6)
2025-06-25 09:04:55,717 [INFO] PluginManage:310 - Check plugin filemanager
2025-06-25 09:04:55,851 [INFO] PluginManage:359 - Loaded plugin filemanager (category:base,tabindex:10)
2025-06-25 09:04:55,851 [INFO] PluginManage:310 - Check plugin ipmanager
2025-06-25 09:04:55,856 [INFO] PluginManage:359 - Loaded plugin ipmanager (category:base,tabindex:5)
2025-06-25 09:04:55,856 [INFO] PluginManage:310 - Check plugin lpbam
2025-06-25 09:04:55,864 [INFO] PluginManage:359 - Loaded plugin lpbam (category:base,tabindex:0)
2025-06-25 09:04:55,864 [INFO] PluginManage:310 - Check plugin memorymap
2025-06-25 09:04:55,874 [INFO] PluginManage:359 - Loaded plugin memorymap (category:base,tabindex:4)
2025-06-25 09:04:55,874 [INFO] PluginManage:310 - Check plugin pinoutandconfiguration
2025-06-25 09:04:55,882 [INFO] PluginManage:359 - Loaded plugin pinoutandconfiguration (category:base,tabindex:1)
2025-06-25 09:04:55,882 [INFO] PluginManage:310 - Check plugin pinoutconfig
2025-06-25 09:04:55,973 [WARN] SupportedApi:132 - Cannot load RTOS API schema: s4s-elt-must-match.1: The content of 'definitions' must match (annotation?, (simpleType | complexType)?, (unique | key | keyref)*)). A problem was found starting at: attribute.
2025-06-25 09:04:56,079 [INFO] PluginManage:359 - Loaded plugin pinoutconfig (category:base,tabindex:0)
2025-06-25 09:04:56,079 [INFO] PluginManage:310 - Check plugin power
2025-06-25 09:04:56,087 [INFO] PluginManage:359 - Loaded plugin power (category:power,tabindex:4)
2025-06-25 09:04:56,087 [INFO] PluginManage:310 - Check plugin projectmanager
2025-06-25 09:04:56,100 [INFO] PluginManage:359 - Loaded plugin projectmanager (category:projectmanager,tabindex:4)
2025-06-25 09:04:56,100 [INFO] PluginManage:310 - Check plugin rif
2025-06-25 09:04:56,106 [INFO] PluginManage:359 - Loaded plugin rif (category:base,tabindex:3)
2025-06-25 09:04:56,106 [INFO] PluginManage:310 - Check plugin thirdparty
2025-06-25 09:04:56,218 [INFO] PluginManage:359 - Loaded plugin thirdparty (category:base,tabindex:-1)
2025-06-25 09:04:56,218 [INFO] PluginManage:310 - Check plugin tools
2025-06-25 09:04:56,218 [WARN] IntegrityCheckThread:84 - waiting for thirdparty lock release [integrity check]
2025-06-25 09:04:56,218 [INFO] IntegrityCheckThread:86 - entering critical section [integrity check]
2025-06-25 09:04:56,218 [INFO] ThirdPartyUpdaterWithRetryManager:70 - Updater plugin not ready yet. [1/15]
2025-06-25 09:04:56,220 [INFO] PluginManage:359 - Loaded plugin tools (category:base,tabindex:7)
2025-06-25 09:04:56,220 [INFO] PluginManage:310 - Check plugin tutovideos
2025-06-25 09:04:56,352 [INFO] PluginManage:359 - Loaded plugin tutovideos (category:base,tabindex:-1)
2025-06-25 09:04:56,352 [INFO] PluginManage:310 - Check plugin updater
2025-06-25 09:04:56,369 [INFO] PluginManage:359 - Loaded plugin updater (category:base,tabindex:12)
2025-06-25 09:04:56,369 [INFO] PluginManage:310 - Check plugin userauth
2025-06-25 09:04:56,373 [INFO] UserAuth:118 - Init User Auth plugin
2025-06-25 09:04:56,374 [INFO] PluginManage:359 - Loaded plugin userauth (category:base,tabindex:14)
2025-06-25 09:04:56,374 [INFO] PluginManage:283 - PluginManage : Loaded plugins [18]
2025-06-25 09:04:56,564 [INFO] PinOutPanel:1589 - setPackage(No Configuration,No Configuration)
2025-06-25 09:04:56,706 [INFO] CADModel:165 - CPN selected for project level
2025-06-25 09:04:56,706 [INFO] CADModel:114 - Register for checkConnection events
2025-06-25 09:04:56,738 [INFO] IPUIPlugin:80 - create IPUIPlugin
2025-06-25 09:04:56,738 [INFO] PluginManager:220 - loadIPPluginJar : add adc
2025-06-25 09:04:56,744 [INFO] IPUIPlugin:80 - create IPUIPlugin
2025-06-25 09:04:56,744 [INFO] PluginManager:220 - loadIPPluginJar : add aes
2025-06-25 09:04:56,750 [INFO] IPUIPlugin:80 - create IPUIPlugin
2025-06-25 09:04:56,750 [INFO] PluginManager:220 - loadIPPluginJar : add can
2025-06-25 09:04:56,752 [INFO] IPUIPlugin:80 - create IPUIPlugin
2025-06-25 09:04:56,752 [INFO] PluginManager:220 - loadIPPluginJar : add comp
2025-06-25 09:04:56,757 [INFO] IPUIPlugin:80 - create IPUIPlugin
2025-06-25 09:04:56,757 [INFO] PluginManager:220 - loadIPPluginJar : add cryp
2025-06-25 09:04:56,761 [INFO] IPUIPlugin:80 - create IPUIPlugin
2025-06-25 09:04:56,761 [INFO] PluginManager:220 - loadIPPluginJar : add ddr_ctrl_phy
2025-06-25 09:04:56,764 [INFO] IPUIPlugin:80 - create IPUIPlugin
2025-06-25 09:04:56,765 [INFO] PluginManager:220 - loadIPPluginJar : add dfsdm
2025-06-25 09:04:56,774 [INFO] IPUIPlugin:80 - create IPUIPlugin
2025-06-25 09:04:56,774 [INFO] PluginManager:220 - loadIPPluginJar : add dma
2025-06-25 09:04:56,777 [INFO] IPUIPlugin:80 - create IPUIPlugin
2025-06-25 09:04:56,779 [INFO] PluginManager:220 - loadIPPluginJar : add dma3
2025-06-25 09:04:56,782 [INFO] IPUIPlugin:80 - create IPUIPlugin
2025-06-25 09:04:56,783 [INFO] PluginManager:220 - loadIPPluginJar : add extmemmanager
2025-06-25 09:04:56,786 [INFO] IPUIPlugin:80 - create IPUIPlugin
2025-06-25 09:04:56,786 [INFO] PluginManager:220 - loadIPPluginJar : add fatfs
2025-06-25 09:04:56,791 [INFO] IPUIPlugin:80 - create IPUIPlugin
2025-06-25 09:04:56,792 [INFO] PluginManager:220 - loadIPPluginJar : add fmc
2025-06-25 09:04:56,846 [INFO] IPUIPlugin:80 - create IPUIPlugin
2025-06-25 09:04:56,848 [INFO] PluginManager:220 - loadIPPluginJar : add freertos
2025-06-25 09:04:56,853 [INFO] IPUIPlugin:80 - create IPUIPlugin
2025-06-25 09:04:56,853 [INFO] PluginManager:220 - loadIPPluginJar : add genericplugin
2025-06-25 09:04:56,870 [INFO] IPUIPlugin:80 - create IPUIPlugin
2025-06-25 09:04:56,871 [INFO] PluginManager:220 - loadIPPluginJar : add gfxmmu
2025-06-25 09:04:56,909 [INFO] IPUIPlugin:80 - create IPUIPlugin
2025-06-25 09:04:56,909 [INFO] PluginManager:220 - loadIPPluginJar : add gic
2025-06-25 09:04:56,915 [INFO] IPUIPlugin:80 - create IPUIPlugin
2025-06-25 09:04:56,915 [INFO] PluginManager:220 - loadIPPluginJar : add gpio
2025-06-25 09:04:56,921 [INFO] IPUIPlugin:80 - create IPUIPlugin
2025-06-25 09:04:56,921 [INFO] PluginManager:220 - loadIPPluginJar : add gtzc
2025-06-25 09:04:56,924 [INFO] IPUIPlugin:80 - create IPUIPlugin
2025-06-25 09:04:56,925 [INFO] PluginManager:220 - loadIPPluginJar : add hash
2025-06-25 09:04:56,928 [INFO] IPUIPlugin:80 - create IPUIPlugin
2025-06-25 09:04:56,928 [INFO] PluginManager:220 - loadIPPluginJar : add i2c
2025-06-25 09:04:56,931 [INFO] IPUIPlugin:80 - create IPUIPlugin
2025-06-25 09:04:56,932 [INFO] PluginManager:220 - loadIPPluginJar : add i2s
2025-06-25 09:04:56,937 [INFO] IPUIPlugin:80 - create IPUIPlugin
2025-06-25 09:04:56,937 [INFO] PluginManager:220 - loadIPPluginJar : add i3c
2025-06-25 09:04:56,946 [INFO] IPUIPlugin:80 - create IPUIPlugin
2025-06-25 09:04:56,947 [INFO] PluginManager:220 - loadIPPluginJar : add ipddr
2025-06-25 09:04:56,954 [INFO] IPUIPlugin:80 - create IPUIPlugin
2025-06-25 09:04:56,956 [INFO] PluginManager:220 - loadIPPluginJar : add linkedlist
2025-06-25 09:04:56,959 [INFO] IPUIPlugin:80 - create IPUIPlugin
2025-06-25 09:04:56,959 [INFO] PluginManager:220 - loadIPPluginJar : add lorawan
2025-06-25 09:04:56,960 [INFO] IPUIPlugin:80 - create IPUIPlugin
2025-06-25 09:04:56,960 [INFO] PluginManager:220 - loadIPPluginJar : add ltdc
2025-06-25 09:04:56,967 [INFO] IPUIPlugin:80 - create IPUIPlugin
2025-06-25 09:04:56,967 [INFO] PluginManager:220 - loadIPPluginJar : add mdma
2025-06-25 09:04:56,972 [INFO] IPUIPlugin:80 - create IPUIPlugin
2025-06-25 09:04:56,973 [INFO] PluginManager:220 - loadIPPluginJar : add nvic
2025-06-25 09:04:56,975 [INFO] IPUIPlugin:80 - create IPUIPlugin
2025-06-25 09:04:56,975 [INFO] PluginManager:220 - loadIPPluginJar : add opamp
2025-06-25 09:04:56,980 [INFO] IPUIPlugin:80 - create IPUIPlugin
2025-06-25 09:04:56,981 [INFO] PluginManager:220 - loadIPPluginJar : add openamp
2025-06-25 09:04:56,986 [INFO] IPUIPlugin:80 - create IPUIPlugin
2025-06-25 09:04:56,986 [INFO] PluginManager:220 - loadIPPluginJar : add pdm2pcm
2025-06-25 09:04:56,994 [INFO] IPUIPlugin:80 - create IPUIPlugin
2025-06-25 09:04:56,997 [INFO] PluginManager:220 - loadIPPluginJar : add plateformsettings
2025-06-25 09:04:56,999 [INFO] IPUIPlugin:80 - create IPUIPlugin
2025-06-25 09:04:57,000 [INFO] PluginManager:220 - loadIPPluginJar : add quadspi
2025-06-25 09:04:57,003 [INFO] IPUIPlugin:80 - create IPUIPlugin
2025-06-25 09:04:57,004 [INFO] PluginManager:220 - loadIPPluginJar : add radio
2025-06-25 09:04:57,011 [INFO] IPUIPlugin:80 - create IPUIPlugin
2025-06-25 09:04:57,013 [INFO] PluginManager:220 - loadIPPluginJar : add resmgrutility
2025-06-25 09:04:57,017 [INFO] IPUIPlugin:80 - create IPUIPlugin
2025-06-25 09:04:57,017 [INFO] PluginManager:220 - loadIPPluginJar : add sai
2025-06-25 09:04:57,019 [INFO] IPUIPlugin:80 - create IPUIPlugin
2025-06-25 09:04:57,019 [INFO] PluginManager:220 - loadIPPluginJar : add spi
2025-06-25 09:04:57,030 [INFO] IPUIPlugin:80 - create IPUIPlugin
2025-06-25 09:04:57,033 [INFO] PluginManager:220 - loadIPPluginJar : add stm32_wpan
2025-06-25 09:04:57,038 [INFO] IPUIPlugin:80 - create IPUIPlugin
2025-06-25 09:04:57,038 [INFO] PluginManager:220 - loadIPPluginJar : add tim
2025-06-25 09:04:57,047 [INFO] IPUIPlugin:80 - create IPUIPlugin
2025-06-25 09:04:57,047 [INFO] PluginManager:220 - loadIPPluginJar : add touchsensing
2025-06-25 09:04:57,054 [INFO] IPUIPlugin:80 - create IPUIPlugin
2025-06-25 09:04:57,055 [INFO] PluginManager:220 - loadIPPluginJar : add tracer_emb
2025-06-25 09:04:57,063 [INFO] IPUIPlugin:80 - create IPUIPlugin
2025-06-25 09:04:57,063 [INFO] PluginManager:220 - loadIPPluginJar : add ts
2025-06-25 09:04:57,073 [INFO] IPUIPlugin:80 - create IPUIPlugin
2025-06-25 09:04:57,074 [INFO] PluginManager:220 - loadIPPluginJar : add tsc
2025-06-25 09:04:57,079 [INFO] IPUIPlugin:80 - create IPUIPlugin
2025-06-25 09:04:57,080 [INFO] PluginManager:220 - loadIPPluginJar : add ucpd
2025-06-25 09:04:57,095 [INFO] IPUIPlugin:80 - create IPUIPlugin
2025-06-25 09:04:57,095 [INFO] PluginManager:220 - loadIPPluginJar : add usart
2025-06-25 09:04:57,099 [INFO] IPUIPlugin:80 - create IPUIPlugin
2025-06-25 09:04:57,099 [INFO] PluginManager:220 - loadIPPluginJar : add usbx
2025-06-25 09:04:57,277 [FATAL] Updater:351 - Updater called before beeing initialized
2025-06-25 09:04:57,303 [INFO] RulesReader:64 - Compatibility file has been processed (302 Rules)
2025-06-25 09:04:57,315 [INFO] RulesReader:64 - Compatibility file has been processed (302 Rules)
2025-06-25 09:04:57,323 [INFO] CADModel:165 - CPN selected for project level
2025-06-25 09:04:57,325 [INFO] CADModel:114 - Register for checkConnection events
2025-06-25 09:04:57,325 [FATAL] Updater:351 - Updater called before beeing initialized
2025-06-25 09:04:57,325 [ERROR] CADModel:125 - Updater not yet initialized, retry later 
2025-06-25 09:04:57,482 [FATAL] Updater:351 - Updater called before beeing initialized
2025-06-25 09:04:57,484 [INFO] CADModel:165 - CPN selected for project level
2025-06-25 09:04:57,484 [INFO] CADModel:114 - Register for checkConnection events
2025-06-25 09:04:57,486 [FATAL] Updater:351 - Updater called before beeing initialized
2025-06-25 09:04:57,486 [ERROR] CADModel:125 - Updater not yet initialized, retry later 
2025-06-25 09:04:57,490 [FATAL] Updater:351 - Updater called before beeing initialized
2025-06-25 09:04:57,604 [FATAL] Updater:351 - Updater called before beeing initialized
2025-06-25 09:04:57,608 [INFO] DbMcusAds:53 - JSON generation date=Wed May 07 17:07:55 CST 2025 (1746608875638)
2025-06-25 09:04:57,608 [FATAL] Updater:351 - Updater called before beeing initialized
2025-06-25 09:04:57,646 [WARN] DetailPanel:346 - Failed to get advertising image, set to default
2025-06-25 09:04:57,852 [FATAL] Updater:351 - Updater called before beeing initialized
2025-06-25 09:04:57,854 [FATAL] Updater:351 - Updater called before beeing initialized
2025-06-25 09:04:57,854 [FATAL] Updater:351 - Updater called before beeing initialized
2025-06-25 09:04:57,854 [WARN] DetailPanel:346 - Failed to get advertising image, set to default
2025-06-25 09:04:57,855 [FATAL] Updater:351 - Updater called before beeing initialized
2025-06-25 09:04:57,896 [ERROR] Updater:1198 - MainUpdater not yet initialized. External WinMGr cannot be set.
2025-06-25 09:04:57,898 [INFO] Updater:1134 - Updater Version found : 6.14.1
2025-06-25 09:04:57,915 [INFO] ApplicationProperties:184 - Using Application install path: D:\software\STM32CubeIDE_1.18.1\STM32CubeIDE\plugins\com.st.stm32cube.common.mx_6.14.1.202504091515
2025-06-25 09:04:59,219 [INFO] ThirdPartyUpdaterWithRetryManager:70 - Updater plugin not ready yet. [2/15]
2025-06-25 09:04:59,488 [ERROR] LogOutputStream:75 - [STDERR_REDIRECT] Jun 25, 2025 9:04:59 AM java.util.prefs.WindowsPreferences <init>
2025-06-25 09:04:59,489 [ERROR] LogOutputStream:75 - [STDERR_REDIRECT] WARNING: Could not open/create prefs root node Software\JavaSoft\Prefs at root 0xffffffff80000002. Windows RegCreateKeyEx(...) returned error code 5.
2025-06-25 09:04:59,489 [ERROR] LogOutputStream:75 - [STDERR_REDIRECT] 
2025-06-25 09:05:00,633 [INFO] MainUpdater:2872 - connection check result : 10
2025-06-25 09:05:00,634 [INFO] MainUpdater:289 - Updater Check For Update Now.
2025-06-25 09:05:00,634 [INFO] MicroXplorer:498 - Change Database Version : DB.6.0.141
2025-06-25 09:05:00,638 [INFO] McuFinderGlobals:63 - Set McuFinder mode to 2 (CubeIDE integrated)
2025-06-25 09:05:00,638 [INFO] UserAuth:171 - activating auth plugin
2025-06-25 09:05:00,640 [INFO] UserAuth:484 - Internet connection configuration mode: 1
2025-06-25 09:05:00,661 [INFO] JxBrowserEngine:152 - Initiate JxBrowser Engine with user profile folder
2025-06-25 09:05:00,807 [INFO] CheckServerUpdateThread:120 - End of CheckServer Thread
2025-06-25 09:05:01,756 [INFO] WebApp:169 - Instantiating new browser for Auth
2025-06-25 09:05:02,486 [WARN] PackLoader:240 - Cannot read IP mode file for STMicroelectronics.FP-SNS-MOTENVWB1.1.4.0
2025-06-25 09:05:02,500 [WARN] PackLoader:240 - Cannot read IP mode file for STMicroelectronics.X-CUBE-SMBUS.2.1.0
2025-06-25 09:05:02,509 [WARN] PackLoader:240 - Cannot read IP mode file for STMicroelectronics.X-CUBE-ST60.1.0.0
2025-06-25 09:05:02,557 [WARN] PackLoader:240 - Cannot read IP mode file for STMicroelectronics.X-CUBE-AZRTOS-F7.1.1.0
2025-06-25 09:05:02,598 [WARN] PackLoader:240 - Cannot read IP mode file for Infineon.AIROC-Wi-Fi-Bluetooth-STM32.1.7.0
2025-06-25 09:05:02,616 [WARN] PackLoader:240 - Cannot read IP mode file for STMicroelectronics.X-CUBE-DISPLAY.3.0.0
2025-06-25 09:05:02,631 [WARN] PackLoader:240 - Cannot read IP mode file for STMicroelectronics.X-CUBE-NFC10.1.0.0
2025-06-25 09:05:02,651 [WARN] PackLoader:240 - Cannot read IP mode file for STMicroelectronics.X-CUBE-BLEMGR.4.0.0
2025-06-25 09:05:02,704 [WARN] PackLoader:240 - Cannot read IP mode file for emotas.I-CUBE-CANOPEN.1.3.0
2025-06-25 09:05:02,709 [WARN] ConditionMgr:438 - getConditionDescription Invalid condition id : Cortex-A Device cause : null
2025-06-25 09:05:02,733 [WARN] ConditionMgr:1044 - genDependencies : Invalid condition id : Cortex-A Device cause : null
2025-06-25 09:05:02,733 [WARN] ConditionMgr:1044 - genDependencies : Invalid condition id : Cortex-A Device cause : null
2025-06-25 09:05:02,733 [WARN] ConditionMgr:1044 - genDependencies : Invalid condition id : Cortex-A Device cause : null
2025-06-25 09:05:02,738 [WARN] PackLoader:240 - Cannot read IP mode file for STMicroelectronics.FP-SNS-SMARTAG2.1.2.0
2025-06-25 09:05:02,755 [INFO] LogOutputStream:77 - [STDOUT_REDIRECT] 1 : Invalid condition id : UX_CORESTACK_Condition cause : null
2025-06-25 09:05:02,755 [INFO] LogOutputStream:77 - [STDOUT_REDIRECT] 1 : Invalid condition id : UX_CORESTACK_Condition cause : null
2025-06-25 09:05:02,757 [INFO] LogOutputStream:77 - [STDOUT_REDIRECT] 1 : Invalid condition id : UX_CORESTACK_Condition cause : null
2025-06-25 09:05:02,758 [INFO] LogOutputStream:77 - [STDOUT_REDIRECT] 1 : Invalid condition id : UX_CORESTACK_Condition cause : null
2025-06-25 09:05:02,759 [INFO] LogOutputStream:77 - [STDOUT_REDIRECT] 1 : Invalid condition id : UX_CORESTACK_Condition cause : null
2025-06-25 09:05:02,763 [WARN] PackLoader:240 - Cannot read IP mode file for STMicroelectronics.X-CUBE-AZRTOS-WL.2.0.0
2025-06-25 09:05:02,770 [WARN] PackLoader:240 - Cannot read IP mode file for STMicroelectronics.FP-SNS-MOTENV1.5.0.0
2025-06-25 09:05:02,779 [WARN] PackLoader:240 - Cannot read IP mode file for STMicroelectronics.X-CUBE-BLE2.3.3.0
2025-06-25 09:05:02,787 [WARN] PackLoader:240 - Cannot read IP mode file for STMicroelectronics.X-CUBE-NFC9.1.0.0
2025-06-25 09:05:02,793 [WARN] PackLoader:240 - Cannot read IP mode file for wolfSSL.I-CUBE-wolfSSL.5.8.0
2025-06-25 09:05:02,799 [WARN] PackLoader:240 - Cannot read IP mode file for wolfSSL.I-CUBE-wolfMQTT.1.19.2
2025-06-25 09:05:02,826 [WARN] PackLoader:240 - Cannot read IP mode file for STMicroelectronics.X-CUBE-AZRTOS-G0.1.1.0
2025-06-25 09:05:02,835 [WARN] PackLoader:240 - Cannot read IP mode file for STMicroelectronics.X-CUBE-SAFEA1.1.2.2
2025-06-25 09:05:02,840 [WARN] PackLoader:240 - Cannot read IP mode file for STMicroelectronics.X-CUBE-NFC4.3.0.0
2025-06-25 09:05:02,850 [WARN] PackLoader:240 - Cannot read IP mode file for EmbeddedOffice.I-CUBE-FS-RTOS.1.0.1
2025-06-25 09:05:02,857 [WARN] PackLoader:240 - Cannot read IP mode file for STMicroelectronics.X-CUBE-WB05N.2.0.0
2025-06-25 09:05:02,862 [WARN] PackLoader:240 - Cannot read IP mode file for wolfSSL.I-CUBE-wolfTPM.3.8.0
2025-06-25 09:05:02,872 [WARN] PackLoader:240 - Cannot read IP mode file for STMicroelectronics.X-CUBE-TCPP.4.2.0
2025-06-25 09:05:02,880 [WARN] PackLoader:240 - Cannot read IP mode file for RealThread.X-CUBE-RT-Thread_Nano.4.1.1
2025-06-25 09:05:02,884 [WARN] PackLoader:240 - Cannot read IP mode file for STMicroelectronics.FP-ATR-SIGFOX1.3.2.0
2025-06-25 09:05:02,893 [WARN] PackLoader:240 - Cannot read IP mode file for STMicroelectronics.X-CUBE-EEPRMA1.5.1.0
2025-06-25 09:05:02,901 [WARN] PackLoader:240 - Cannot read IP mode file for ITTIA_DB.I-CUBE-ITTIADB.8.9.0
2025-06-25 09:05:02,930 [WARN] PackLoader:240 - Cannot read IP mode file for STMicroelectronics.X-CUBE-ST67W61.1.0.0
2025-06-25 09:05:02,976 [WARN] PackLoader:240 - Cannot read IP mode file for SEGGER.I-CUBE-embOS.1.3.1
2025-06-25 09:05:03,038 [WARN] PackLoader:240 - Cannot read IP mode file for STMicroelectronics.X-CUBE-ALGOBUILD.1.4.0
2025-06-25 09:05:03,044 [WARN] PackLoader:240 - Cannot read IP mode file for STMicroelectronics.X-CUBE-PM33A1.1.0.0
2025-06-25 09:05:03,063 [WARN] PackLoader:240 - Cannot read IP mode file for STMicroelectronics.X-CUBE-AZRTOS-F4.1.1.0
2025-06-25 09:05:03,078 [WARN] PackLoader:240 - Cannot read IP mode file for Avnet-IotConnect.X-CUBE-IoTC-DA16k-PMOD.1.0.0
2025-06-25 09:05:03,083 [WARN] PackLoader:240 - Cannot read IP mode file for STMicroelectronics.X-CUBE-ISPU.2.1.0
2025-06-25 09:05:03,115 [WARN] PackLoader:240 - Cannot read IP mode file for STMicroelectronics.X-CUBE-AZRTOS-L5.2.0.0
2025-06-25 09:05:03,131 [WARN] PackLoader:240 - Cannot read IP mode file for STMicroelectronics.X-CUBE-NFC6.3.1.0
2025-06-25 09:05:03,149 [WARN] PackLoader:240 - Cannot read IP mode file for STMicroelectronics.FP-SNS-STAIOTCFT.1.0.0
2025-06-25 09:05:03,186 [WARN] ConditionMgr:438 - getConditionDescription Invalid condition id : LAN8742 Phy interface Condition cause : null
2025-06-25 09:05:03,188 [WARN] PackLoader:240 - Cannot read IP mode file for STMicroelectronics.X-CUBE-AZRTOS-L4.2.0.0
2025-06-25 09:05:03,189 [WARN] ConditionMgr:1044 - genDependencies : Invalid condition id : LAN8742 Phy interface Condition cause : null
2025-06-25 09:05:03,190 [WARN] ConditionMgr:1044 - genDependencies : Invalid condition id : LAN8742 Phy interface Condition cause : null
2025-06-25 09:05:03,190 [WARN] ConditionMgr:1044 - genDependencies : Invalid condition id : LAN8742 Phy interface Condition cause : null
2025-06-25 09:05:03,214 [WARN] PackLoader:240 - Cannot read IP mode file for STMicroelectronics.X-CUBE-SFXS2LP1.4.0.0
2025-06-25 09:05:03,287 [WARN] PackLoader:240 - Cannot read IP mode file for STMicroelectronics.X-CUBE-AZRTOS-H7.3.3.0
2025-06-25 09:05:03,306 [WARN] ConditionMgr:438 - getConditionDescription Invalid condition id : UX DEVICE CLASS RTOS Condition cause : null
2025-06-25 09:05:03,306 [WARN] ConditionMgr:438 - getConditionDescription Invalid condition id : UX DEVICE CLASS RTOS Condition cause : null
2025-06-25 09:05:03,308 [WARN] PackLoader:240 - Cannot read IP mode file for STMicroelectronics.X-CUBE-AZRTOS-WB.2.0.0
2025-06-25 09:05:03,309 [WARN] ConditionMgr:1044 - genDependencies : Invalid condition id : UX DEVICE CLASS RTOS Condition cause : null
2025-06-25 09:05:03,309 [WARN] ConditionMgr:1044 - genDependencies : Invalid condition id : UX DEVICE CLASS RTOS Condition cause : null
2025-06-25 09:05:03,309 [WARN] ConditionMgr:1044 - genDependencies : Invalid condition id : UX DEVICE CLASS RTOS Condition cause : null
2025-06-25 09:05:03,310 [WARN] ConditionMgr:1044 - genDependencies : Invalid condition id : UX DEVICE CLASS RTOS Condition cause : null
2025-06-25 09:05:03,310 [WARN] ConditionMgr:1044 - genDependencies : Invalid condition id : UX DEVICE CLASS RTOS Condition cause : null
2025-06-25 09:05:03,316 [WARN] PackLoader:240 - Cannot read IP mode file for STMicroelectronics.X-CUBE-GNSS1.7.0.1
2025-06-25 09:05:03,322 [WARN] PackLoader:240 - Cannot read IP mode file for STMicroelectronics.X-CUBE-TOUCHGFX.4.25.0
2025-06-25 09:05:03,328 [WARN] PackLoader:240 - Cannot read IP mode file for STMicroelectronics.FP-SNS-STBOX1.2.0.0
2025-06-25 09:05:03,339 [WARN] PackLoader:240 - Cannot read IP mode file for STMicroelectronics.X-CUBE-SUBG2.5.0.0
2025-06-25 09:05:03,358 [WARN] PackLoader:240 - Cannot read IP mode file for STMicroelectronics.X-CUBE-AZRTOS-H7RS.1.1.0
2025-06-25 09:05:03,366 [WARN] PackLoader:240 - Cannot read IP mode file for Cesanta.I-CUBE-Mongoose.7.13.0
2025-06-25 09:05:03,379 [WARN] PackLoader:240 - Cannot read IP mode file for STMicroelectronics.X-CUBE-AZRTOS-G4.2.0.0
2025-06-25 09:05:03,384 [WARN] PackLoader:240 - Cannot read IP mode file for wolfSSL.I-CUBE-wolfSSH.1.4.20
2025-06-25 09:05:03,389 [WARN] PackLoader:240 - Cannot read IP mode file for STMicroelectronics.X-CUBE-NFC7.2.0.0
2025-06-25 09:05:03,405 [WARN] PackLoader:240 - Cannot read IP mode file for STMicroelectronics.X-CUBE-IPS.3.1.0
2025-06-25 09:05:03,415 [WARN] PackLoader:240 - Cannot read IP mode file for STMicroelectronics.X-CUBE-ALS.1.0.2
2025-06-25 09:05:03,422 [WARN] PackLoader:240 - Cannot read IP mode file for portGmbH.I-Cube-SoM-uGOAL.1.1.0
2025-06-25 09:05:03,434 [WARN] PackLoader:240 - Cannot read IP mode file for STMicroelectronics.X-CUBE-TOF1.3.4.3
2025-06-25 09:05:03,454 [INFO] ThirdParty:978 - Integrity check success = true
2025-06-25 09:05:03,454 [INFO] IntegrityCheckThread:100 - exiting critical section [integrity check]
2025-06-25 09:05:03,454 [INFO] IntegrityCheckThread:103 - End integrity checks thread
2025-06-25 09:05:03,721 [INFO] WebApp:463 - Apply proxy settings
2025-06-25 09:05:03,721 [INFO] WebApp:548 - Chromium requires no authentication
2025-06-25 09:05:03,730 [INFO] WebApp:491 - Direct internet connection detected
2025-06-25 09:05:03,753 [INFO] WebApp:894 - Register for checkConnection events
2025-06-25 09:05:03,753 [INFO] WebApp:463 - Apply proxy settings
2025-06-25 09:05:03,753 [INFO] WebApp:548 - Chromium requires no authentication
2025-06-25 09:05:03,754 [INFO] WebApp:491 - Direct internet connection detected
2025-06-25 09:05:03,918 [INFO] WebApp:225 - Starting web application
2025-06-25 09:05:03,918 [INFO] WebApp:593 - Web application path used D:\software\STM32CubeIDE_1.18.1\STM32CubeIDE\plugins\com.st.stm32cube.common.mx_6.14.1.202504091515\db\plugins\mcufinder\reactClient1\index.html
2025-06-25 09:05:04,262 [INFO] WebApp:191 - Connection restablished
2025-06-25 11:40:06,666 [ERROR] LogOutputStream:75 - [STDERR_REDIRECT] 
2025-06-25 14:24:14,436 [INFO] Activator:176 - 


2025-06-25 14:24:14,439 [INFO] Activator:177 - !SESSION log4j initialized
2025-06-25 14:24:21,427 [INFO] LogOutputStream:77 - [STDOUT_REDIRECT] 
2025-06-25 14:24:23,865 [INFO] ApplicationProperties:184 - Using Application install path: D:\software\STM32CubeIDE_1.18.1\STM32CubeIDE\plugins\com.st.stm32cube.common.mx_6.14.1.202504091515
2025-06-25 14:24:23,896 [INFO] DbMcusXml:78 - Set database path to: D:\software\STM32CubeIDE_1.18.1\STM32CubeIDE\plugins\com.st.stm32cube.common.mx_6.14.1.202504091515\\db\/mcu/
2025-06-25 14:24:23,896 [INFO] ApiDb:274 - Set plugin database path to: D:\software\STM32CubeIDE_1.18.1\STM32CubeIDE\plugins\com.st.stm32cube.common.mx_6.14.1.202504091515\\db\/plugins/boardmanager/
2025-06-25 14:24:23,897 [WARN] ApiDb:259 - Overriding images path with different value:  => D:\software\STM32CubeIDE_1.18.1\STM32CubeIDE\plugins\com.st.stm32cube.common.mx_6.14.1.202504091515\\db\/plugins/mcufinder/images/
2025-06-25 14:24:23,902 [INFO] ApiDb:250 - Set database path to: C:\Users\luoyipeng\.stmcufinder\plugins\mcufinder//mcu/
2025-06-25 14:24:23,903 [INFO] DbMcusAds:125 - Set database path to: C:\Users\luoyipeng\.stmcufinder\plugins\mcufinder//mcu/
2025-06-25 14:24:23,908 [INFO] CrossReferenceDbSqlite:203 - Set database path to: C:\Users\luoyipeng\.stmcufinder\plugins\mcufinder//mcu/cs/
2025-06-25 14:24:24,111 [INFO] RulesReader:64 - Compatibility file has been processed (302 Rules)
2025-06-25 14:24:24,249 [INFO] DbMcusXml:78 - Set database path to: D:\software\STM32CubeIDE_1.18.1\STM32CubeIDE\plugins\com.st.stm32cube.common.mx_6.14.1.202504091515\\db\/mcu/
2025-06-25 14:24:24,249 [INFO] ApiDb:274 - Set plugin database path to: D:\software\STM32CubeIDE_1.18.1\STM32CubeIDE\plugins\com.st.stm32cube.common.mx_6.14.1.202504091515\\db\/plugins/boardmanager/
2025-06-25 14:24:24,249 [INFO] ApiDb:261 - Set plugin images path to: D:\software\STM32CubeIDE_1.18.1\STM32CubeIDE\plugins\com.st.stm32cube.common.mx_6.14.1.202504091515\\db\/plugins/mcufinder/images/
2025-06-25 14:24:24,250 [WARN] DbFile:41 - Overriding database path with different value: C:\Users\luoyipeng\.stmcufinder\plugins\mcufinder/ => C:\Users\luoyipeng\.stmcufinder\plugins\mcufinder
2025-06-25 14:24:24,250 [INFO] ApiDb:250 - Set database path to: C:\Users\luoyipeng\.stmcufinder\plugins\mcufinder//mcu/
2025-06-25 14:24:24,250 [WARN] DbFile:41 - Overriding database path with different value: C:\Users\luoyipeng\.stmcufinder\plugins\mcufinder/ => C:\Users\luoyipeng\.stmcufinder\plugins\mcufinder
2025-06-25 14:24:24,250 [INFO] DbMcusAds:125 - Set database path to: C:\Users\luoyipeng\.stmcufinder\plugins\mcufinder//mcu/
2025-06-25 14:24:24,250 [WARN] DbFile:41 - Overriding database path with different value: C:\Users\luoyipeng\.stmcufinder\plugins\mcufinder/ => C:\Users\luoyipeng\.stmcufinder\plugins\mcufinder
2025-06-25 14:24:24,250 [WARN] DbFile:41 - Overriding database path with different value: C:\Users\luoyipeng\.stmcufinder\plugins\mcufinder/ => C:\Users\luoyipeng\.stmcufinder\plugins\mcufinder
2025-06-25 14:24:24,251 [INFO] CrossReferenceDbSqlite:203 - Set database path to: C:\Users\luoyipeng\.stmcufinder\plugins\mcufinder//mcu/cs/
2025-06-25 14:24:24,386 [INFO] MainPanel:272 - HeapMemory: 268435456
2025-06-25 14:24:24,535 [INFO] DbMcusXml:78 - Set database path to: D:\software\STM32CubeIDE_1.18.1\STM32CubeIDE\plugins\com.st.stm32cube.common.mx_6.14.1.202504091515\\db\/mcu/
2025-06-25 14:24:24,535 [INFO] ApiDb:274 - Set plugin database path to: D:\software\STM32CubeIDE_1.18.1\STM32CubeIDE\plugins\com.st.stm32cube.common.mx_6.14.1.202504091515\\db\/plugins/boardmanager/
2025-06-25 14:24:24,535 [INFO] ApiDb:261 - Set plugin images path to: D:\software\STM32CubeIDE_1.18.1\STM32CubeIDE\plugins\com.st.stm32cube.common.mx_6.14.1.202504091515\\db\/plugins/mcufinder/images/
2025-06-25 14:24:24,536 [WARN] DbFile:41 - Overriding database path with different value: C:\Users\luoyipeng\.stmcufinder\plugins\mcufinder/ => C:\Users\luoyipeng\.stmcufinder\plugins\mcufinder
2025-06-25 14:24:24,536 [INFO] ApiDb:250 - Set database path to: C:\Users\luoyipeng\.stmcufinder\plugins\mcufinder//mcu/
2025-06-25 14:24:24,536 [WARN] DbFile:41 - Overriding database path with different value: C:\Users\luoyipeng\.stmcufinder\plugins\mcufinder/ => C:\Users\luoyipeng\.stmcufinder\plugins\mcufinder
2025-06-25 14:24:24,536 [INFO] DbMcusAds:125 - Set database path to: C:\Users\luoyipeng\.stmcufinder\plugins\mcufinder//mcu/
2025-06-25 14:24:24,536 [WARN] DbFile:41 - Overriding database path with different value: C:\Users\luoyipeng\.stmcufinder\plugins\mcufinder/ => C:\Users\luoyipeng\.stmcufinder\plugins\mcufinder
2025-06-25 14:24:24,536 [WARN] DbFile:41 - Overriding database path with different value: C:\Users\luoyipeng\.stmcufinder\plugins\mcufinder/ => C:\Users\luoyipeng\.stmcufinder\plugins\mcufinder
2025-06-25 14:24:24,536 [INFO] CrossReferenceDbSqlite:203 - Set database path to: C:\Users\luoyipeng\.stmcufinder\plugins\mcufinder//mcu/cs/
2025-06-25 14:24:24,561 [INFO] ApplicationProperties:184 - Using Application install path: D:\software\STM32CubeIDE_1.18.1\STM32CubeIDE\plugins\com.st.stm32cube.common.mx_6.14.1.202504091515
2025-06-25 14:24:24,563 [INFO] PluginManage:196 - Search for loadable plugins [exclusion list=, ]
2025-06-25 14:24:24,564 [INFO] PluginManage:310 - Check plugin analytics
2025-06-25 14:24:24,810 [INFO] AnalyticsPlugin:253 - Accepted Software Licenses: STM32CubeMX.6.14.1
2025-06-25 14:24:24,810 [INFO] AnalyticsPlugin:255 - Accepted CMSIS Pack Licenses: 
2025-06-25 14:24:24,811 [INFO] AnalyticsPlugin:257 - Accepted Firmware Licenses: 
2025-06-25 14:24:24,813 [INFO] PluginManage:359 - Loaded plugin analytics (category:tool,tabindex:-1)
2025-06-25 14:24:24,813 [INFO] PluginManage:310 - Check plugin cadmodel
2025-06-25 14:24:24,826 [INFO] CADModel:105 - Init CAD model plugin
2025-06-25 14:24:24,826 [INFO] PluginManage:359 - Loaded plugin cadmodel (category:power,tabindex:5)
2025-06-25 14:24:24,826 [INFO] PluginManage:310 - Check plugin clock
2025-06-25 14:24:24,838 [INFO] PluginManage:359 - Loaded plugin clock (category:base,tabindex:2)
2025-06-25 14:24:24,838 [INFO] PluginManage:310 - Check plugin ddr
2025-06-25 14:24:24,844 [INFO] PluginManage:359 - Loaded plugin ddr (category:tool,tabindex:6)
2025-06-25 14:24:24,844 [INFO] PluginManage:310 - Check plugin filemanager
2025-06-25 14:24:25,079 [INFO] PluginManage:359 - Loaded plugin filemanager (category:base,tabindex:10)
2025-06-25 14:24:25,079 [INFO] PluginManage:310 - Check plugin ipmanager
2025-06-25 14:24:25,094 [INFO] PluginManage:359 - Loaded plugin ipmanager (category:base,tabindex:5)
2025-06-25 14:24:25,094 [INFO] PluginManage:310 - Check plugin lpbam
2025-06-25 14:24:25,103 [INFO] PluginManage:359 - Loaded plugin lpbam (category:base,tabindex:0)
2025-06-25 14:24:25,103 [INFO] PluginManage:310 - Check plugin memorymap
2025-06-25 14:24:25,120 [INFO] PluginManage:359 - Loaded plugin memorymap (category:base,tabindex:4)
2025-06-25 14:24:25,120 [INFO] PluginManage:310 - Check plugin pinoutandconfiguration
2025-06-25 14:24:25,127 [INFO] PluginManage:359 - Loaded plugin pinoutandconfiguration (category:base,tabindex:1)
2025-06-25 14:24:25,127 [INFO] PluginManage:310 - Check plugin pinoutconfig
2025-06-25 14:24:25,237 [WARN] SupportedApi:132 - Cannot load RTOS API schema: s4s-elt-must-match.1: The content of 'definitions' must match (annotation?, (simpleType | complexType)?, (unique | key | keyref)*)). A problem was found starting at: attribute.
2025-06-25 14:24:25,398 [INFO] PluginManage:359 - Loaded plugin pinoutconfig (category:base,tabindex:0)
2025-06-25 14:24:25,398 [INFO] PluginManage:310 - Check plugin power
2025-06-25 14:24:25,405 [INFO] PluginManage:359 - Loaded plugin power (category:power,tabindex:4)
2025-06-25 14:24:25,405 [INFO] PluginManage:310 - Check plugin projectmanager
2025-06-25 14:24:25,421 [INFO] PluginManage:359 - Loaded plugin projectmanager (category:projectmanager,tabindex:4)
2025-06-25 14:24:25,421 [INFO] PluginManage:310 - Check plugin rif
2025-06-25 14:24:25,427 [INFO] PluginManage:359 - Loaded plugin rif (category:base,tabindex:3)
2025-06-25 14:24:25,427 [INFO] PluginManage:310 - Check plugin thirdparty
2025-06-25 14:24:25,571 [INFO] PluginManage:359 - Loaded plugin thirdparty (category:base,tabindex:-1)
2025-06-25 14:24:25,571 [WARN] IntegrityCheckThread:84 - waiting for thirdparty lock release [integrity check]
2025-06-25 14:24:25,571 [INFO] PluginManage:310 - Check plugin tools
2025-06-25 14:24:25,572 [INFO] IntegrityCheckThread:86 - entering critical section [integrity check]
2025-06-25 14:24:25,572 [INFO] ThirdPartyUpdaterWithRetryManager:70 - Updater plugin not ready yet. [1/15]
2025-06-25 14:24:25,575 [INFO] PluginManage:359 - Loaded plugin tools (category:base,tabindex:7)
2025-06-25 14:24:25,575 [INFO] PluginManage:310 - Check plugin tutovideos
2025-06-25 14:24:25,810 [INFO] PluginManage:359 - Loaded plugin tutovideos (category:base,tabindex:-1)
2025-06-25 14:24:25,810 [INFO] PluginManage:310 - Check plugin updater
2025-06-25 14:24:25,834 [INFO] PluginManage:359 - Loaded plugin updater (category:base,tabindex:12)
2025-06-25 14:24:25,834 [INFO] PluginManage:310 - Check plugin userauth
2025-06-25 14:24:25,841 [INFO] UserAuth:118 - Init User Auth plugin
2025-06-25 14:24:25,842 [INFO] PluginManage:359 - Loaded plugin userauth (category:base,tabindex:14)
2025-06-25 14:24:25,843 [INFO] PluginManage:283 - PluginManage : Loaded plugins [18]
2025-06-25 14:24:26,105 [INFO] PinOutPanel:1589 - setPackage(No Configuration,No Configuration)
2025-06-25 14:24:26,186 [INFO] CADModel:165 - CPN selected for project level
2025-06-25 14:24:26,186 [INFO] CADModel:114 - Register for checkConnection events
2025-06-25 14:24:26,200 [INFO] IPUIPlugin:80 - create IPUIPlugin
2025-06-25 14:24:26,200 [INFO] PluginManager:220 - loadIPPluginJar : add adc
2025-06-25 14:24:26,202 [INFO] IPUIPlugin:80 - create IPUIPlugin
2025-06-25 14:24:26,202 [INFO] PluginManager:220 - loadIPPluginJar : add aes
2025-06-25 14:24:26,203 [INFO] IPUIPlugin:80 - create IPUIPlugin
2025-06-25 14:24:26,203 [INFO] PluginManager:220 - loadIPPluginJar : add can
2025-06-25 14:24:26,204 [INFO] IPUIPlugin:80 - create IPUIPlugin
2025-06-25 14:24:26,204 [INFO] PluginManager:220 - loadIPPluginJar : add comp
2025-06-25 14:24:26,206 [INFO] IPUIPlugin:80 - create IPUIPlugin
2025-06-25 14:24:26,208 [INFO] PluginManager:220 - loadIPPluginJar : add cryp
2025-06-25 14:24:26,211 [INFO] IPUIPlugin:80 - create IPUIPlugin
2025-06-25 14:24:26,211 [INFO] PluginManager:220 - loadIPPluginJar : add ddr_ctrl_phy
2025-06-25 14:24:26,214 [INFO] IPUIPlugin:80 - create IPUIPlugin
2025-06-25 14:24:26,214 [INFO] PluginManager:220 - loadIPPluginJar : add dfsdm
2025-06-25 14:24:26,218 [INFO] IPUIPlugin:80 - create IPUIPlugin
2025-06-25 14:24:26,218 [INFO] PluginManager:220 - loadIPPluginJar : add dma
2025-06-25 14:24:26,220 [INFO] IPUIPlugin:80 - create IPUIPlugin
2025-06-25 14:24:26,220 [INFO] PluginManager:220 - loadIPPluginJar : add dma3
2025-06-25 14:24:26,223 [INFO] IPUIPlugin:80 - create IPUIPlugin
2025-06-25 14:24:26,223 [INFO] PluginManager:220 - loadIPPluginJar : add extmemmanager
2025-06-25 14:24:26,224 [INFO] IPUIPlugin:80 - create IPUIPlugin
2025-06-25 14:24:26,224 [INFO] PluginManager:220 - loadIPPluginJar : add fatfs
2025-06-25 14:24:26,227 [INFO] IPUIPlugin:80 - create IPUIPlugin
2025-06-25 14:24:26,227 [INFO] PluginManager:220 - loadIPPluginJar : add fmc
2025-06-25 14:24:26,232 [INFO] IPUIPlugin:80 - create IPUIPlugin
2025-06-25 14:24:26,233 [INFO] PluginManager:220 - loadIPPluginJar : add freertos
2025-06-25 14:24:26,233 [INFO] IPUIPlugin:80 - create IPUIPlugin
2025-06-25 14:24:26,233 [INFO] PluginManager:220 - loadIPPluginJar : add genericplugin
2025-06-25 14:24:26,234 [INFO] IPUIPlugin:80 - create IPUIPlugin
2025-06-25 14:24:26,234 [INFO] PluginManager:220 - loadIPPluginJar : add gfxmmu
2025-06-25 14:24:26,238 [INFO] IPUIPlugin:80 - create IPUIPlugin
2025-06-25 14:24:26,238 [INFO] PluginManager:220 - loadIPPluginJar : add gic
2025-06-25 14:24:26,241 [INFO] IPUIPlugin:80 - create IPUIPlugin
2025-06-25 14:24:26,241 [INFO] PluginManager:220 - loadIPPluginJar : add gpio
2025-06-25 14:24:26,243 [INFO] IPUIPlugin:80 - create IPUIPlugin
2025-06-25 14:24:26,243 [INFO] PluginManager:220 - loadIPPluginJar : add gtzc
2025-06-25 14:24:26,245 [INFO] IPUIPlugin:80 - create IPUIPlugin
2025-06-25 14:24:26,256 [INFO] PluginManager:220 - loadIPPluginJar : add hash
2025-06-25 14:24:26,258 [INFO] IPUIPlugin:80 - create IPUIPlugin
2025-06-25 14:24:26,258 [INFO] PluginManager:220 - loadIPPluginJar : add i2c
2025-06-25 14:24:26,260 [INFO] IPUIPlugin:80 - create IPUIPlugin
2025-06-25 14:24:26,261 [INFO] PluginManager:220 - loadIPPluginJar : add i2s
2025-06-25 14:24:26,264 [INFO] IPUIPlugin:80 - create IPUIPlugin
2025-06-25 14:24:26,265 [INFO] PluginManager:220 - loadIPPluginJar : add i3c
2025-06-25 14:24:26,268 [INFO] IPUIPlugin:80 - create IPUIPlugin
2025-06-25 14:24:26,268 [INFO] PluginManager:220 - loadIPPluginJar : add ipddr
2025-06-25 14:24:26,276 [INFO] IPUIPlugin:80 - create IPUIPlugin
2025-06-25 14:24:26,276 [INFO] PluginManager:220 - loadIPPluginJar : add linkedlist
2025-06-25 14:24:26,279 [INFO] IPUIPlugin:80 - create IPUIPlugin
2025-06-25 14:24:26,279 [INFO] PluginManager:220 - loadIPPluginJar : add lorawan
2025-06-25 14:24:26,281 [INFO] IPUIPlugin:80 - create IPUIPlugin
2025-06-25 14:24:26,281 [INFO] PluginManager:220 - loadIPPluginJar : add ltdc
2025-06-25 14:24:26,286 [INFO] IPUIPlugin:80 - create IPUIPlugin
2025-06-25 14:24:26,286 [INFO] PluginManager:220 - loadIPPluginJar : add mdma
2025-06-25 14:24:26,290 [INFO] IPUIPlugin:80 - create IPUIPlugin
2025-06-25 14:24:26,290 [INFO] PluginManager:220 - loadIPPluginJar : add nvic
2025-06-25 14:24:26,292 [INFO] IPUIPlugin:80 - create IPUIPlugin
2025-06-25 14:24:26,292 [INFO] PluginManager:220 - loadIPPluginJar : add opamp
2025-06-25 14:24:26,294 [INFO] IPUIPlugin:80 - create IPUIPlugin
2025-06-25 14:24:26,295 [INFO] PluginManager:220 - loadIPPluginJar : add openamp
2025-06-25 14:24:26,297 [INFO] IPUIPlugin:80 - create IPUIPlugin
2025-06-25 14:24:26,297 [INFO] PluginManager:220 - loadIPPluginJar : add pdm2pcm
2025-06-25 14:24:26,302 [INFO] IPUIPlugin:80 - create IPUIPlugin
2025-06-25 14:24:26,306 [INFO] PluginManager:220 - loadIPPluginJar : add plateformsettings
2025-06-25 14:24:26,307 [INFO] IPUIPlugin:80 - create IPUIPlugin
2025-06-25 14:24:26,308 [INFO] PluginManager:220 - loadIPPluginJar : add quadspi
2025-06-25 14:24:26,309 [INFO] IPUIPlugin:80 - create IPUIPlugin
2025-06-25 14:24:26,309 [INFO] PluginManager:220 - loadIPPluginJar : add radio
2025-06-25 14:24:26,312 [INFO] IPUIPlugin:80 - create IPUIPlugin
2025-06-25 14:24:26,312 [INFO] PluginManager:220 - loadIPPluginJar : add resmgrutility
2025-06-25 14:24:26,314 [INFO] IPUIPlugin:80 - create IPUIPlugin
2025-06-25 14:24:26,314 [INFO] PluginManager:220 - loadIPPluginJar : add sai
2025-06-25 14:24:26,315 [INFO] IPUIPlugin:80 - create IPUIPlugin
2025-06-25 14:24:26,315 [INFO] PluginManager:220 - loadIPPluginJar : add spi
2025-06-25 14:24:26,319 [INFO] IPUIPlugin:80 - create IPUIPlugin
2025-06-25 14:24:26,319 [INFO] PluginManager:220 - loadIPPluginJar : add stm32_wpan
2025-06-25 14:24:26,321 [INFO] IPUIPlugin:80 - create IPUIPlugin
2025-06-25 14:24:26,321 [INFO] PluginManager:220 - loadIPPluginJar : add tim
2025-06-25 14:24:26,323 [INFO] IPUIPlugin:80 - create IPUIPlugin
2025-06-25 14:24:26,323 [INFO] PluginManager:220 - loadIPPluginJar : add touchsensing
2025-06-25 14:24:26,324 [INFO] IPUIPlugin:80 - create IPUIPlugin
2025-06-25 14:24:26,324 [INFO] PluginManager:220 - loadIPPluginJar : add tracer_emb
2025-06-25 14:24:26,326 [INFO] IPUIPlugin:80 - create IPUIPlugin
2025-06-25 14:24:26,326 [INFO] PluginManager:220 - loadIPPluginJar : add ts
2025-06-25 14:24:26,327 [INFO] IPUIPlugin:80 - create IPUIPlugin
2025-06-25 14:24:26,327 [INFO] PluginManager:220 - loadIPPluginJar : add tsc
2025-06-25 14:24:26,328 [INFO] IPUIPlugin:80 - create IPUIPlugin
2025-06-25 14:24:26,329 [INFO] PluginManager:220 - loadIPPluginJar : add ucpd
2025-06-25 14:24:26,332 [INFO] IPUIPlugin:80 - create IPUIPlugin
2025-06-25 14:24:26,332 [INFO] PluginManager:220 - loadIPPluginJar : add usart
2025-06-25 14:24:26,334 [INFO] IPUIPlugin:80 - create IPUIPlugin
2025-06-25 14:24:26,334 [INFO] PluginManager:220 - loadIPPluginJar : add usbx
2025-06-25 14:24:26,471 [FATAL] Updater:351 - Updater called before beeing initialized
2025-06-25 14:24:26,495 [INFO] RulesReader:64 - Compatibility file has been processed (302 Rules)
2025-06-25 14:24:26,505 [INFO] RulesReader:64 - Compatibility file has been processed (302 Rules)
2025-06-25 14:24:26,540 [INFO] CADModel:165 - CPN selected for project level
2025-06-25 14:24:26,540 [INFO] CADModel:114 - Register for checkConnection events
2025-06-25 14:24:26,541 [FATAL] Updater:351 - Updater called before beeing initialized
2025-06-25 14:24:26,541 [ERROR] CADModel:125 - Updater not yet initialized, retry later 
2025-06-25 14:24:26,703 [FATAL] Updater:351 - Updater called before beeing initialized
2025-06-25 14:24:26,704 [INFO] CADModel:165 - CPN selected for project level
2025-06-25 14:24:26,706 [INFO] CADModel:114 - Register for checkConnection events
2025-06-25 14:24:26,706 [FATAL] Updater:351 - Updater called before beeing initialized
2025-06-25 14:24:26,706 [ERROR] CADModel:125 - Updater not yet initialized, retry later 
2025-06-25 14:24:26,711 [FATAL] Updater:351 - Updater called before beeing initialized
2025-06-25 14:24:26,841 [FATAL] Updater:351 - Updater called before beeing initialized
2025-06-25 14:24:26,845 [INFO] DbMcusAds:53 - JSON generation date=Wed May 07 17:07:55 CST 2025 (1746608875638)
2025-06-25 14:24:26,846 [FATAL] Updater:351 - Updater called before beeing initialized
2025-06-25 14:24:26,877 [WARN] DetailPanel:346 - Failed to get advertising image, set to default
2025-06-25 14:24:27,096 [FATAL] Updater:351 - Updater called before beeing initialized
2025-06-25 14:24:27,098 [FATAL] Updater:351 - Updater called before beeing initialized
2025-06-25 14:24:27,098 [FATAL] Updater:351 - Updater called before beeing initialized
2025-06-25 14:24:27,098 [WARN] DetailPanel:346 - Failed to get advertising image, set to default
2025-06-25 14:24:27,098 [FATAL] Updater:351 - Updater called before beeing initialized
2025-06-25 14:24:27,162 [ERROR] Updater:1198 - MainUpdater not yet initialized. External WinMGr cannot be set.
2025-06-25 14:24:27,164 [INFO] Updater:1134 - Updater Version found : 6.14.1
2025-06-25 14:24:27,179 [INFO] ApplicationProperties:184 - Using Application install path: D:\software\STM32CubeIDE_1.18.1\STM32CubeIDE\plugins\com.st.stm32cube.common.mx_6.14.1.202504091515
2025-06-25 14:24:28,572 [INFO] ThirdPartyUpdaterWithRetryManager:70 - Updater plugin not ready yet. [2/15]
2025-06-25 14:24:28,754 [ERROR] LogOutputStream:75 - [STDERR_REDIRECT] Jun 25, 2025 2:24:28 PM java.util.prefs.WindowsPreferences <init>
2025-06-25 14:24:28,754 [ERROR] LogOutputStream:75 - [STDERR_REDIRECT] WARNING: Could not open/create prefs root node Software\JavaSoft\Prefs at root 0xffffffff80000002. Windows RegCreateKeyEx(...) returned error code 5.
2025-06-25 14:24:28,754 [ERROR] LogOutputStream:75 - [STDERR_REDIRECT] 
2025-06-25 14:24:29,717 [INFO] MainUpdater:2872 - connection check result : 10
2025-06-25 14:24:29,718 [INFO] MainUpdater:289 - Updater Check For Update Now.
2025-06-25 14:24:29,719 [INFO] MicroXplorer:498 - Change Database Version : DB.6.0.141
2025-06-25 14:24:29,738 [INFO] McuFinderGlobals:63 - Set McuFinder mode to 2 (CubeIDE integrated)
2025-06-25 14:24:29,739 [INFO] UserAuth:171 - activating auth plugin
2025-06-25 14:24:29,745 [INFO] UserAuth:484 - Internet connection configuration mode: 1
2025-06-25 14:24:29,766 [INFO] JxBrowserEngine:152 - Initiate JxBrowser Engine with user profile folder
2025-06-25 14:24:29,958 [INFO] CheckServerUpdateThread:120 - End of CheckServer Thread
2025-06-25 14:24:31,217 [INFO] WebApp:169 - Instantiating new browser for Auth
2025-06-25 14:24:32,092 [WARN] PackLoader:240 - Cannot read IP mode file for STMicroelectronics.FP-SNS-MOTENVWB1.1.4.0
2025-06-25 14:24:32,144 [WARN] PackLoader:240 - Cannot read IP mode file for STMicroelectronics.X-CUBE-SMBUS.2.1.0
2025-06-25 14:24:32,152 [WARN] PackLoader:240 - Cannot read IP mode file for STMicroelectronics.X-CUBE-ST60.1.0.0
2025-06-25 14:24:32,193 [WARN] PackLoader:240 - Cannot read IP mode file for STMicroelectronics.X-CUBE-AZRTOS-F7.1.1.0
2025-06-25 14:24:32,233 [WARN] PackLoader:240 - Cannot read IP mode file for Infineon.AIROC-Wi-Fi-Bluetooth-STM32.1.7.0
2025-06-25 14:24:32,253 [WARN] PackLoader:240 - Cannot read IP mode file for STMicroelectronics.X-CUBE-DISPLAY.3.0.0
2025-06-25 14:24:32,270 [WARN] PackLoader:240 - Cannot read IP mode file for STMicroelectronics.X-CUBE-NFC10.1.0.0
2025-06-25 14:24:32,287 [WARN] PackLoader:240 - Cannot read IP mode file for STMicroelectronics.X-CUBE-BLEMGR.4.0.0
2025-06-25 14:24:32,295 [WARN] PackLoader:240 - Cannot read IP mode file for emotas.I-CUBE-CANOPEN.1.3.0
2025-06-25 14:24:32,300 [WARN] ConditionMgr:438 - getConditionDescription Invalid condition id : Cortex-A Device cause : null
2025-06-25 14:24:32,312 [WARN] ConditionMgr:1044 - genDependencies : Invalid condition id : Cortex-A Device cause : null
2025-06-25 14:24:32,313 [WARN] ConditionMgr:1044 - genDependencies : Invalid condition id : Cortex-A Device cause : null
2025-06-25 14:24:32,313 [WARN] ConditionMgr:1044 - genDependencies : Invalid condition id : Cortex-A Device cause : null
2025-06-25 14:24:32,319 [WARN] PackLoader:240 - Cannot read IP mode file for STMicroelectronics.FP-SNS-SMARTAG2.1.2.0
2025-06-25 14:24:32,334 [INFO] LogOutputStream:77 - [STDOUT_REDIRECT] 1 : Invalid condition id : UX_CORESTACK_Condition cause : null
2025-06-25 14:24:32,339 [INFO] LogOutputStream:77 - [STDOUT_REDIRECT] 1 : Invalid condition id : UX_CORESTACK_Condition cause : null
2025-06-25 14:24:32,342 [INFO] LogOutputStream:77 - [STDOUT_REDIRECT] 1 : Invalid condition id : UX_CORESTACK_Condition cause : null
2025-06-25 14:24:32,343 [INFO] LogOutputStream:77 - [STDOUT_REDIRECT] 1 : Invalid condition id : UX_CORESTACK_Condition cause : null
2025-06-25 14:24:32,345 [INFO] LogOutputStream:77 - [STDOUT_REDIRECT] 1 : Invalid condition id : UX_CORESTACK_Condition cause : null
2025-06-25 14:24:32,350 [WARN] PackLoader:240 - Cannot read IP mode file for STMicroelectronics.X-CUBE-AZRTOS-WL.2.0.0
2025-06-25 14:24:32,406 [WARN] PackLoader:240 - Cannot read IP mode file for STMicroelectronics.FP-SNS-MOTENV1.5.0.0
2025-06-25 14:24:32,418 [WARN] PackLoader:240 - Cannot read IP mode file for STMicroelectronics.X-CUBE-BLE2.3.3.0
2025-06-25 14:24:32,464 [WARN] PackLoader:240 - Cannot read IP mode file for STMicroelectronics.X-CUBE-NFC9.1.0.0
2025-06-25 14:24:32,481 [WARN] PackLoader:240 - Cannot read IP mode file for wolfSSL.I-CUBE-wolfSSL.5.8.0
2025-06-25 14:24:32,492 [WARN] PackLoader:240 - Cannot read IP mode file for wolfSSL.I-CUBE-wolfMQTT.1.19.2
2025-06-25 14:24:32,531 [WARN] PackLoader:240 - Cannot read IP mode file for STMicroelectronics.X-CUBE-AZRTOS-G0.1.1.0
2025-06-25 14:24:32,574 [WARN] PackLoader:240 - Cannot read IP mode file for STMicroelectronics.X-CUBE-SAFEA1.1.2.2
2025-06-25 14:24:32,583 [WARN] PackLoader:240 - Cannot read IP mode file for STMicroelectronics.X-CUBE-NFC4.3.0.0
2025-06-25 14:24:32,595 [WARN] PackLoader:240 - Cannot read IP mode file for EmbeddedOffice.I-CUBE-FS-RTOS.1.0.1
2025-06-25 14:24:32,605 [WARN] PackLoader:240 - Cannot read IP mode file for STMicroelectronics.X-CUBE-WB05N.2.0.0
2025-06-25 14:24:32,611 [WARN] PackLoader:240 - Cannot read IP mode file for wolfSSL.I-CUBE-wolfTPM.3.8.0
2025-06-25 14:24:32,616 [WARN] PackLoader:240 - Cannot read IP mode file for STMicroelectronics.X-CUBE-TCPP.4.2.0
2025-06-25 14:24:32,627 [WARN] PackLoader:240 - Cannot read IP mode file for RealThread.X-CUBE-RT-Thread_Nano.4.1.1
2025-06-25 14:24:32,638 [WARN] PackLoader:240 - Cannot read IP mode file for STMicroelectronics.FP-ATR-SIGFOX1.3.2.0
2025-06-25 14:24:32,658 [WARN] PackLoader:240 - Cannot read IP mode file for STMicroelectronics.X-CUBE-EEPRMA1.5.1.0
2025-06-25 14:24:32,670 [WARN] PackLoader:240 - Cannot read IP mode file for ITTIA_DB.I-CUBE-ITTIADB.8.9.0
2025-06-25 14:24:32,679 [WARN] PackLoader:240 - Cannot read IP mode file for STMicroelectronics.X-CUBE-ST67W61.1.0.0
2025-06-25 14:24:32,735 [WARN] PackLoader:240 - Cannot read IP mode file for SEGGER.I-CUBE-embOS.1.3.1
2025-06-25 14:24:32,824 [WARN] PackLoader:240 - Cannot read IP mode file for STMicroelectronics.X-CUBE-ALGOBUILD.1.4.0
2025-06-25 14:24:32,831 [WARN] PackLoader:240 - Cannot read IP mode file for STMicroelectronics.X-CUBE-PM33A1.1.0.0
2025-06-25 14:24:32,850 [WARN] PackLoader:240 - Cannot read IP mode file for STMicroelectronics.X-CUBE-AZRTOS-F4.1.1.0
2025-06-25 14:24:32,912 [WARN] PackLoader:240 - Cannot read IP mode file for Avnet-IotConnect.X-CUBE-IoTC-DA16k-PMOD.1.0.0
2025-06-25 14:24:32,920 [WARN] PackLoader:240 - Cannot read IP mode file for STMicroelectronics.X-CUBE-ISPU.2.1.0
2025-06-25 14:24:32,947 [WARN] PackLoader:240 - Cannot read IP mode file for STMicroelectronics.X-CUBE-AZRTOS-L5.2.0.0
2025-06-25 14:24:32,959 [WARN] PackLoader:240 - Cannot read IP mode file for STMicroelectronics.X-CUBE-NFC6.3.1.0
2025-06-25 14:24:32,968 [WARN] PackLoader:240 - Cannot read IP mode file for STMicroelectronics.FP-SNS-STAIOTCFT.1.0.0
2025-06-25 14:24:33,032 [WARN] ConditionMgr:438 - getConditionDescription Invalid condition id : LAN8742 Phy interface Condition cause : null
2025-06-25 14:24:33,035 [WARN] PackLoader:240 - Cannot read IP mode file for STMicroelectronics.X-CUBE-AZRTOS-L4.2.0.0
2025-06-25 14:24:33,038 [WARN] ConditionMgr:1044 - genDependencies : Invalid condition id : LAN8742 Phy interface Condition cause : null
2025-06-25 14:24:33,038 [WARN] ConditionMgr:1044 - genDependencies : Invalid condition id : LAN8742 Phy interface Condition cause : null
2025-06-25 14:24:33,039 [WARN] ConditionMgr:1044 - genDependencies : Invalid condition id : LAN8742 Phy interface Condition cause : null
2025-06-25 14:24:33,075 [WARN] PackLoader:240 - Cannot read IP mode file for STMicroelectronics.X-CUBE-SFXS2LP1.4.0.0
2025-06-25 14:24:33,110 [WARN] PackLoader:240 - Cannot read IP mode file for STMicroelectronics.X-CUBE-AZRTOS-H7.3.3.0
2025-06-25 14:24:33,131 [WARN] ConditionMgr:438 - getConditionDescription Invalid condition id : UX DEVICE CLASS RTOS Condition cause : null
2025-06-25 14:24:33,131 [WARN] ConditionMgr:438 - getConditionDescription Invalid condition id : UX DEVICE CLASS RTOS Condition cause : null
2025-06-25 14:24:33,134 [WARN] PackLoader:240 - Cannot read IP mode file for STMicroelectronics.X-CUBE-AZRTOS-WB.2.0.0
2025-06-25 14:24:33,135 [WARN] ConditionMgr:1044 - genDependencies : Invalid condition id : UX DEVICE CLASS RTOS Condition cause : null
2025-06-25 14:24:33,135 [WARN] ConditionMgr:1044 - genDependencies : Invalid condition id : UX DEVICE CLASS RTOS Condition cause : null
2025-06-25 14:24:33,135 [WARN] ConditionMgr:1044 - genDependencies : Invalid condition id : UX DEVICE CLASS RTOS Condition cause : null
2025-06-25 14:24:33,136 [WARN] ConditionMgr:1044 - genDependencies : Invalid condition id : UX DEVICE CLASS RTOS Condition cause : null
2025-06-25 14:24:33,136 [WARN] ConditionMgr:1044 - genDependencies : Invalid condition id : UX DEVICE CLASS RTOS Condition cause : null
2025-06-25 14:24:33,184 [WARN] PackLoader:240 - Cannot read IP mode file for STMicroelectronics.X-CUBE-GNSS1.7.0.1
2025-06-25 14:24:33,190 [WARN] PackLoader:240 - Cannot read IP mode file for STMicroelectronics.X-CUBE-TOUCHGFX.4.25.0
2025-06-25 14:24:33,199 [WARN] PackLoader:240 - Cannot read IP mode file for STMicroelectronics.FP-SNS-STBOX1.2.0.0
2025-06-25 14:24:33,215 [WARN] PackLoader:240 - Cannot read IP mode file for STMicroelectronics.X-CUBE-SUBG2.5.0.0
2025-06-25 14:24:33,251 [WARN] PackLoader:240 - Cannot read IP mode file for STMicroelectronics.X-CUBE-AZRTOS-H7RS.1.1.0
2025-06-25 14:24:33,256 [INFO] WebApp:463 - Apply proxy settings
2025-06-25 14:24:33,256 [INFO] WebApp:548 - Chromium requires no authentication
2025-06-25 14:24:33,304 [WARN] PackLoader:240 - Cannot read IP mode file for Cesanta.I-CUBE-Mongoose.7.13.0
2025-06-25 14:24:33,314 [INFO] WebApp:491 - Direct internet connection detected
2025-06-25 14:24:33,344 [WARN] PackLoader:240 - Cannot read IP mode file for STMicroelectronics.X-CUBE-AZRTOS-G4.2.0.0
2025-06-25 14:24:33,356 [WARN] PackLoader:240 - Cannot read IP mode file for wolfSSL.I-CUBE-wolfSSH.1.4.20
2025-06-25 14:24:33,361 [WARN] PackLoader:240 - Cannot read IP mode file for STMicroelectronics.X-CUBE-NFC7.2.0.0
2025-06-25 14:24:33,378 [INFO] WebApp:894 - Register for checkConnection events
2025-06-25 14:24:33,378 [INFO] WebApp:463 - Apply proxy settings
2025-06-25 14:24:33,379 [INFO] WebApp:548 - Chromium requires no authentication
2025-06-25 14:24:33,379 [INFO] WebApp:491 - Direct internet connection detected
2025-06-25 14:24:33,400 [WARN] PackLoader:240 - Cannot read IP mode file for STMicroelectronics.X-CUBE-IPS.3.1.0
2025-06-25 14:24:33,414 [WARN] PackLoader:240 - Cannot read IP mode file for STMicroelectronics.X-CUBE-ALS.1.0.2
2025-06-25 14:24:33,421 [WARN] PackLoader:240 - Cannot read IP mode file for portGmbH.I-Cube-SoM-uGOAL.1.1.0
2025-06-25 14:24:33,433 [WARN] PackLoader:240 - Cannot read IP mode file for STMicroelectronics.X-CUBE-TOF1.3.4.3
2025-06-25 14:24:33,448 [INFO] ThirdParty:978 - Integrity check success = true
2025-06-25 14:24:33,449 [INFO] IntegrityCheckThread:100 - exiting critical section [integrity check]
2025-06-25 14:24:33,449 [INFO] IntegrityCheckThread:103 - End integrity checks thread
2025-06-25 14:24:33,674 [INFO] WebApp:225 - Starting web application
2025-06-25 14:24:33,674 [INFO] WebApp:593 - Web application path used D:\software\STM32CubeIDE_1.18.1\STM32CubeIDE\plugins\com.st.stm32cube.common.mx_6.14.1.202504091515\db\plugins\mcufinder\reactClient1\index.html
2025-06-25 14:24:34,194 [INFO] WebApp:191 - Connection restablished
2025-06-25 17:08:13,228 [ERROR] ConfigurationRetriever:142 - IOException on connection: Connect timed out
2025-06-25 17:08:16,741 [ERROR] LogOutputStream:75 - [STDERR_REDIRECT] 
